==================================================================
  Processing data set MEGF10_downregulated_GENE_cis_elements_distal
==================================================================
1.  filtering elements, time 0h0m0s
    sites in original bed file: 8250
               autosomal sites: 8250
               after filtering: 5938
2.  generating polymorphism summary for all sites, time 0h0m11s
3.  retrieving ancestral priors for all sites, time 0h0m12s
Fri May  8 23:33:44 EDT 2015
Fri May  8 23:33:44 EDT 2015
    prior probabilities for 'A'... .
Fri May  8 23:33:48 EDT 2015
    prior probabilities for 'C'... .
Fri May  8 23:33:53 EDT 2015
    prior probabilities for 'G'... .
Fri May  8 23:33:58 EDT 2015
    prior probabilities for 'T'... .
Fri May  8 23:34:02 EDT 2015
Fri May  8 23:34:02 EDT 2015
4.  combining polymorphism summary with ancestral priors, time 0h0m30s
5.  filtering sites with no variation or ancestral data, time 0h0m30s
    total number of sites:    5938
    sites with sequence data: 5482
6.  retrieving lambdas and thetas from appropriate genomic blocks, time 0h0m30s
    found 33 total blocks with lambda values.
    found 33 blocks with at least 100 sites with information on lamda.
    found 33 total blocks with theta values.
    found 33 blocks with at least 100 sites with information on theta.
    obtaining intersection bed file
    filtering sites that do not appear in blocks with sufficient information
    number of sites decreased from 5482 to 5482
    combining block information for theta and lambda with site information
7.  computing set of filtered neutral sites in blocks, time 0h0m31s
8.  flanking sites: retrieving polymorphic sites, time 0h0m37s
9. flanking sites: retrieving ancestral priors, time 0h0m37s
Fri May  8 23:34:09 EDT 2015
Fri May  8 23:34:09 EDT 2015
    prior probabilities for 'A'... .
Fri May  8 23:34:10 EDT 2015
    prior probabilities for 'C'... .
Fri May  8 23:34:10 EDT 2015
    prior probabilities for 'G'... .
Fri May  8 23:34:10 EDT 2015
    prior probabilities for 'T'... .
Fri May  8 23:34:10 EDT 2015
Fri May  8 23:34:10 EDT 2015
10. flanking sites: combining ancestral priors and observed alleles, time 0h0m38s
11. flanking sites: combining site and block info, time 0h0m38s
12. tarring intermediate site summaries, time 0h0m38s
tar: Removing leading `/' from member names
Done with 5482 sites after filtering, and 412 polymorphic flanking neutral sites. time 0h0m38s
