==================================================================
  Processing data set PSD2_downregulated_GENE_cis_elements_distal
==================================================================
1.  filtering elements, time 0h0m0s
    sites in original bed file: 3450
               autosomal sites: 3450
               after filtering: 3237
2.  generating polymorphism summary for all sites, time 0h0m10s
3.  retrieving ancestral priors for all sites, time 0h0m15s
Fri May  8 23:39:45 EDT 2015
Fri May  8 23:39:45 EDT 2015
    prior probabilities for 'A'... .
Fri May  8 23:39:49 EDT 2015
    prior probabilities for 'C'... .
Fri May  8 23:39:53 EDT 2015
    prior probabilities for 'G'... .
Fri May  8 23:39:58 EDT 2015
    prior probabilities for 'T'... .
Fri May  8 23:40:02 EDT 2015
Fri May  8 23:40:02 EDT 2015
4.  combining polymorphism summary with ancestral priors, time 0h0m32s
5.  filtering sites with no variation or ancestral data, time 0h0m32s
    total number of sites:    3237
    sites with sequence data: 2727
6.  retrieving lambdas and thetas from appropriate genomic blocks, time 0h0m32s
    found 16 total blocks with lambda values.
    found 16 blocks with at least 100 sites with information on lamda.
    found 16 total blocks with theta values.
    found 16 blocks with at least 100 sites with information on theta.
    obtaining intersection bed file
    filtering sites that do not appear in blocks with sufficient information
    number of sites decreased from 2727 to 2727
    combining block information for theta and lambda with site information
7.  computing set of filtered neutral sites in blocks, time 0h0m34s
8.  flanking sites: retrieving polymorphic sites, time 0h0m39s
9. flanking sites: retrieving ancestral priors, time 0h0m39s
Fri May  8 23:40:09 EDT 2015
Fri May  8 23:40:09 EDT 2015
    prior probabilities for 'A'... .
Fri May  8 23:40:09 EDT 2015
    prior probabilities for 'C'... .
Fri May  8 23:40:09 EDT 2015
    prior probabilities for 'G'... .
Fri May  8 23:40:09 EDT 2015
    prior probabilities for 'T'... .
Fri May  8 23:40:09 EDT 2015
Fri May  8 23:40:09 EDT 2015
10. flanking sites: combining ancestral priors and observed alleles, time 0h0m39s
11. flanking sites: combining site and block info, time 0h0m39s
12. tarring intermediate site summaries, time 0h0m40s
tar: Removing leading `/' from member names
Done with 2727 sites after filtering, and 72 polymorphic flanking neutral sites. time 0h0m40s
