==================================================================
  Processing data set FAM169A_downregulated_GENE_cis_elements_distal
==================================================================
1.  filtering elements, time 0h0m0s
    sites in original bed file: 14400
               autosomal sites: 14400
               after filtering: 10877
2.  generating polymorphism summary for all sites, time 0h0m9s
3.  retrieving ancestral priors for all sites, time 0h0m9s
Fri May  8 23:17:51 EDT 2015
Fri May  8 23:17:51 EDT 2015
    prior probabilities for 'A'... .
Fri May  8 23:17:56 EDT 2015
    prior probabilities for 'C'... .
Fri May  8 23:18:00 EDT 2015
    prior probabilities for 'G'... .
Fri May  8 23:18:04 EDT 2015
    prior probabilities for 'T'... .
Fri May  8 23:18:09 EDT 2015
Fri May  8 23:18:09 EDT 2015
4.  combining polymorphism summary with ancestral priors, time 0h0m27s
5.  filtering sites with no variation or ancestral data, time 0h0m27s
    total number of sites:    10877
    sites with sequence data: 10004
6.  retrieving lambdas and thetas from appropriate genomic blocks, time 0h0m27s
    found 52 total blocks with lambda values.
    found 52 blocks with at least 100 sites with information on lamda.
    found 52 total blocks with theta values.
    found 52 blocks with at least 100 sites with information on theta.
    obtaining intersection bed file
    filtering sites that do not appear in blocks with sufficient information
    number of sites decreased from 10004 to 10004
    combining block information for theta and lambda with site information
7.  computing set of filtered neutral sites in blocks, time 0h0m28s
8.  flanking sites: retrieving polymorphic sites, time 0h0m34s
9. flanking sites: retrieving ancestral priors, time 0h0m35s
Fri May  8 23:18:17 EDT 2015
Fri May  8 23:18:17 EDT 2015
    prior probabilities for 'A'... .
Fri May  8 23:18:17 EDT 2015
    prior probabilities for 'C'... .
Fri May  8 23:18:17 EDT 2015
    prior probabilities for 'G'... .
Fri May  8 23:18:17 EDT 2015
    prior probabilities for 'T'... .
Fri May  8 23:18:17 EDT 2015
Fri May  8 23:18:17 EDT 2015
10. flanking sites: combining ancestral priors and observed alleles, time 0h0m35s
11. flanking sites: combining site and block info, time 0h0m35s
12. tarring intermediate site summaries, time 0h0m35s
tar: Removing leading `/' from member names
Done with 10004 sites after filtering, and 602 polymorphic flanking neutral sites. time 0h0m35s
