==================================================================
  Processing data set MEGF10_downregulated_GENE_cis_elements
==================================================================
1.  filtering elements, time 0h0m0s
    sites in original bed file: 600
               autosomal sites: 600
               after filtering: 564
2.  generating polymorphism summary for all sites, time 0h0m10s
3.  retrieving ancestral priors for all sites, time 0h0m11s
Fri May  8 22:07:29 EDT 2015
Fri May  8 22:07:29 EDT 2015
    prior probabilities for 'A'... .
Fri May  8 22:07:29 EDT 2015
    prior probabilities for 'C'... .
Fri May  8 22:07:29 EDT 2015
    prior probabilities for 'G'... .
Fri May  8 22:07:29 EDT 2015
    prior probabilities for 'T'... .
Fri May  8 22:07:29 EDT 2015
Fri May  8 22:07:29 EDT 2015
4.  combining polymorphism summary with ancestral priors, time 0h0m11s
5.  filtering sites with no variation or ancestral data, time 0h0m11s
    total number of sites:    564
    sites with sequence data: 451
6.  retrieving lambdas and thetas from appropriate genomic blocks, time 0h0m11s
    found 4 total blocks with lambda values.
    found 4 blocks with at least 100 sites with information on lamda.
    found 4 total blocks with theta values.
    found 4 blocks with at least 100 sites with information on theta.
    obtaining intersection bed file
    filtering sites that do not appear in blocks with sufficient information
    number of sites decreased from 451 to 451
    combining block information for theta and lambda with site information
7.  computing set of filtered neutral sites in blocks, time 0h0m12s
8.  flanking sites: retrieving polymorphic sites, time 0h0m18s
9. flanking sites: retrieving ancestral priors, time 0h0m18s
Fri May  8 22:07:36 EDT 2015
Fri May  8 22:07:36 EDT 2015
    prior probabilities for 'A'... .
Fri May  8 22:07:36 EDT 2015
    prior probabilities for 'C'... .
Fri May  8 22:07:36 EDT 2015
    prior probabilities for 'G'... .
Fri May  8 22:07:36 EDT 2015
    prior probabilities for 'T'... .
Fri May  8 22:07:36 EDT 2015
Fri May  8 22:07:36 EDT 2015
10. flanking sites: combining ancestral priors and observed alleles, time 0h0m18s
11. flanking sites: combining site and block info, time 0h0m18s
12. tarring intermediate site summaries, time 0h0m18s
tar: Removing leading `/' from member names
Done with 451 sites after filtering, and 23 polymorphic flanking neutral sites. time 0h0m18s
