==================================================================
  Processing data set CCDC28B_GENE_cis_elements_distal
==================================================================
1.  filtering elements, time 0h0m0s
    sites in original bed file: 15300
               autosomal sites: 15300
               after filtering: 11516
2.  generating polymorphism summary for all sites, time 0h0m0s
3.  retrieving ancestral priors for all sites, time 0h0m0s
Fri May  8 16:38:16 EDT 2015
Fri May  8 16:38:16 EDT 2015
    prior probabilities for 'A'... .
Fri May  8 16:38:25 EDT 2015
    prior probabilities for 'C'... .
Fri May  8 16:38:33 EDT 2015
    prior probabilities for 'G'... .
Fri May  8 16:38:41 EDT 2015
    prior probabilities for 'T'... .
Fri May  8 16:38:48 EDT 2015
Fri May  8 16:38:49 EDT 2015
4.  combining polymorphism summary with ancestral priors, time 0h0m33s
5.  filtering sites with no variation or ancestral data, time 0h0m33s
    total number of sites:    11516
    sites with sequence data: 10185
6.  retrieving lambdas and thetas from appropriate genomic blocks, time 0h0m33s
    found 50 total blocks with lambda values.
    found 50 blocks with at least 100 sites with information on lamda.
    found 50 total blocks with theta values.
    found 50 blocks with at least 100 sites with information on theta.
    obtaining intersection bed file
    filtering sites that do not appear in blocks with sufficient information
    number of sites decreased from 10185 to 10185
    combining block information for theta and lambda with site information
7.  computing set of filtered neutral sites in blocks, time 0h0m34s
8.  flanking sites: retrieving polymorphic sites, time 0h0m34s
9. flanking sites: retrieving ancestral priors, time 0h0m35s
Fri May  8 16:38:51 EDT 2015
Fri May  8 16:38:51 EDT 2015
    prior probabilities for 'A'... .
Fri May  8 16:38:51 EDT 2015
    prior probabilities for 'C'... .
Fri May  8 16:38:51 EDT 2015
    prior probabilities for 'G'... .
Fri May  8 16:38:51 EDT 2015
    prior probabilities for 'T'... .
Fri May  8 16:38:51 EDT 2015
Fri May  8 16:38:51 EDT 2015
10. flanking sites: combining ancestral priors and observed alleles, time 0h0m35s
11. flanking sites: combining site and block info, time 0h0m35s
12. tarring intermediate site summaries, time 0h0m35s
tar: Removing leading `/' from member names
Done with 10185 sites after filtering, and 193 polymorphic flanking neutral sites. time 0h0m35s
