==================================================================
  Processing data set PRPH2_GENE_cis_elements_distal
==================================================================
1.  filtering elements, time 0h0m0s
    sites in original bed file: 9300
               autosomal sites: 9300
               after filtering: 6956
2.  generating polymorphism summary for all sites, time 0h0m11s
3.  retrieving ancestral priors for all sites, time 0h0m11s
Fri May  8 17:12:38 EDT 2015
Fri May  8 17:12:38 EDT 2015
    prior probabilities for 'A'... .
Fri May  8 17:12:42 EDT 2015
    prior probabilities for 'C'... .
Fri May  8 17:12:46 EDT 2015
    prior probabilities for 'G'... .
Fri May  8 17:12:50 EDT 2015
    prior probabilities for 'T'... .
Fri May  8 17:12:55 EDT 2015
Fri May  8 17:12:55 EDT 2015
4.  combining polymorphism summary with ancestral priors, time 0h0m28s
5.  filtering sites with no variation or ancestral data, time 0h0m28s
    total number of sites:    6956
    sites with sequence data: 6145
6.  retrieving lambdas and thetas from appropriate genomic blocks, time 0h0m28s
    found 39 total blocks with lambda values.
    found 39 blocks with at least 100 sites with information on lamda.
    found 39 total blocks with theta values.
    found 39 blocks with at least 100 sites with information on theta.
    obtaining intersection bed file
    filtering sites that do not appear in blocks with sufficient information
    number of sites decreased from 6145 to 6145
    combining block information for theta and lambda with site information
7.  computing set of filtered neutral sites in blocks, time 0h0m29s
8.  flanking sites: retrieving polymorphic sites, time 0h0m36s
9. flanking sites: retrieving ancestral priors, time 0h0m36s
Fri May  8 17:13:03 EDT 2015
Fri May  8 17:13:03 EDT 2015
    prior probabilities for 'A'... .
Fri May  8 17:13:03 EDT 2015
    prior probabilities for 'C'... .
Fri May  8 17:13:03 EDT 2015
    prior probabilities for 'G'... .
Fri May  8 17:13:03 EDT 2015
    prior probabilities for 'T'... .
Fri May  8 17:13:03 EDT 2015
Fri May  8 17:13:03 EDT 2015
10. flanking sites: combining ancestral priors and observed alleles, time 0h0m36s
11. flanking sites: combining site and block info, time 0h0m36s
12. tarring intermediate site summaries, time 0h0m36s
tar: Removing leading `/' from member names
Done with 6145 sites after filtering, and 193 polymorphic flanking neutral sites. time 0h0m36s
