thres-15-beta	Commandline: ./INSIGHT-EM/bin/INSIGHT-EM-v1.2-beta -v -i 100000 -b emOutput/EYA4_GENE_cis_elements_distal.emInput.flankPoly.forBetas.ins.f15
thres-15-beta	----------------------------------------------------------------------------------------------
thres-15-beta	       INSIGHT-EM v1.2-beta, May 2014 
thres-15-beta	----------------------------------------------------------------------------------------------
thres-15-beta	==> Estimating the ratio beta1/(beta1+beta3) using neutral sites with low MAF.
thres-15-beta	----------------------------------------------------------------------------------------------
thres-15-beta	==> Processing site data file 'emOutput/EYA4_GENE_cis_elements_distal.emInput.flankPoly.forBetas.ins.f15' and lambda parameters
thres-15-beta	==> Performing EM on ratio beta1/(beta1+beta3) [ initial value = 0.5 ]
thres-15-beta	    - EM stops after 100000 iterations or when log-likelihood increase is below 1e-06
thres-15-beta	    - '.' = 100 iterations
thres-15-beta	----------------------------------------------------------------------------------------------
thres-15-beta	Progress: 
thres-15-beta	Done. Running time  0m00s.
thres-15-beta	
thres-15-beta	----------------------------------------------------------
thres-15-beta	           beta1 
thres-15-beta	Estimates: 0.960091 
thres-15-beta	----------------------------------------------------------------------------------------------
thres-15-beta	             iter     lnLd       diff       status
thres-15-beta	EM status:       6   -94.6733 1.41685e-07  converged
thres-15-beta	----------------------------------------------------------------------------------------------
thres-15-beta	Beta Line: beta 0.787071 0.180212 0.0327169
thres-15-main	Commandline: ./INSIGHT-EM/bin/INSIGHT-EM-v1.2-beta -v -i 1000000 -p emOutput/EYA4_GENE_cis_elements_distal.post.sites emOutput/EYA4_GENE_cis_elements_distal.emInput.ins.f15
thres-15-main	----------------------------------------------------------------------------------------------
thres-15-main	       INSIGHT-EM v1.2-beta, May 2014 
thres-15-main	----------------------------------------------------------------------------------------------
thres-15-main	==> Processing site data file 'emOutput/EYA4_GENE_cis_elements_distal.emInput.ins.f15' and extracting neutral model parameters
thres-15-main	==> Data file consists of 8339 sites in 46 genomic blocks.
thres-15-main	==> Performing EM on selection parameters
thres-15-main	    - EM stops after 1000000 iterations or when log-likelihood increase is below 1e-06
thres-15-main	    - '.' = 100 iterations
thres-15-main	    - estimating the following parameters: rho (init = 0.600000) eta (init = 1.000000) gamma (init = 0.500000).
thres-15-main	    - using complete version of the model integrating over assignments to the ancestral states Zi.
thres-15-main	----------------------------------------------------------------------------------------------
thres-15-main	Progress: .......... .......... .......... ..
thres-15-main	Done. Running time  0m01s.
thres-15-main	----------------------------------------------------------------------------------------------
thres-15-main	==> Posterior counts output to file emOutput/EYA4_GENE_cis_elements_distal.post.sites.
thres-15-main	----------------------------------------------------------------------------------------------
thres-15-main	             rho      eta    gamma       Dp       Pw    alpha      tau
thres-15-main	Estimates: 0.338879 0.000000 0.660844 0.000000 1.085458 0.000000 0.253027
thres-15-main	StndrdErr: 0.198608 0.685558 0.405773 0.902147 1.000010 0.351404 0.220529
thres-15-main	Posterior: 0.338873 -------- -------- 0.000000 1.085811 0.000000 0.244718
thres-15-main	----------------------------------------------------------------------------------------------
thres-15-main	             iter     lnLd       diff       status
thres-15-main	EM status:    3269   -546.168 9.98724e-07  converged
thres-15-main	----------------------------------------------------------------------------------------------
thres-15-rho0	Commandline: ./INSIGHT-EM/bin/INSIGHT-EM-v1.2-beta -v -i 1000000 -fr -r 0.0 emOutput/EYA4_GENE_cis_elements_distal.emInput.ins.f15
thres-15-rho0	----------------------------------------------------------------------------------------------
thres-15-rho0	       INSIGHT-EM v1.2-beta, May 2014 
thres-15-rho0	----------------------------------------------------------------------------------------------
thres-15-rho0	==> Processing site data file 'emOutput/EYA4_GENE_cis_elements_distal.emInput.ins.f15' and extracting neutral model parameters
thres-15-rho0	==> Data file consists of 8339 sites in 46 genomic blocks.
thres-15-rho0	==> Performing EM on selection parameters
thres-15-rho0	    - EM stops after 1000000 iterations or when log-likelihood increase is below 1e-06
thres-15-rho0	    - '.' = 100 iterations
thres-15-rho0	    - fixing the following parameters: rho = 0.000000.
thres-15-rho0	    - estimating the following parameters: eta (init = 1.000000) gamma (init = 0.500000).
thres-15-rho0	    - using complete version of the model integrating over assignments to the ancestral states Zi.
thres-15-rho0	----------------------------------------------------------------------------------------------
thres-15-rho0	Progress: 
thres-15-rho0	Done. Running time  0m00s.
thres-15-rho0	----------------------------------------------------------------------------------------------
thres-15-rho0	             rho      eta    gamma       Dp       Pw    alpha      tau
thres-15-rho0	Estimates: 0.000000 0.000000 0.000000 0.000000 0.000000 0.000000 0.000000
thres-15-rho0	StndrdErr: 0.000000    -nan    -nan    -nan    -nan -1.000000 -1.000000
thres-15-rho0	----------------------------------------------------------------------------------------------
thres-15-rho0	             iter     lnLd       diff       status
thres-15-rho0	EM status:       2   -548.704       0  converged
thres-15-rho0	----------------------------------------------------------------------------------------------
thres-15-eta0	Commandline: ./INSIGHT-EM/bin/INSIGHT-EM-v1.2-beta -v -i 1000000 -fe -e 0.0 emOutput/EYA4_GENE_cis_elements_distal.emInput.ins.f15
thres-15-eta0	----------------------------------------------------------------------------------------------
thres-15-eta0	       INSIGHT-EM v1.2-beta, May 2014 
thres-15-eta0	----------------------------------------------------------------------------------------------
thres-15-eta0	==> Processing site data file 'emOutput/EYA4_GENE_cis_elements_distal.emInput.ins.f15' and extracting neutral model parameters
thres-15-eta0	==> Data file consists of 8339 sites in 46 genomic blocks.
thres-15-eta0	==> Performing EM on selection parameters
thres-15-eta0	    - EM stops after 1000000 iterations or when log-likelihood increase is below 1e-06
thres-15-eta0	    - '.' = 100 iterations
thres-15-eta0	    - fixing the following parameters: eta = 0.000000.
thres-15-eta0	    - estimating the following parameters: rho (init = 0.600000) gamma (init = 0.500000).
thres-15-eta0	    - using complete version of the model integrating over assignments to the ancestral states Zi.
thres-15-eta0	----------------------------------------------------------------------------------------------
thres-15-eta0	Progress: .......... .......... ....
thres-15-eta0	Done. Running time  0m00s.
thres-15-eta0	----------------------------------------------------------------------------------------------
thres-15-eta0	             rho      eta    gamma       Dp       Pw    alpha      tau
thres-15-eta0	Estimates: 0.338878 0.000000 0.660844 0.000000 1.085454 0.000000 0.253026
thres-15-eta0	StndrdErr: 0.130896 0.000000 0.401958    -nan 0.824056 -1.000000 0.168820
thres-15-eta0	----------------------------------------------------------------------------------------------
thres-15-eta0	             iter     lnLd       diff       status
thres-15-eta0	EM status:    2473   -546.168 9.98201e-07  converged
thres-15-eta0	----------------------------------------------------------------------------------------------
thres-15-gam0	Commandline: ./INSIGHT-EM/bin/INSIGHT-EM-v1.2-beta -v -i 1000000 -fg -g 0.0 emOutput/EYA4_GENE_cis_elements_distal.emInput.ins.f15
thres-15-gam0	----------------------------------------------------------------------------------------------
thres-15-gam0	       INSIGHT-EM v1.2-beta, May 2014 
thres-15-gam0	----------------------------------------------------------------------------------------------
thres-15-gam0	==> Processing site data file 'emOutput/EYA4_GENE_cis_elements_distal.emInput.ins.f15' and extracting neutral model parameters
thres-15-gam0	==> Data file consists of 8339 sites in 46 genomic blocks.
thres-15-gam0	==> Performing EM on selection parameters
thres-15-gam0	    - EM stops after 1000000 iterations or when log-likelihood increase is below 1e-06
thres-15-gam0	    - '.' = 100 iterations
thres-15-gam0	    - fixing the following parameters: gamma = 0.000000.
thres-15-gam0	    - estimating the following parameters: rho (init = 0.600000) eta (init = 1.000000).
thres-15-gam0	    - using complete version of the model integrating over assignments to the ancestral states Zi.
thres-15-gam0	----------------------------------------------------------------------------------------------
thres-15-gam0	Progress: .......... .......... ...
thres-15-gam0	Done. Running time  0m00s.
thres-15-gam0	----------------------------------------------------------------------------------------------
thres-15-gam0	             rho      eta    gamma       Dp       Pw    alpha      tau
thres-15-gam0	Estimates: 0.210680 0.000000 0.000000 0.000000 0.000000 0.000000 0.000000
thres-15-gam0	StndrdErr: 0.105259 0.857886 0.000000 0.701846    -nan 0.228981 -1.000000
thres-15-gam0	----------------------------------------------------------------------------------------------
thres-15-gam0	             iter     lnLd       diff       status
thres-15-gam0	EM status:    2304   -547.038 9.96615e-07  converged
thres-15-gam0	----------------------------------------------------------------------------------------------
