==================================================================
  Processing data set GABRB1_downregulated_GENE_cis_elements_distal
==================================================================
1.  filtering elements, time 0h0m0s
    sites in original bed file: 4050
               autosomal sites: 4050
               after filtering: 3470
2.  generating polymorphism summary for all sites, time 0h0m9s
3.  retrieving ancestral priors for all sites, time 0h0m9s
Fri May  8 23:20:05 EDT 2015
Fri May  8 23:20:05 EDT 2015
    prior probabilities for 'A'... .
Fri May  8 23:20:09 EDT 2015
    prior probabilities for 'C'... .
Fri May  8 23:20:14 EDT 2015
    prior probabilities for 'G'... .
Fri May  8 23:20:19 EDT 2015
    prior probabilities for 'T'... .
Fri May  8 23:20:23 EDT 2015
Fri May  8 23:20:23 EDT 2015
4.  combining polymorphism summary with ancestral priors, time 0h0m27s
5.  filtering sites with no variation or ancestral data, time 0h0m27s
    total number of sites:    3470
    sites with sequence data: 3073
6.  retrieving lambdas and thetas from appropriate genomic blocks, time 0h0m27s
    found 16 total blocks with lambda values.
    found 16 blocks with at least 100 sites with information on lamda.
    found 16 total blocks with theta values.
    found 16 blocks with at least 100 sites with information on theta.
    obtaining intersection bed file
    filtering sites that do not appear in blocks with sufficient information
    number of sites decreased from 3073 to 3073
    combining block information for theta and lambda with site information
7.  computing set of filtered neutral sites in blocks, time 0h0m29s
8.  flanking sites: retrieving polymorphic sites, time 0h0m34s
9. flanking sites: retrieving ancestral priors, time 0h0m34s
Fri May  8 23:20:30 EDT 2015
Fri May  8 23:20:30 EDT 2015
    prior probabilities for 'A'... .
Fri May  8 23:20:30 EDT 2015
    prior probabilities for 'C'... .
Fri May  8 23:20:30 EDT 2015
    prior probabilities for 'G'... .
Fri May  8 23:20:30 EDT 2015
    prior probabilities for 'T'... .
Fri May  8 23:20:30 EDT 2015
Fri May  8 23:20:30 EDT 2015
10. flanking sites: combining ancestral priors and observed alleles, time 0h0m34s
11. flanking sites: combining site and block info, time 0h0m34s
12. tarring intermediate site summaries, time 0h0m34s
tar: Removing leading `/' from member names
Done with 3073 sites after filtering, and 164 polymorphic flanking neutral sites. time 0h0m34s
