==================================================================
  Processing data set SLC25A48_downregulated_GENE_cis_elements_distal
==================================================================
1.  filtering elements, time 0h0m0s
    sites in original bed file: 5550
               autosomal sites: 5550
               after filtering: 4976
2.  generating polymorphism summary for all sites, time 0h0m10s
3.  retrieving ancestral priors for all sites, time 0h0m10s
Fri May  8 23:52:22 EDT 2015
Fri May  8 23:52:22 EDT 2015
    prior probabilities for 'A'... .
Fri May  8 23:52:26 EDT 2015
    prior probabilities for 'C'... .
Fri May  8 23:52:31 EDT 2015
    prior probabilities for 'G'... .
Fri May  8 23:52:35 EDT 2015
    prior probabilities for 'T'... .
Fri May  8 23:52:39 EDT 2015
Fri May  8 23:52:39 EDT 2015
4.  combining polymorphism summary with ancestral priors, time 0h0m27s
5.  filtering sites with no variation or ancestral data, time 0h0m27s
    total number of sites:    4976
    sites with sequence data: 4389
6.  retrieving lambdas and thetas from appropriate genomic blocks, time 0h0m27s
    found 28 total blocks with lambda values.
    found 28 blocks with at least 100 sites with information on lamda.
    found 28 total blocks with theta values.
    found 28 blocks with at least 100 sites with information on theta.
    obtaining intersection bed file
    filtering sites that do not appear in blocks with sufficient information
    number of sites decreased from 4389 to 4389
    combining block information for theta and lambda with site information
7.  computing set of filtered neutral sites in blocks, time 0h0m29s
8.  flanking sites: retrieving polymorphic sites, time 0h0m34s
9. flanking sites: retrieving ancestral priors, time 0h0m34s
Fri May  8 23:52:46 EDT 2015
Fri May  8 23:52:46 EDT 2015
    prior probabilities for 'A'... .
Fri May  8 23:52:46 EDT 2015
    prior probabilities for 'C'... .
Fri May  8 23:52:47 EDT 2015
    prior probabilities for 'G'... .
Fri May  8 23:52:47 EDT 2015
    prior probabilities for 'T'... .
Fri May  8 23:52:47 EDT 2015
Fri May  8 23:52:47 EDT 2015
10. flanking sites: combining ancestral priors and observed alleles, time 0h0m35s
11. flanking sites: combining site and block info, time 0h0m35s
12. tarring intermediate site summaries, time 0h0m35s
tar: Removing leading `/' from member names
Done with 4389 sites after filtering, and 327 polymorphic flanking neutral sites. time 0h0m35s
