==================================================================
  Processing data set GRIN2B_upregulated_GENE_cis_elements_distal
==================================================================
1.  filtering elements, time 0h0m0s
    sites in original bed file: 6000
               autosomal sites: 6000
               after filtering: 5133
2.  generating polymorphism summary for all sites, time 0h0m3s
3.  retrieving ancestral priors for all sites, time 0h0m3s
Sat May  9 10:38:21 EDT 2015
Sat May  9 10:38:21 EDT 2015
    prior probabilities for 'A'... .
Sat May  9 10:38:28 EDT 2015
    prior probabilities for 'C'... .
Sat May  9 10:38:34 EDT 2015
    prior probabilities for 'G'... .
Sat May  9 10:38:39 EDT 2015
    prior probabilities for 'T'... .
Sat May  9 10:38:45 EDT 2015
Sat May  9 10:38:45 EDT 2015
4.  combining polymorphism summary with ancestral priors, time 0h0m27s
5.  filtering sites with no variation or ancestral data, time 0h0m27s
    total number of sites:    5133
    sites with sequence data: 4752
6.  retrieving lambdas and thetas from appropriate genomic blocks, time 0h0m27s
    found 30 total blocks with lambda values.
    found 30 blocks with at least 100 sites with information on lamda.
    found 30 total blocks with theta values.
    found 30 blocks with at least 100 sites with information on theta.
    obtaining intersection bed file
    filtering sites that do not appear in blocks with sufficient information
    number of sites decreased from 4752 to 4752
    combining block information for theta and lambda with site information
7.  computing set of filtered neutral sites in blocks, time 0h0m29s
8.  flanking sites: retrieving polymorphic sites, time 0h0m30s
9. flanking sites: retrieving ancestral priors, time 0h0m31s
Sat May  9 10:38:49 EDT 2015
Sat May  9 10:38:49 EDT 2015
    prior probabilities for 'A'... .
Sat May  9 10:38:49 EDT 2015
    prior probabilities for 'C'... .
Sat May  9 10:38:49 EDT 2015
    prior probabilities for 'G'... .
Sat May  9 10:38:49 EDT 2015
    prior probabilities for 'T'... .
Sat May  9 10:38:49 EDT 2015
Sat May  9 10:38:49 EDT 2015
10. flanking sites: combining ancestral priors and observed alleles, time 0h0m31s
11. flanking sites: combining site and block info, time 0h0m31s
12. tarring intermediate site summaries, time 0h0m31s
tar: Removing leading `/' from member names
Done with 4752 sites after filtering, and 462 polymorphic flanking neutral sites. time 0h0m31s
