==================================================================
  Processing data set NR2E1_downregulated_GENE_cis_elements_distal
==================================================================
1.  filtering elements, time 0h0m0s
    sites in original bed file: 6750
               autosomal sites: 6750
               after filtering: 5175
2.  generating polymorphism summary for all sites, time 0h0m11s
3.  retrieving ancestral priors for all sites, time 0h0m12s
Fri May  8 23:37:17 EDT 2015
Fri May  8 23:37:17 EDT 2015
    prior probabilities for 'A'... .
Fri May  8 23:37:21 EDT 2015
    prior probabilities for 'C'... .
Fri May  8 23:37:25 EDT 2015
    prior probabilities for 'G'... .
Fri May  8 23:37:29 EDT 2015
    prior probabilities for 'T'... .
Fri May  8 23:37:34 EDT 2015
Fri May  8 23:37:34 EDT 2015
4.  combining polymorphism summary with ancestral priors, time 0h0m29s
5.  filtering sites with no variation or ancestral data, time 0h0m29s
    total number of sites:    5175
    sites with sequence data: 4605
6.  retrieving lambdas and thetas from appropriate genomic blocks, time 0h0m29s
    found 26 total blocks with lambda values.
    found 26 blocks with at least 100 sites with information on lamda.
    found 26 total blocks with theta values.
    found 26 blocks with at least 100 sites with information on theta.
    obtaining intersection bed file
    filtering sites that do not appear in blocks with sufficient information
    number of sites decreased from 4605 to 4605
    combining block information for theta and lambda with site information
7.  computing set of filtered neutral sites in blocks, time 0h0m31s
8.  flanking sites: retrieving polymorphic sites, time 0h0m37s
9. flanking sites: retrieving ancestral priors, time 0h0m37s
Fri May  8 23:37:42 EDT 2015
Fri May  8 23:37:42 EDT 2015
    prior probabilities for 'A'... .
Fri May  8 23:37:42 EDT 2015
    prior probabilities for 'C'... .
Fri May  8 23:37:42 EDT 2015
    prior probabilities for 'G'... .
Fri May  8 23:37:42 EDT 2015
    prior probabilities for 'T'... .
Fri May  8 23:37:42 EDT 2015
Fri May  8 23:37:42 EDT 2015
10. flanking sites: combining ancestral priors and observed alleles, time 0h0m37s
11. flanking sites: combining site and block info, time 0h0m37s
12. tarring intermediate site summaries, time 0h0m37s
tar: Removing leading `/' from member names
Done with 4605 sites after filtering, and 203 polymorphic flanking neutral sites. time 0h0m37s
