==================================================================
  Processing data set AQP4_downregulated_GENE_cis_elements_distal
==================================================================
1.  filtering elements, time 0h0m0s
    sites in original bed file: 3750
               autosomal sites: 3750
               after filtering: 2493
2.  generating polymorphism summary for all sites, time 0h0m6s
3.  retrieving ancestral priors for all sites, time 0h0m6s
Fri May  8 23:04:40 EDT 2015
Fri May  8 23:04:40 EDT 2015
    prior probabilities for 'A'... .
Fri May  8 23:04:41 EDT 2015
    prior probabilities for 'C'... .
Fri May  8 23:04:41 EDT 2015
    prior probabilities for 'G'... .
Fri May  8 23:04:41 EDT 2015
    prior probabilities for 'T'... .
Fri May  8 23:04:42 EDT 2015
Fri May  8 23:04:42 EDT 2015
4.  combining polymorphism summary with ancestral priors, time 0h0m8s
5.  filtering sites with no variation or ancestral data, time 0h0m8s
    total number of sites:    2493
    sites with sequence data: 1755
6.  retrieving lambdas and thetas from appropriate genomic blocks, time 0h0m8s
    found 11 total blocks with lambda values.
    found 11 blocks with at least 100 sites with information on lamda.
    found 11 total blocks with theta values.
    found 11 blocks with at least 100 sites with information on theta.
    obtaining intersection bed file
    filtering sites that do not appear in blocks with sufficient information
    number of sites decreased from 1755 to 1755
    combining block information for theta and lambda with site information
7.  computing set of filtered neutral sites in blocks, time 0h0m10s
8.  flanking sites: retrieving polymorphic sites, time 0h0m13s
9. flanking sites: retrieving ancestral priors, time 0h0m13s
Fri May  8 23:04:47 EDT 2015
Fri May  8 23:04:47 EDT 2015
    prior probabilities for 'A'... .
Fri May  8 23:04:47 EDT 2015
    prior probabilities for 'C'... .
Fri May  8 23:04:47 EDT 2015
    prior probabilities for 'G'... .
Fri May  8 23:04:47 EDT 2015
    prior probabilities for 'T'... .
Fri May  8 23:04:47 EDT 2015
Fri May  8 23:04:47 EDT 2015
10. flanking sites: combining ancestral priors and observed alleles, time 0h0m13s
11. flanking sites: combining site and block info, time 0h0m13s
12. tarring intermediate site summaries, time 0h0m13s
tar: Removing leading `/' from member names
Done with 1755 sites after filtering, and 138 polymorphic flanking neutral sites. time 0h0m13s
