==================================================================
  Processing data set STX1B_downregulated_GENE_cis_elements_distal
==================================================================
1.  filtering elements, time 0h0m0s
    sites in original bed file: 7500
               autosomal sites: 7500
               after filtering: 6054
2.  generating polymorphism summary for all sites, time 0h0m5s
3.  retrieving ancestral priors for all sites, time 0h0m5s
Fri May  8 23:54:33 EDT 2015
Fri May  8 23:54:33 EDT 2015
    prior probabilities for 'A'... .
Fri May  8 23:54:35 EDT 2015
    prior probabilities for 'C'... .
Fri May  8 23:54:37 EDT 2015
    prior probabilities for 'G'... .
Fri May  8 23:54:39 EDT 2015
    prior probabilities for 'T'... .
Fri May  8 23:54:41 EDT 2015
Fri May  8 23:54:41 EDT 2015
4.  combining polymorphism summary with ancestral priors, time 0h0m13s
5.  filtering sites with no variation or ancestral data, time 0h0m13s
    total number of sites:    6054
    sites with sequence data: 4772
6.  retrieving lambdas and thetas from appropriate genomic blocks, time 0h0m13s
    found 35 total blocks with lambda values.
    found 35 blocks with at least 100 sites with information on lamda.
    found 35 total blocks with theta values.
    found 34 blocks with at least 100 sites with information on theta.
    obtaining intersection bed file
    filtering sites that do not appear in blocks with sufficient information
    number of sites decreased from 4772 to 4640
    combining block information for theta and lambda with site information
7.  computing set of filtered neutral sites in blocks, time 0h0m15s
8.  flanking sites: retrieving polymorphic sites, time 0h0m17s
9. flanking sites: retrieving ancestral priors, time 0h0m17s
Fri May  8 23:54:45 EDT 2015
Fri May  8 23:54:45 EDT 2015
    prior probabilities for 'A'... .
Fri May  8 23:54:45 EDT 2015
    prior probabilities for 'C'... .
Fri May  8 23:54:45 EDT 2015
    prior probabilities for 'G'... .
Fri May  8 23:54:45 EDT 2015
    prior probabilities for 'T'... .
Fri May  8 23:54:45 EDT 2015
Fri May  8 23:54:45 EDT 2015
10. flanking sites: combining ancestral priors and observed alleles, time 0h0m17s
11. flanking sites: combining site and block info, time 0h0m17s
12. tarring intermediate site summaries, time 0h0m17s
tar: Removing leading `/' from member names
Done with 4640 sites after filtering, and 64 polymorphic flanking neutral sites. time 0h0m18s
