==================================================================
  Processing data set ADPRHL1_GENE_cis_elements_distal
==================================================================
1.  filtering elements, time 0h0m0s
    sites in original bed file: 10950
               autosomal sites: 10950
               after filtering: 7906
2.  generating polymorphism summary for all sites, time 0h0m5s
3.  retrieving ancestral priors for all sites, time 0h0m5s
Fri May  8 16:26:42 EDT 2015
Fri May  8 16:26:42 EDT 2015
    prior probabilities for 'A'... .
Fri May  8 16:26:44 EDT 2015
    prior probabilities for 'C'... .
Fri May  8 16:26:47 EDT 2015
    prior probabilities for 'G'... .
Fri May  8 16:26:50 EDT 2015
    prior probabilities for 'T'... .
Fri May  8 16:26:52 EDT 2015
Fri May  8 16:26:53 EDT 2015
4.  combining polymorphism summary with ancestral priors, time 0h0m16s
5.  filtering sites with no variation or ancestral data, time 0h0m16s
    total number of sites:    7906
    sites with sequence data: 6401
6.  retrieving lambdas and thetas from appropriate genomic blocks, time 0h0m16s
    found 42 total blocks with lambda values.
    found 42 blocks with at least 100 sites with information on lamda.
    found 42 total blocks with theta values.
    found 42 blocks with at least 100 sites with information on theta.
    obtaining intersection bed file
    filtering sites that do not appear in blocks with sufficient information
    number of sites decreased from 6401 to 6401
    combining block information for theta and lambda with site information
7.  computing set of filtered neutral sites in blocks, time 0h0m17s
8.  flanking sites: retrieving polymorphic sites, time 0h0m19s
9. flanking sites: retrieving ancestral priors, time 0h0m20s
Fri May  8 16:26:57 EDT 2015
Fri May  8 16:26:57 EDT 2015
    prior probabilities for 'A'... .
Fri May  8 16:26:57 EDT 2015
    prior probabilities for 'C'... .
Fri May  8 16:26:57 EDT 2015
    prior probabilities for 'G'... .
Fri May  8 16:26:57 EDT 2015
    prior probabilities for 'T'... .
Fri May  8 16:26:57 EDT 2015
Fri May  8 16:26:57 EDT 2015
10. flanking sites: combining ancestral priors and observed alleles, time 0h0m20s
11. flanking sites: combining site and block info, time 0h0m20s
12. tarring intermediate site summaries, time 0h0m20s
tar: Removing leading `/' from member names
Done with 6401 sites after filtering, and 316 polymorphic flanking neutral sites. time 0h0m20s
