==================================================================
  Processing data set GPR37L1_downregulated_GENE_cis_elements_distal
==================================================================
1.  filtering elements, time 0h0m0s
    sites in original bed file: 5400
               autosomal sites: 5400
               after filtering: 3818
2.  generating polymorphism summary for all sites, time 0h0m1s
3.  retrieving ancestral priors for all sites, time 0h0m1s
Fri May  8 23:22:13 EDT 2015
Fri May  8 23:22:13 EDT 2015
    prior probabilities for 'A'... .
Fri May  8 23:22:22 EDT 2015
    prior probabilities for 'C'... .
Fri May  8 23:22:30 EDT 2015
    prior probabilities for 'G'... .
Fri May  8 23:22:37 EDT 2015
    prior probabilities for 'T'... .
Fri May  8 23:22:44 EDT 2015
Fri May  8 23:22:44 EDT 2015
4.  combining polymorphism summary with ancestral priors, time 0h0m32s
5.  filtering sites with no variation or ancestral data, time 0h0m32s
    total number of sites:    3818
    sites with sequence data: 3310
6.  retrieving lambdas and thetas from appropriate genomic blocks, time 0h0m32s
    found 22 total blocks with lambda values.
    found 22 blocks with at least 100 sites with information on lamda.
    found 22 total blocks with theta values.
    found 22 blocks with at least 100 sites with information on theta.
    obtaining intersection bed file
    filtering sites that do not appear in blocks with sufficient information
    number of sites decreased from 3310 to 3310
    combining block information for theta and lambda with site information
7.  computing set of filtered neutral sites in blocks, time 0h0m34s
8.  flanking sites: retrieving polymorphic sites, time 0h0m35s
9. flanking sites: retrieving ancestral priors, time 0h0m35s
Fri May  8 23:22:47 EDT 2015
Fri May  8 23:22:47 EDT 2015
    prior probabilities for 'A'... .
Fri May  8 23:22:47 EDT 2015
    prior probabilities for 'C'... .
Fri May  8 23:22:47 EDT 2015
    prior probabilities for 'G'... .
Fri May  8 23:22:47 EDT 2015
    prior probabilities for 'T'... .
Fri May  8 23:22:47 EDT 2015
Fri May  8 23:22:47 EDT 2015
10. flanking sites: combining ancestral priors and observed alleles, time 0h0m35s
11. flanking sites: combining site and block info, time 0h0m35s
12. tarring intermediate site summaries, time 0h0m35s
tar: Removing leading `/' from member names
Done with 3310 sites after filtering, and 160 polymorphic flanking neutral sites. time 0h0m35s
