==================================================================
  Processing data set GALNT9_GENE_cis_elements_distal
==================================================================
1.  filtering elements, time 0h0m0s
    sites in original bed file: 22850
               autosomal sites: 22850
               after filtering: 18215
2.  generating polymorphism summary for all sites, time 0h0m3s
3.  retrieving ancestral priors for all sites, time 0h0m3s
Thu May  7 17:01:40 EDT 2015
Thu May  7 17:01:40 EDT 2015
    prior probabilities for 'A'... .
Thu May  7 17:01:46 EDT 2015
    prior probabilities for 'C'... .
Thu May  7 17:01:54 EDT 2015
    prior probabilities for 'G'... .
Thu May  7 17:02:00 EDT 2015
    prior probabilities for 'T'... .
Thu May  7 17:02:06 EDT 2015
Thu May  7 17:02:06 EDT 2015
4.  combining polymorphism summary with ancestral priors, time 0h0m30s
5.  filtering sites with no variation or ancestral data, time 0h0m30s
    total number of sites:    18215
    sites with sequence data: 13340
6.  retrieving lambdas and thetas from appropriate genomic blocks, time 0h0m30s
    found 73 total blocks with lambda values.
    found 73 blocks with at least 100 sites with information on lamda.
    found 73 total blocks with theta values.
    found 73 blocks with at least 100 sites with information on theta.
    obtaining intersection bed file
    filtering sites that do not appear in blocks with sufficient information
    number of sites decreased from 13340 to 13340
    combining block information for theta and lambda with site information
7.  computing set of filtered neutral sites in blocks, time 0h0m32s
8.  flanking sites: retrieving polymorphic sites, time 0h0m34s
9. flanking sites: retrieving ancestral priors, time 0h0m35s
Thu May  7 17:02:11 EDT 2015
Thu May  7 17:02:11 EDT 2015
    prior probabilities for 'A'... .
Thu May  7 17:02:11 EDT 2015
    prior probabilities for 'C'... .
Thu May  7 17:02:11 EDT 2015
    prior probabilities for 'G'... .
Thu May  7 17:02:11 EDT 2015
    prior probabilities for 'T'... .
Thu May  7 17:02:11 EDT 2015
Thu May  7 17:02:11 EDT 2015
10. flanking sites: combining ancestral priors and observed alleles, time 0h0m35s
11. flanking sites: combining site and block info, time 0h0m35s
12. tarring intermediate site summaries, time 0h0m35s
tar: Removing leading `/' from member names
Done with 13340 sites after filtering, and 654 polymorphic flanking neutral sites. time 0h0m35s
