==================================================================
  Processing data set PTPRD_downregulated_GENE_cis_elements_distal
==================================================================
1.  filtering elements, time 0h0m0s
    sites in original bed file: 7800
               autosomal sites: 7800
               after filtering: 5827
2.  generating polymorphism summary for all sites, time 0h0m12s
3.  retrieving ancestral priors for all sites, time 0h0m13s
Fri May  8 23:43:11 EDT 2015
Fri May  8 23:43:11 EDT 2015
    prior probabilities for 'A'... .
Fri May  8 23:43:13 EDT 2015
    prior probabilities for 'C'... .
Fri May  8 23:43:16 EDT 2015
    prior probabilities for 'G'... .
Fri May  8 23:43:19 EDT 2015
    prior probabilities for 'T'... .
Fri May  8 23:43:22 EDT 2015
Fri May  8 23:43:22 EDT 2015
4.  combining polymorphism summary with ancestral priors, time 0h0m24s
5.  filtering sites with no variation or ancestral data, time 0h0m24s
    total number of sites:    5827
    sites with sequence data: 5216
6.  retrieving lambdas and thetas from appropriate genomic blocks, time 0h0m24s
    found 38 total blocks with lambda values.
    found 38 blocks with at least 100 sites with information on lamda.
    found 38 total blocks with theta values.
    found 38 blocks with at least 100 sites with information on theta.
    obtaining intersection bed file
    filtering sites that do not appear in blocks with sufficient information
    number of sites decreased from 5216 to 5216
    combining block information for theta and lambda with site information
7.  computing set of filtered neutral sites in blocks, time 0h0m25s
8.  flanking sites: retrieving polymorphic sites, time 0h0m32s
9. flanking sites: retrieving ancestral priors, time 0h0m33s
Fri May  8 23:43:31 EDT 2015
Fri May  8 23:43:31 EDT 2015
    prior probabilities for 'A'... .
Fri May  8 23:43:31 EDT 2015
    prior probabilities for 'C'... .
Fri May  8 23:43:31 EDT 2015
    prior probabilities for 'G'... .
Fri May  8 23:43:31 EDT 2015
    prior probabilities for 'T'... .
Fri May  8 23:43:31 EDT 2015
Fri May  8 23:43:31 EDT 2015
10. flanking sites: combining ancestral priors and observed alleles, time 0h0m33s
11. flanking sites: combining site and block info, time 0h0m33s
12. tarring intermediate site summaries, time 0h0m33s
tar: Removing leading `/' from member names
Done with 5216 sites after filtering, and 396 polymorphic flanking neutral sites. time 0h0m33s
