==================================================================
  Processing data set FUT9_GENE_cis_elements_distal
==================================================================
1.  filtering elements, time 0h0m0s
    sites in original bed file: 1800
               autosomal sites: 1800
               after filtering: 935
2.  generating polymorphism summary for all sites, time 0h0m12s
3.  retrieving ancestral priors for all sites, time 0h0m12s
Thu May  7 17:00:37 EDT 2015
Thu May  7 17:00:37 EDT 2015
    prior probabilities for 'A'... .
Thu May  7 17:00:37 EDT 2015
    prior probabilities for 'C'... .
Thu May  7 17:00:38 EDT 2015
    prior probabilities for 'G'... .
Thu May  7 17:00:38 EDT 2015
    prior probabilities for 'T'... .
Thu May  7 17:00:38 EDT 2015
Thu May  7 17:00:38 EDT 2015
4.  combining polymorphism summary with ancestral priors, time 0h0m13s
5.  filtering sites with no variation or ancestral data, time 0h0m13s
    total number of sites:    935
    sites with sequence data: 744
6.  retrieving lambdas and thetas from appropriate genomic blocks, time 0h0m13s
    found 8 total blocks with lambda values.
    found 8 blocks with at least 100 sites with information on lamda.
    found 8 total blocks with theta values.
    found 8 blocks with at least 100 sites with information on theta.
    obtaining intersection bed file
    filtering sites that do not appear in blocks with sufficient information
    number of sites decreased from 744 to 744
    combining block information for theta and lambda with site information
7.  computing set of filtered neutral sites in blocks, time 0h0m14s
8.  flanking sites: retrieving polymorphic sites, time 0h0m21s
9. flanking sites: retrieving ancestral priors, time 0h0m22s
Thu May  7 17:00:47 EDT 2015
Thu May  7 17:00:47 EDT 2015
    prior probabilities for 'A'... .
Thu May  7 17:00:47 EDT 2015
    prior probabilities for 'C'... .
Thu May  7 17:00:47 EDT 2015
    prior probabilities for 'G'... .
Thu May  7 17:00:47 EDT 2015
    prior probabilities for 'T'... .
Thu May  7 17:00:47 EDT 2015
Thu May  7 17:00:47 EDT 2015
10. flanking sites: combining ancestral priors and observed alleles, time 0h0m22s
11. flanking sites: combining site and block info, time 0h0m22s
12. tarring intermediate site summaries, time 0h0m22s
tar: Removing leading `/' from member names
Done with 744 sites after filtering, and 154 polymorphic flanking neutral sites. time 0h0m22s
