==================================================================
  Processing data set TBX1_GENE_cis_elements_distal
==================================================================
1.  filtering elements, time 0h0m0s
    sites in original bed file: 13460
               autosomal sites: 13460
               after filtering: 10828
2.  generating polymorphism summary for all sites, time 0h0m8s
3.  retrieving ancestral priors for all sites, time 0h0m8s
Fri May  8 17:20:45 EDT 2015
Fri May  8 17:20:45 EDT 2015
    prior probabilities for 'A'... .
Fri May  8 17:20:46 EDT 2015
    prior probabilities for 'C'... .
Fri May  8 17:20:47 EDT 2015
    prior probabilities for 'G'... .
Fri May  8 17:20:48 EDT 2015
    prior probabilities for 'T'... .
Fri May  8 17:20:49 EDT 2015
Fri May  8 17:20:49 EDT 2015
4.  combining polymorphism summary with ancestral priors, time 0h0m12s
5.  filtering sites with no variation or ancestral data, time 0h0m12s
    total number of sites:    10828
    sites with sequence data: 8029
6.  retrieving lambdas and thetas from appropriate genomic blocks, time 0h0m12s
    found 44 total blocks with lambda values.
    found 44 blocks with at least 100 sites with information on lamda.
    found 44 total blocks with theta values.
    found 44 blocks with at least 100 sites with information on theta.
    obtaining intersection bed file
    filtering sites that do not appear in blocks with sufficient information
    number of sites decreased from 8029 to 8029
    combining block information for theta and lambda with site information
7.  computing set of filtered neutral sites in blocks, time 0h0m13s
8.  flanking sites: retrieving polymorphic sites, time 0h0m18s
9. flanking sites: retrieving ancestral priors, time 0h0m18s
Fri May  8 17:20:55 EDT 2015
Fri May  8 17:20:55 EDT 2015
    prior probabilities for 'A'... .
Fri May  8 17:20:55 EDT 2015
    prior probabilities for 'C'... .
Fri May  8 17:20:55 EDT 2015
    prior probabilities for 'G'... .
Fri May  8 17:20:55 EDT 2015
    prior probabilities for 'T'... .
Fri May  8 17:20:55 EDT 2015
Fri May  8 17:20:55 EDT 2015
10. flanking sites: combining ancestral priors and observed alleles, time 0h0m18s
11. flanking sites: combining site and block info, time 0h0m18s
12. tarring intermediate site summaries, time 0h0m18s
tar: Removing leading `/' from member names
Done with 8029 sites after filtering, and 294 polymorphic flanking neutral sites. time 0h0m18s
