==================================================================
  Processing data set TNR_GENE_cis_elements_distal
==================================================================
1.  filtering elements, time 0h0m0s
    sites in original bed file: 8100
               autosomal sites: 8100
               after filtering: 6556
2.  generating polymorphism summary for all sites, time 0h0m1s
3.  retrieving ancestral priors for all sites, time 0h0m1s
Thu May  7 17:30:40 EDT 2015
Thu May  7 17:30:40 EDT 2015
    prior probabilities for 'A'... .
Thu May  7 17:30:58 EDT 2015
    prior probabilities for 'C'... .
Thu May  7 17:31:19 EDT 2015
    prior probabilities for 'G'... .
Thu May  7 17:31:32 EDT 2015
    prior probabilities for 'T'... .
Thu May  7 17:31:46 EDT 2015
Thu May  7 17:31:46 EDT 2015
4.  combining polymorphism summary with ancestral priors, time 0h1m7s
5.  filtering sites with no variation or ancestral data, time 0h1m7s
    total number of sites:    6556
    sites with sequence data: 6075
6.  retrieving lambdas and thetas from appropriate genomic blocks, time 0h1m7s
    found 32 total blocks with lambda values.
    found 32 blocks with at least 100 sites with information on lamda.
    found 32 total blocks with theta values.
    found 32 blocks with at least 100 sites with information on theta.
    obtaining intersection bed file
    filtering sites that do not appear in blocks with sufficient information
    number of sites decreased from 6075 to 6075
    combining block information for theta and lambda with site information
7.  computing set of filtered neutral sites in blocks, time 0h1m9s
8.  flanking sites: retrieving polymorphic sites, time 0h1m10s
9. flanking sites: retrieving ancestral priors, time 0h1m10s
Thu May  7 17:31:49 EDT 2015
Thu May  7 17:31:49 EDT 2015
    prior probabilities for 'A'... .
Thu May  7 17:31:49 EDT 2015
    prior probabilities for 'C'... .
Thu May  7 17:31:49 EDT 2015
    prior probabilities for 'G'... .
Thu May  7 17:31:49 EDT 2015
    prior probabilities for 'T'... .
Thu May  7 17:31:50 EDT 2015
Thu May  7 17:31:50 EDT 2015
10. flanking sites: combining ancestral priors and observed alleles, time 0h1m11s
11. flanking sites: combining site and block info, time 0h1m11s
12. tarring intermediate site summaries, time 0h1m11s
tar: Removing leading `/' from member names
Done with 6075 sites after filtering, and 452 polymorphic flanking neutral sites. time 0h1m11s
