==================================================================
  Processing data set LUZP2_upregulated_GENE_cis_elements_distal
==================================================================
1.  filtering elements, time 0h0m0s
    sites in original bed file: 11250
               autosomal sites: 11250
               after filtering: 9403
2.  generating polymorphism summary for all sites, time 0h0m2s
3.  retrieving ancestral priors for all sites, time 0h0m2s
Sat May  9 10:52:06 EDT 2015
Sat May  9 10:52:06 EDT 2015
    prior probabilities for 'A'... .
Sat May  9 10:52:12 EDT 2015
    prior probabilities for 'C'... .
Sat May  9 10:52:17 EDT 2015
    prior probabilities for 'G'... .
Sat May  9 10:52:23 EDT 2015
    prior probabilities for 'T'... .
Sat May  9 10:52:29 EDT 2015
Sat May  9 10:52:29 EDT 2015
4.  combining polymorphism summary with ancestral priors, time 0h0m25s
5.  filtering sites with no variation or ancestral data, time 0h0m25s
    total number of sites:    9403
    sites with sequence data: 8026
6.  retrieving lambdas and thetas from appropriate genomic blocks, time 0h0m25s
    found 53 total blocks with lambda values.
    found 53 blocks with at least 100 sites with information on lamda.
    found 53 total blocks with theta values.
    found 53 blocks with at least 100 sites with information on theta.
    obtaining intersection bed file
    filtering sites that do not appear in blocks with sufficient information
    number of sites decreased from 8026 to 8026
    combining block information for theta and lambda with site information
7.  computing set of filtered neutral sites in blocks, time 0h0m27s
8.  flanking sites: retrieving polymorphic sites, time 0h0m29s
9. flanking sites: retrieving ancestral priors, time 0h0m30s
Sat May  9 10:52:34 EDT 2015
Sat May  9 10:52:34 EDT 2015
    prior probabilities for 'A'... .
Sat May  9 10:52:34 EDT 2015
    prior probabilities for 'C'... .
Sat May  9 10:52:34 EDT 2015
    prior probabilities for 'G'... .
Sat May  9 10:52:34 EDT 2015
    prior probabilities for 'T'... .
Sat May  9 10:52:35 EDT 2015
Sat May  9 10:52:35 EDT 2015
10. flanking sites: combining ancestral priors and observed alleles, time 0h0m31s
11. flanking sites: combining site and block info, time 0h0m31s
12. tarring intermediate site summaries, time 0h0m31s
tar: Removing leading `/' from member names
Done with 8026 sites after filtering, and 1043 polymorphic flanking neutral sites. time 0h0m31s
