==================================================================
  Processing data set LSAMP_GENE_cis_elements_distal
==================================================================
1.  filtering elements, time 0h0m0s
    sites in original bed file: 9150
               autosomal sites: 9150
               after filtering: 7949
2.  generating polymorphism summary for all sites, time 0h0m13s
3.  retrieving ancestral priors for all sites, time 0h0m13s
Thu May  7 17:08:27 EDT 2015
Thu May  7 17:08:27 EDT 2015
    prior probabilities for 'A'... .
Thu May  7 17:08:49 EDT 2015
    prior probabilities for 'C'... .
Thu May  7 17:09:07 EDT 2015
    prior probabilities for 'G'... .
Thu May  7 17:09:23 EDT 2015
    prior probabilities for 'T'... .
Thu May  7 17:09:45 EDT 2015
Thu May  7 17:09:45 EDT 2015
4.  combining polymorphism summary with ancestral priors, time 0h1m31s
5.  filtering sites with no variation or ancestral data, time 0h1m31s
    total number of sites:    7949
    sites with sequence data: 7370
6.  retrieving lambdas and thetas from appropriate genomic blocks, time 0h1m31s
    found 49 total blocks with lambda values.
    found 49 blocks with at least 100 sites with information on lamda.
    found 49 total blocks with theta values.
    found 49 blocks with at least 100 sites with information on theta.
    obtaining intersection bed file
    filtering sites that do not appear in blocks with sufficient information
    number of sites decreased from 7370 to 7370
    combining block information for theta and lambda with site information
7.  computing set of filtered neutral sites in blocks, time 0h1m34s
8.  flanking sites: retrieving polymorphic sites, time 0h1m47s
9. flanking sites: retrieving ancestral priors, time 0h1m48s
Thu May  7 17:10:02 EDT 2015
Thu May  7 17:10:02 EDT 2015
    prior probabilities for 'A'... .
Thu May  7 17:10:02 EDT 2015
    prior probabilities for 'C'... .
Thu May  7 17:10:03 EDT 2015
    prior probabilities for 'G'... .
Thu May  7 17:10:03 EDT 2015
    prior probabilities for 'T'... .
Thu May  7 17:10:03 EDT 2015
Thu May  7 17:10:03 EDT 2015
10. flanking sites: combining ancestral priors and observed alleles, time 0h1m49s
11. flanking sites: combining site and block info, time 0h1m49s
12. tarring intermediate site summaries, time 0h1m49s
tar: Removing leading `/' from member names
Done with 7370 sites after filtering, and 771 polymorphic flanking neutral sites. time 0h1m49s
