thres-15-beta	Commandline: ./INSIGHT-EM/bin/INSIGHT-EM-v1.2-beta -v -i 100000 -b emOutput/KCTD16_GENE_cis_elements_distal.emInput.flankPoly.forBetas.ins.f15
thres-15-beta	----------------------------------------------------------------------------------------------
thres-15-beta	       INSIGHT-EM v1.2-beta, May 2014 
thres-15-beta	----------------------------------------------------------------------------------------------
thres-15-beta	==> Estimating the ratio beta1/(beta1+beta3) using neutral sites with low MAF.
thres-15-beta	----------------------------------------------------------------------------------------------
thres-15-beta	==> Processing site data file 'emOutput/KCTD16_GENE_cis_elements_distal.emInput.flankPoly.forBetas.ins.f15' and lambda parameters
thres-15-beta	==> Performing EM on ratio beta1/(beta1+beta3) [ initial value = 0.5 ]
thres-15-beta	    - EM stops after 100000 iterations or when log-likelihood increase is below 1e-06
thres-15-beta	    - '.' = 100 iterations
thres-15-beta	----------------------------------------------------------------------------------------------
thres-15-beta	Progress: 
thres-15-beta	Done. Running time  0m00s.
thres-15-beta	
thres-15-beta	----------------------------------------------------------
thres-15-beta	           beta1 
thres-15-beta	Estimates: 0.875661 
thres-15-beta	----------------------------------------------------------------------------------------------
thres-15-beta	             iter     lnLd       diff       status
thres-15-beta	EM status:       4   -3.02772 3.92517e-09  converged
thres-15-beta	----------------------------------------------------------------------------------------------
thres-15-beta	Beta Line: beta 0.583774 0.333333 0.0828927
thres-15-main	Commandline: ./INSIGHT-EM/bin/INSIGHT-EM-v1.2-beta -v -i 1000000 -p emOutput/KCTD16_GENE_cis_elements_distal.post.sites emOutput/KCTD16_GENE_cis_elements_distal.emInput.ins.f15
thres-15-main	----------------------------------------------------------------------------------------------
thres-15-main	       INSIGHT-EM v1.2-beta, May 2014 
thres-15-main	----------------------------------------------------------------------------------------------
thres-15-main	==> Processing site data file 'emOutput/KCTD16_GENE_cis_elements_distal.emInput.ins.f15' and extracting neutral model parameters
thres-15-main	==> Data file consists of 147 sites in 2 genomic blocks.
thres-15-main	==> Performing EM on selection parameters
thres-15-main	    - EM stops after 1000000 iterations or when log-likelihood increase is below 1e-06
thres-15-main	    - '.' = 100 iterations
thres-15-main	    - estimating the following parameters: rho (init = 0.600000) eta (init = 1.000000) gamma (init = 0.500000).
thres-15-main	    - using complete version of the model integrating over assignments to the ancestral states Zi.
thres-15-main	----------------------------------------------------------------------------------------------
thres-15-main	Progress: .......... .....
thres-15-main	Done. Running time  0m00s.
thres-15-main	----------------------------------------------------------------------------------------------
thres-15-main	==> Posterior counts output to file emOutput/KCTD16_GENE_cis_elements_distal.post.sites.
thres-15-main	----------------------------------------------------------------------------------------------
thres-15-main	             rho      eta    gamma       Dp       Pw    alpha      tau
thres-15-main	Estimates: 0.008483 196.350832 190.664713 4.201376 3.997143 0.626852 0.619953
thres-15-main	StndrdErr: 0.056768 1307.769985 2506.393810 6.781960 6.822442 0.379689 1.557007
thres-15-main	Posterior: 0.008482 -------- -------- 4.218741 3.977735 0.627998 0.292363
thres-15-main	----------------------------------------------------------------------------------------------
thres-15-main	             iter     lnLd       diff       status
thres-15-main	EM status:    1524   -22.4118 9.96898e-07  converged
thres-15-main	----------------------------------------------------------------------------------------------
thres-15-rho0	Commandline: ./INSIGHT-EM/bin/INSIGHT-EM-v1.2-beta -v -i 1000000 -fr -r 0.0 emOutput/KCTD16_GENE_cis_elements_distal.emInput.ins.f15
thres-15-rho0	----------------------------------------------------------------------------------------------
thres-15-rho0	       INSIGHT-EM v1.2-beta, May 2014 
thres-15-rho0	----------------------------------------------------------------------------------------------
thres-15-rho0	==> Processing site data file 'emOutput/KCTD16_GENE_cis_elements_distal.emInput.ins.f15' and extracting neutral model parameters
thres-15-rho0	==> Data file consists of 147 sites in 2 genomic blocks.
thres-15-rho0	==> Performing EM on selection parameters
thres-15-rho0	    - EM stops after 1000000 iterations or when log-likelihood increase is below 1e-06
thres-15-rho0	    - '.' = 100 iterations
thres-15-rho0	    - fixing the following parameters: rho = 0.000000.
thres-15-rho0	    - estimating the following parameters: eta (init = 1.000000) gamma (init = 0.500000).
thres-15-rho0	    - using complete version of the model integrating over assignments to the ancestral states Zi.
thres-15-rho0	----------------------------------------------------------------------------------------------
thres-15-rho0	Progress: 
thres-15-rho0	Done. Running time  0m00s.
thres-15-rho0	----------------------------------------------------------------------------------------------
thres-15-rho0	             rho      eta    gamma       Dp       Pw    alpha      tau
thres-15-rho0	Estimates: 0.000000 0.000000 0.000000 0.000000 0.000000 0.000000 0.000000
thres-15-rho0	StndrdErr: 0.000000    -nan    -nan    -nan    -nan -1.000000 -1.000000
thres-15-rho0	----------------------------------------------------------------------------------------------
thres-15-rho0	             iter     lnLd       diff       status
thres-15-rho0	EM status:       2   -23.0467       0  converged
thres-15-rho0	----------------------------------------------------------------------------------------------
thres-15-eta0	Commandline: ./INSIGHT-EM/bin/INSIGHT-EM-v1.2-beta -v -i 1000000 -fe -e 0.0 emOutput/KCTD16_GENE_cis_elements_distal.emInput.ins.f15
thres-15-eta0	----------------------------------------------------------------------------------------------
thres-15-eta0	       INSIGHT-EM v1.2-beta, May 2014 
thres-15-eta0	----------------------------------------------------------------------------------------------
thres-15-eta0	==> Processing site data file 'emOutput/KCTD16_GENE_cis_elements_distal.emInput.ins.f15' and extracting neutral model parameters
thres-15-eta0	==> Data file consists of 147 sites in 2 genomic blocks.
thres-15-eta0	==> Performing EM on selection parameters
thres-15-eta0	    - EM stops after 1000000 iterations or when log-likelihood increase is below 1e-06
thres-15-eta0	    - '.' = 100 iterations
thres-15-eta0	    - fixing the following parameters: eta = 0.000000.
thres-15-eta0	    - estimating the following parameters: rho (init = 0.600000) gamma (init = 0.500000).
thres-15-eta0	    - using complete version of the model integrating over assignments to the ancestral states Zi.
thres-15-eta0	----------------------------------------------------------------------------------------------
thres-15-eta0	Progress: .........
thres-15-eta0	Done. Running time  0m00s.
thres-15-eta0	----------------------------------------------------------------------------------------------
thres-15-eta0	             rho      eta    gamma       Dp       Pw    alpha      tau
thres-15-eta0	Estimates: 0.004049 0.000000 200.151426 0.000000 3.967101 0.000000 0.448660
thres-15-eta0	StndrdErr: 0.039870 0.000000 1965.037154    -nan 6.819939 -1.000000 0.426392
thres-15-eta0	----------------------------------------------------------------------------------------------
thres-15-eta0	             iter     lnLd       diff       status
thres-15-eta0	EM status:     963   -22.7565 9.92338e-07  converged
thres-15-eta0	----------------------------------------------------------------------------------------------
thres-15-gam0	Commandline: ./INSIGHT-EM/bin/INSIGHT-EM-v1.2-beta -v -i 1000000 -fg -g 0.0 emOutput/KCTD16_GENE_cis_elements_distal.emInput.ins.f15
thres-15-gam0	----------------------------------------------------------------------------------------------
thres-15-gam0	       INSIGHT-EM v1.2-beta, May 2014 
thres-15-gam0	----------------------------------------------------------------------------------------------
thres-15-gam0	==> Processing site data file 'emOutput/KCTD16_GENE_cis_elements_distal.emInput.ins.f15' and extracting neutral model parameters
thres-15-gam0	==> Data file consists of 147 sites in 2 genomic blocks.
thres-15-gam0	==> Performing EM on selection parameters
thres-15-gam0	    - EM stops after 1000000 iterations or when log-likelihood increase is below 1e-06
thres-15-gam0	    - '.' = 100 iterations
thres-15-gam0	    - fixing the following parameters: gamma = 0.000000.
thres-15-gam0	    - estimating the following parameters: rho (init = 0.600000) eta (init = 1.000000).
thres-15-gam0	    - using complete version of the model integrating over assignments to the ancestral states Zi.
thres-15-gam0	----------------------------------------------------------------------------------------------
thres-15-gam0	Progress: .........
thres-15-gam0	Done. Running time  0m00s.
thres-15-gam0	----------------------------------------------------------------------------------------------
thres-15-gam0	             rho      eta    gamma       Dp       Pw    alpha      tau
thres-15-gam0	Estimates: 0.004294 386.918416 0.000000 4.190435 0.000000 0.625254 0.000000
thres-15-gam0	StndrdErr: 0.041198 3703.017526 0.000000 6.796440    -nan 0.381116 -1.000000
thres-15-gam0	----------------------------------------------------------------------------------------------
thres-15-gam0	             iter     lnLd       diff       status
thres-15-gam0	EM status:     965   -22.7045 9.95401e-07  converged
thres-15-gam0	----------------------------------------------------------------------------------------------
