==================================================================
  Processing data set EXTL1_GENE_cis_elements_distal
==================================================================
1.  filtering elements, time 0h0m0s
    sites in original bed file: 5100
               autosomal sites: 5100
               after filtering: 4659
2.  generating polymorphism summary for all sites, time 0h0m0s
3.  retrieving ancestral priors for all sites, time 0h0m0s
Fri May  8 16:40:37 EDT 2015
Fri May  8 16:40:37 EDT 2015
    prior probabilities for 'A'... .
Fri May  8 16:40:46 EDT 2015
    prior probabilities for 'C'... .
Fri May  8 16:40:53 EDT 2015
    prior probabilities for 'G'... .
Fri May  8 16:41:01 EDT 2015
    prior probabilities for 'T'... .
Fri May  8 16:41:08 EDT 2015
Fri May  8 16:41:08 EDT 2015
4.  combining polymorphism summary with ancestral priors, time 0h0m31s
5.  filtering sites with no variation or ancestral data, time 0h0m31s
    total number of sites:    4659
    sites with sequence data: 3864
6.  retrieving lambdas and thetas from appropriate genomic blocks, time 0h0m31s
    found 25 total blocks with lambda values.
    found 25 blocks with at least 100 sites with information on lamda.
    found 25 total blocks with theta values.
    found 25 blocks with at least 100 sites with information on theta.
    obtaining intersection bed file
    filtering sites that do not appear in blocks with sufficient information
    number of sites decreased from 3864 to 3864
    combining block information for theta and lambda with site information
7.  computing set of filtered neutral sites in blocks, time 0h0m33s
8.  flanking sites: retrieving polymorphic sites, time 0h0m33s
9. flanking sites: retrieving ancestral priors, time 0h0m33s
Fri May  8 16:41:10 EDT 2015
Fri May  8 16:41:10 EDT 2015
    prior probabilities for 'A'... .
Fri May  8 16:41:10 EDT 2015
    prior probabilities for 'C'... .
Fri May  8 16:41:11 EDT 2015
    prior probabilities for 'G'... .
Fri May  8 16:41:11 EDT 2015
    prior probabilities for 'T'... .
Fri May  8 16:41:11 EDT 2015
Fri May  8 16:41:11 EDT 2015
10. flanking sites: combining ancestral priors and observed alleles, time 0h0m34s
11. flanking sites: combining site and block info, time 0h0m34s
12. tarring intermediate site summaries, time 0h0m34s
tar: Removing leading `/' from member names
Done with 3864 sites after filtering, and 140 polymorphic flanking neutral sites. time 0h0m34s
