==================================================================
  Processing data set CPLX2_GENE_cis_elements_distal
==================================================================
1.  filtering elements, time 0h0m0s
    sites in original bed file: 12600
               autosomal sites: 12600
               after filtering: 9457
2.  generating polymorphism summary for all sites, time 0h0m11s
3.  retrieving ancestral priors for all sites, time 0h0m11s
Thu May  7 16:57:12 EDT 2015
Thu May  7 16:57:12 EDT 2015
    prior probabilities for 'A'... .
Thu May  7 16:57:21 EDT 2015
    prior probabilities for 'C'... .
Thu May  7 16:57:29 EDT 2015
    prior probabilities for 'G'... .
Thu May  7 16:57:37 EDT 2015
    prior probabilities for 'T'... .
Thu May  7 16:57:46 EDT 2015
Thu May  7 16:57:46 EDT 2015
4.  combining polymorphism summary with ancestral priors, time 0h0m45s
5.  filtering sites with no variation or ancestral data, time 0h0m45s
    total number of sites:    9457
    sites with sequence data: 8560
6.  retrieving lambdas and thetas from appropriate genomic blocks, time 0h0m45s
    found 37 total blocks with lambda values.
    found 37 blocks with at least 100 sites with information on lamda.
    found 37 total blocks with theta values.
    found 37 blocks with at least 100 sites with information on theta.
    obtaining intersection bed file
    filtering sites that do not appear in blocks with sufficient information
    number of sites decreased from 8560 to 8560
    combining block information for theta and lambda with site information
7.  computing set of filtered neutral sites in blocks, time 0h0m47s
8.  flanking sites: retrieving polymorphic sites, time 0h0m53s
9. flanking sites: retrieving ancestral priors, time 0h0m53s
Thu May  7 16:57:54 EDT 2015
Thu May  7 16:57:54 EDT 2015
    prior probabilities for 'A'... .
Thu May  7 16:57:54 EDT 2015
    prior probabilities for 'C'... .
Thu May  7 16:57:55 EDT 2015
    prior probabilities for 'G'... .
Thu May  7 16:57:55 EDT 2015
    prior probabilities for 'T'... .
Thu May  7 16:57:55 EDT 2015
Thu May  7 16:57:55 EDT 2015
10. flanking sites: combining ancestral priors and observed alleles, time 0h0m54s
11. flanking sites: combining site and block info, time 0h0m54s
12. tarring intermediate site summaries, time 0h0m54s
tar: Removing leading `/' from member names
Done with 8560 sites after filtering, and 542 polymorphic flanking neutral sites. time 0h0m54s
