==================================================================
  Processing data set ADCY1_upregulated_GENE_cis_elements_distal
==================================================================
1.  filtering elements, time 0h0m0s
    sites in original bed file: 3900
               autosomal sites: 3900
               after filtering: 3165
2.  generating polymorphism summary for all sites, time 0h0m11s
3.  retrieving ancestral priors for all sites, time 0h0m11s
Sat May  9 10:21:17 EDT 2015
Sat May  9 10:21:17 EDT 2015
    prior probabilities for 'A'... .
Sat May  9 10:21:29 EDT 2015
    prior probabilities for 'C'... .
Sat May  9 10:21:39 EDT 2015
    prior probabilities for 'G'... .
Sat May  9 10:21:47 EDT 2015
    prior probabilities for 'T'... .
Sat May  9 10:21:53 EDT 2015
Sat May  9 10:21:53 EDT 2015
4.  combining polymorphism summary with ancestral priors, time 0h0m47s
5.  filtering sites with no variation or ancestral data, time 0h0m47s
    total number of sites:    3165
    sites with sequence data: 2956
6.  retrieving lambdas and thetas from appropriate genomic blocks, time 0h0m47s
    found 23 total blocks with lambda values.
    found 23 blocks with at least 100 sites with information on lamda.
    found 23 total blocks with theta values.
    found 23 blocks with at least 100 sites with information on theta.
    obtaining intersection bed file
    filtering sites that do not appear in blocks with sufficient information
    number of sites decreased from 2956 to 2956
    combining block information for theta and lambda with site information
7.  computing set of filtered neutral sites in blocks, time 0h0m50s
8.  flanking sites: retrieving polymorphic sites, time 0h0m56s
9. flanking sites: retrieving ancestral priors, time 0h0m57s
Sat May  9 10:22:03 EDT 2015
Sat May  9 10:22:03 EDT 2015
    prior probabilities for 'A'... .
Sat May  9 10:22:03 EDT 2015
    prior probabilities for 'C'... .
Sat May  9 10:22:03 EDT 2015
    prior probabilities for 'G'... .
Sat May  9 10:22:03 EDT 2015
    prior probabilities for 'T'... .
Sat May  9 10:22:03 EDT 2015
Sat May  9 10:22:03 EDT 2015
10. flanking sites: combining ancestral priors and observed alleles, time 0h0m57s
11. flanking sites: combining site and block info, time 0h0m57s
12. tarring intermediate site summaries, time 0h0m57s
tar: Removing leading `/' from member names
Done with 2956 sites after filtering, and 251 polymorphic flanking neutral sites. time 0h0m57s
