==================================================================
  Processing data set NSF_downregulated_GENE_cis_elements_distal
==================================================================
1.  filtering elements, time 0h0m0s
    sites in original bed file: 900
               autosomal sites: 900
               after filtering: 567
2.  generating polymorphism summary for all sites, time 0h0m5s
3.  retrieving ancestral priors for all sites, time 0h0m5s
Fri May  8 23:38:18 EDT 2015
Fri May  8 23:38:18 EDT 2015
    prior probabilities for 'A'... .
Fri May  8 23:38:18 EDT 2015
    prior probabilities for 'C'... .
Fri May  8 23:38:19 EDT 2015
    prior probabilities for 'G'... .
Fri May  8 23:38:19 EDT 2015
    prior probabilities for 'T'... .
Fri May  8 23:38:19 EDT 2015
Fri May  8 23:38:19 EDT 2015
4.  combining polymorphism summary with ancestral priors, time 0h0m6s
5.  filtering sites with no variation or ancestral data, time 0h0m6s
    total number of sites:    567
    sites with sequence data: 539
6.  retrieving lambdas and thetas from appropriate genomic blocks, time 0h0m6s
    found 5 total blocks with lambda values.
    found 5 blocks with at least 100 sites with information on lamda.
    found 5 total blocks with theta values.
    found 5 blocks with at least 100 sites with information on theta.
    obtaining intersection bed file
    filtering sites that do not appear in blocks with sufficient information
    number of sites decreased from 539 to 539
    combining block information for theta and lambda with site information
7.  computing set of filtered neutral sites in blocks, time 0h0m8s
8.  flanking sites: retrieving polymorphic sites, time 0h0m10s
9. flanking sites: retrieving ancestral priors, time 0h0m14s
Fri May  8 23:38:27 EDT 2015
Fri May  8 23:38:27 EDT 2015
    prior probabilities for 'A'... .
Fri May  8 23:38:27 EDT 2015
    prior probabilities for 'C'... .
Fri May  8 23:38:27 EDT 2015
    prior probabilities for 'G'... .
Fri May  8 23:38:27 EDT 2015
    prior probabilities for 'T'... .
Fri May  8 23:38:27 EDT 2015
Fri May  8 23:38:27 EDT 2015
10. flanking sites: combining ancestral priors and observed alleles, time 0h0m14s
11. flanking sites: combining site and block info, time 0h0m14s
12. tarring intermediate site summaries, time 0h0m14s
tar: Removing leading `/' from member names
Done with 539 sites after filtering, and 23 polymorphic flanking neutral sites. time 0h0m14s
