==================================================================
  Processing data set GPR123_upregulated_GENE_cis_elements_distal
==================================================================
1.  filtering elements, time 0h0m0s
    sites in original bed file: 34950
               autosomal sites: 34950
               after filtering: 27592
2.  generating polymorphism summary for all sites, time 0h0m2s
3.  retrieving ancestral priors for all sites, time 0h0m3s
Sat May  9 10:37:12 EDT 2015
Sat May  9 10:37:12 EDT 2015
    prior probabilities for 'A'... .
Sat May  9 10:37:20 EDT 2015
    prior probabilities for 'C'... .
Sat May  9 10:37:27 EDT 2015
    prior probabilities for 'G'... .
Sat May  9 10:37:34 EDT 2015
    prior probabilities for 'T'... .
Sat May  9 10:37:42 EDT 2015
Sat May  9 10:37:42 EDT 2015
4.  combining polymorphism summary with ancestral priors, time 0h0m33s
5.  filtering sites with no variation or ancestral data, time 0h0m33s
    total number of sites:    27592
    sites with sequence data: 19238
6.  retrieving lambdas and thetas from appropriate genomic blocks, time 0h0m33s
    found 92 total blocks with lambda values.
    found 92 blocks with at least 100 sites with information on lamda.
    found 92 total blocks with theta values.
    found 92 blocks with at least 100 sites with information on theta.
    obtaining intersection bed file
    filtering sites that do not appear in blocks with sufficient information
    number of sites decreased from 19238 to 19238
    combining block information for theta and lambda with site information
7.  computing set of filtered neutral sites in blocks, time 0h0m35s
8.  flanking sites: retrieving polymorphic sites, time 0h0m36s
9. flanking sites: retrieving ancestral priors, time 0h0m37s
Sat May  9 10:37:46 EDT 2015
Sat May  9 10:37:46 EDT 2015
    prior probabilities for 'A'... .
Sat May  9 10:37:46 EDT 2015
    prior probabilities for 'C'... .
Sat May  9 10:37:46 EDT 2015
    prior probabilities for 'G'... .
Sat May  9 10:37:46 EDT 2015
    prior probabilities for 'T'... .
Sat May  9 10:37:46 EDT 2015
Sat May  9 10:37:46 EDT 2015
10. flanking sites: combining ancestral priors and observed alleles, time 0h0m37s
11. flanking sites: combining site and block info, time 0h0m37s
12. tarring intermediate site summaries, time 0h0m37s
tar: Removing leading `/' from member names
Done with 19238 sites after filtering, and 680 polymorphic flanking neutral sites. time 0h0m38s
