==================================================================
  Processing data set LHFPL5_upregulated_GENE_cis_elements_proximal
==================================================================
1.  filtering elements, time 0h0m0s
    sites in original bed file: 300
               autosomal sites: 300
               after filtering: 256
2.  generating polymorphism summary for all sites, time 0h0m10s
3.  retrieving ancestral priors for all sites, time 0h0m10s
Sat May  9 04:45:31 EDT 2015
Sat May  9 04:45:31 EDT 2015
    prior probabilities for 'A'... .
Sat May  9 04:45:32 EDT 2015
    prior probabilities for 'C'... .
Sat May  9 04:45:32 EDT 2015
    prior probabilities for 'G'... .
Sat May  9 04:45:32 EDT 2015
    prior probabilities for 'T'... .
Sat May  9 04:45:32 EDT 2015
Sat May  9 04:45:32 EDT 2015
4.  combining polymorphism summary with ancestral priors, time 0h0m11s
5.  filtering sites with no variation or ancestral data, time 0h0m11s
    total number of sites:    256
    sites with sequence data: 159
6.  retrieving lambdas and thetas from appropriate genomic blocks, time 0h0m11s
    found 2 total blocks with lambda values.
    found 2 blocks with at least 100 sites with information on lamda.
    found 2 total blocks with theta values.
    found 2 blocks with at least 100 sites with information on theta.
    obtaining intersection bed file
    filtering sites that do not appear in blocks with sufficient information
    number of sites decreased from 159 to 159
    combining block information for theta and lambda with site information
7.  computing set of filtered neutral sites in blocks, time 0h0m12s
8.  flanking sites: retrieving polymorphic sites, time 0h0m18s
9. flanking sites: retrieving ancestral priors, time 0h0m18s
Sat May  9 04:45:39 EDT 2015
Sat May  9 04:45:39 EDT 2015
    prior probabilities for 'A'... .
Sat May  9 04:45:39 EDT 2015
    prior probabilities for 'C'... .
Sat May  9 04:45:39 EDT 2015
    prior probabilities for 'G'... .
Sat May  9 04:45:39 EDT 2015
    prior probabilities for 'T'... .
Sat May  9 04:45:39 EDT 2015
Sat May  9 04:45:39 EDT 2015
10. flanking sites: combining ancestral priors and observed alleles, time 0h0m18s
11. flanking sites: combining site and block info, time 0h0m18s
12. tarring intermediate site summaries, time 0h0m18s
tar: Removing leading `/' from member names
Done with 159 sites after filtering, and 7 polymorphic flanking neutral sites. time 0h0m18s
