==================================================================
  Running INSIGHT-EM on data set SLC24A2_downregulated_GENE_cis_elements
  Frequency thresholds: 15
==================================================================
    adding pseudo-count sites, time 0h0m0s

==================================================================
  Estimating beta1, beta2, and beta3 for freq threshold 15 on file emOutput/SLC24A2_downregulated_GENE_cis_elements.emInput.flankPoly.forBetas.ins
==================================================================
1.  applying frequency threshold to input file, time 0h0m0s
2.  estimating beta2 from L and H counts in flankPoly file, time 0h0m0s
    beta2 = 0.375
3.  estimating beta1 and beta3 by applying INSIGHT-EM to flank input file, time 0h0m0s
    Invoking  ./INSIGHT-EM/bin/INSIGHT-EM-v1.2-beta -v -i 100000 -b emOutput/SLC24A2_downregulated_GENE_cis_elements.emInput.flankPoly.forBetas.ins.f15
    INSIGHT-EM converged.
4.  getting beta line, time 0h0m0s
    Beta line: beta 0.625 0.375 0
Done. time 0h0m0s

==================================================================
  Estimating selection parameters for freq threshold 15 on file emOutput/SLC24A2_downregulated_GENE_cis_elements.emInput.ins
==================================================================
1.  applying frequency threshold 15 to input file and adding beta line, time 0h0m0s
2.  estimating selection parameters, time 0h0m0s
    Invoking  ./INSIGHT-EM/bin/INSIGHT-EM-v1.2-beta -v -i 1000000 -p emOutput/SLC24A2_downregulated_GENE_cis_elements.post.sites emOutput/SLC24A2_downregulated_GENE_cis_elements.emInput.ins.f15
    INSIGHT-EM converged.
3.  restricting rho=0 for LRT for selection, time 0h0m0s
    Invoking  ./INSIGHT-EM/bin/INSIGHT-EM-v1.2-beta -v -i 1000000 -fr -r 0.0 emOutput/SLC24A2_downregulated_GENE_cis_elements.emInput.ins.f15
    INSIGHT-EM converged.
4.  restricting eta=0 for LRT for positive selection, time 0h0m0s
    Invoking  ./INSIGHT-EM/bin/INSIGHT-EM-v1.2-beta -v -i 1000000 -fe -e 0.0 emOutput/SLC24A2_downregulated_GENE_cis_elements.emInput.ins.f15
    INSIGHT-EM converged.
5.  restricting gamma=0 for LRT for selection, time 0h0m0s
    Invoking  ./INSIGHT-EM/bin/INSIGHT-EM-v1.2-beta -v -i 1000000 -fg -g 0.0 emOutput/SLC24A2_downregulated_GENE_cis_elements.emInput.ins.f15
    INSIGHT-EM converged.
Done. time 0h0m0s

==================================================================
  Processing results 
==================================================================
Done. time 0h0m0s
