==================================================================
  Processing data set EFNA3_downregulated_GENE_cis_elements_distal
==================================================================
1.  filtering elements, time 0h0m0s
    sites in original bed file: 10000
               autosomal sites: 10000
               after filtering: 8531
2.  generating polymorphism summary for all sites, time 0h0m1s
3.  retrieving ancestral priors for all sites, time 0h0m1s
Fri May  8 23:14:13 EDT 2015
Fri May  8 23:14:13 EDT 2015
    prior probabilities for 'A'... .
Fri May  8 23:14:21 EDT 2015
    prior probabilities for 'C'... .
Fri May  8 23:14:28 EDT 2015
    prior probabilities for 'G'... .
Fri May  8 23:14:35 EDT 2015
    prior probabilities for 'T'... .
Fri May  8 23:14:43 EDT 2015
Fri May  8 23:14:43 EDT 2015
4.  combining polymorphism summary with ancestral priors, time 0h0m31s
5.  filtering sites with no variation or ancestral data, time 0h0m31s
    total number of sites:    8531
    sites with sequence data: 6631
6.  retrieving lambdas and thetas from appropriate genomic blocks, time 0h0m31s
    found 30 total blocks with lambda values.
    found 30 blocks with at least 100 sites with information on lamda.
    found 30 total blocks with theta values.
    found 29 blocks with at least 100 sites with information on theta.
    obtaining intersection bed file
    filtering sites that do not appear in blocks with sufficient information
    number of sites decreased from 6631 to 6194
    combining block information for theta and lambda with site information
7.  computing set of filtered neutral sites in blocks, time 0h0m34s
8.  flanking sites: retrieving polymorphic sites, time 0h0m34s
9. flanking sites: retrieving ancestral priors, time 0h0m34s
Fri May  8 23:14:46 EDT 2015
Fri May  8 23:14:46 EDT 2015
    prior probabilities for 'A'... .
Fri May  8 23:14:46 EDT 2015
    prior probabilities for 'C'... .
Fri May  8 23:14:47 EDT 2015
    prior probabilities for 'G'... .
Fri May  8 23:14:47 EDT 2015
    prior probabilities for 'T'... .
Fri May  8 23:14:47 EDT 2015
Fri May  8 23:14:47 EDT 2015
10. flanking sites: combining ancestral priors and observed alleles, time 0h0m35s
11. flanking sites: combining site and block info, time 0h0m35s
12. tarring intermediate site summaries, time 0h0m35s
tar: Removing leading `/' from member names
Done with 6194 sites after filtering, and 185 polymorphic flanking neutral sites. time 0h0m35s
