==================================================================
  Processing data set FAM184B_GENE_cis_elements_proximal
==================================================================
1.  filtering elements, time 0h0m0s
    sites in original bed file: 150
               autosomal sites: 150
               after filtering: 114
2.  generating polymorphism summary for all sites, time 0h0m8s
3.  retrieving ancestral priors for all sites, time 0h0m9s
Fri May  8 12:19:05 EDT 2015
Fri May  8 12:19:05 EDT 2015
    prior probabilities for 'A'... .
Fri May  8 12:19:05 EDT 2015
    prior probabilities for 'C'... .
Fri May  8 12:19:05 EDT 2015
    prior probabilities for 'G'... .
Fri May  8 12:19:05 EDT 2015
    prior probabilities for 'T'... .
Fri May  8 12:19:05 EDT 2015
Fri May  8 12:19:05 EDT 2015
4.  combining polymorphism summary with ancestral priors, time 0h0m9s
5.  filtering sites with no variation or ancestral data, time 0h0m9s
    total number of sites:    114
    sites with sequence data: 72
6.  retrieving lambdas and thetas from appropriate genomic blocks, time 0h0m9s
    found 1 total blocks with lambda values.
    found 1 blocks with at least 100 sites with information on lamda.
    found 1 total blocks with theta values.
    found 1 blocks with at least 100 sites with information on theta.
    obtaining intersection bed file
    filtering sites that do not appear in blocks with sufficient information
    number of sites decreased from 72 to 72
    combining block information for theta and lambda with site information
7.  computing set of filtered neutral sites in blocks, time 0h0m10s
8.  flanking sites: retrieving polymorphic sites, time 0h0m15s
9. flanking sites: retrieving ancestral priors, time 0h0m15s
Fri May  8 12:19:11 EDT 2015
Fri May  8 12:19:11 EDT 2015
    prior probabilities for 'A'... .
Fri May  8 12:19:11 EDT 2015
    prior probabilities for 'C'... .
Fri May  8 12:19:11 EDT 2015
    prior probabilities for 'G'... .
Fri May  8 12:19:11 EDT 2015
    prior probabilities for 'T'... .
Fri May  8 12:19:11 EDT 2015
Fri May  8 12:19:11 EDT 2015
10. flanking sites: combining ancestral priors and observed alleles, time 0h0m15s
11. flanking sites: combining site and block info, time 0h0m15s
12. tarring intermediate site summaries, time 0h0m15s
tar: Removing leading `/' from member names
Done with 72 sites after filtering, and 10 polymorphic flanking neutral sites. time 0h0m15s
