==================================================================
  Processing data set SH2D5_upregulated_GENE_cis_elements_distal
==================================================================
1.  filtering elements, time 0h0m0s
    sites in original bed file: 1650
               autosomal sites: 1650
               after filtering: 1392
2.  generating polymorphism summary for all sites, time 0h0m0s
3.  retrieving ancestral priors for all sites, time 0h0m0s
Sat May  9 11:08:13 EDT 2015
Sat May  9 11:08:13 EDT 2015
    prior probabilities for 'A'... .
Sat May  9 11:08:13 EDT 2015
    prior probabilities for 'C'... .
Sat May  9 11:08:14 EDT 2015
    prior probabilities for 'G'... .
Sat May  9 11:08:14 EDT 2015
    prior probabilities for 'T'... .
Sat May  9 11:08:14 EDT 2015
Sat May  9 11:08:14 EDT 2015
4.  combining polymorphism summary with ancestral priors, time 0h0m1s
5.  filtering sites with no variation or ancestral data, time 0h0m1s
    total number of sites:    1392
    sites with sequence data: 1186
6.  retrieving lambdas and thetas from appropriate genomic blocks, time 0h0m1s
    found 9 total blocks with lambda values.
    found 9 blocks with at least 100 sites with information on lamda.
    found 9 total blocks with theta values.
    found 9 blocks with at least 100 sites with information on theta.
    obtaining intersection bed file
    filtering sites that do not appear in blocks with sufficient information
    number of sites decreased from 1186 to 1186
    combining block information for theta and lambda with site information
7.  computing set of filtered neutral sites in blocks, time 0h0m3s
8.  flanking sites: retrieving polymorphic sites, time 0h0m3s
9. flanking sites: retrieving ancestral priors, time 0h0m3s
Sat May  9 11:08:16 EDT 2015
Sat May  9 11:08:16 EDT 2015
    prior probabilities for 'A'... .
Sat May  9 11:08:16 EDT 2015
    prior probabilities for 'C'... .
Sat May  9 11:08:16 EDT 2015
    prior probabilities for 'G'... .
Sat May  9 11:08:16 EDT 2015
    prior probabilities for 'T'... .
Sat May  9 11:08:16 EDT 2015
Sat May  9 11:08:16 EDT 2015
10. flanking sites: combining ancestral priors and observed alleles, time 0h0m3s
11. flanking sites: combining site and block info, time 0h0m3s
12. tarring intermediate site summaries, time 0h0m3s
tar: Removing leading `/' from member names
Done with 1186 sites after filtering, and 38 polymorphic flanking neutral sites. time 0h0m3s
