==================================================================
  Processing data set LRRC2_GENE_cis_elements_distal
==================================================================
1.  filtering elements, time 0h0m0s
    sites in original bed file: 10800
               autosomal sites: 10800
               after filtering: 7439
2.  generating polymorphism summary for all sites, time 0h0m9s
3.  retrieving ancestral priors for all sites, time 0h0m9s
Fri May  8 16:58:14 EDT 2015
Fri May  8 16:58:14 EDT 2015
    prior probabilities for 'A'... .
Fri May  8 16:58:19 EDT 2015
    prior probabilities for 'C'... .
Fri May  8 16:58:24 EDT 2015
    prior probabilities for 'G'... .
Fri May  8 16:58:29 EDT 2015
    prior probabilities for 'T'... .
Fri May  8 16:58:35 EDT 2015
Fri May  8 16:58:35 EDT 2015
4.  combining polymorphism summary with ancestral priors, time 0h0m30s
5.  filtering sites with no variation or ancestral data, time 0h0m30s
    total number of sites:    7439
    sites with sequence data: 5895
6.  retrieving lambdas and thetas from appropriate genomic blocks, time 0h0m30s
    found 32 total blocks with lambda values.
    found 32 blocks with at least 100 sites with information on lamda.
    found 32 total blocks with theta values.
    found 32 blocks with at least 100 sites with information on theta.
    obtaining intersection bed file
    filtering sites that do not appear in blocks with sufficient information
    number of sites decreased from 5895 to 5895
    combining block information for theta and lambda with site information
7.  computing set of filtered neutral sites in blocks, time 0h0m32s
8.  flanking sites: retrieving polymorphic sites, time 0h0m36s
9. flanking sites: retrieving ancestral priors, time 0h0m36s
Fri May  8 16:58:41 EDT 2015
Fri May  8 16:58:41 EDT 2015
    prior probabilities for 'A'... .
Fri May  8 16:58:41 EDT 2015
    prior probabilities for 'C'... .
Fri May  8 16:58:42 EDT 2015
    prior probabilities for 'G'... .
Fri May  8 16:58:42 EDT 2015
    prior probabilities for 'T'... .
Fri May  8 16:58:42 EDT 2015
Fri May  8 16:58:42 EDT 2015
10. flanking sites: combining ancestral priors and observed alleles, time 0h0m37s
11. flanking sites: combining site and block info, time 0h0m37s
12. tarring intermediate site summaries, time 0h0m37s
tar: Removing leading `/' from member names
Done with 5895 sites after filtering, and 268 polymorphic flanking neutral sites. time 0h0m37s
