==================================================================
  Processing data set ADCYAP1R1_downregulated_GENE_cis_elements_distal
==================================================================
1.  filtering elements, time 0h0m0s
    sites in original bed file: 9080
               autosomal sites: 9080
               after filtering: 7327
2.  generating polymorphism summary for all sites, time 0h0m12s
3.  retrieving ancestral priors for all sites, time 0h0m12s
Fri May  8 23:03:35 EDT 2015
Fri May  8 23:03:35 EDT 2015
    prior probabilities for 'A'... .
Fri May  8 23:03:39 EDT 2015
    prior probabilities for 'C'... .
Fri May  8 23:03:42 EDT 2015
    prior probabilities for 'G'... .
Fri May  8 23:03:46 EDT 2015
    prior probabilities for 'T'... .
Fri May  8 23:03:50 EDT 2015
Fri May  8 23:03:50 EDT 2015
4.  combining polymorphism summary with ancestral priors, time 0h0m27s
5.  filtering sites with no variation or ancestral data, time 0h0m27s
    total number of sites:    7327
    sites with sequence data: 6312
6.  retrieving lambdas and thetas from appropriate genomic blocks, time 0h0m27s
    found 38 total blocks with lambda values.
    found 38 blocks with at least 100 sites with information on lamda.
    found 38 total blocks with theta values.
    found 38 blocks with at least 100 sites with information on theta.
    obtaining intersection bed file
    filtering sites that do not appear in blocks with sufficient information
    number of sites decreased from 6312 to 6312
    combining block information for theta and lambda with site information
7.  computing set of filtered neutral sites in blocks, time 0h0m29s
8.  flanking sites: retrieving polymorphic sites, time 0h0m35s
9. flanking sites: retrieving ancestral priors, time 0h0m36s
Fri May  8 23:03:59 EDT 2015
Fri May  8 23:03:59 EDT 2015
    prior probabilities for 'A'... .
Fri May  8 23:03:59 EDT 2015
    prior probabilities for 'C'... .
Fri May  8 23:03:59 EDT 2015
    prior probabilities for 'G'... .
Fri May  8 23:03:59 EDT 2015
    prior probabilities for 'T'... .
Fri May  8 23:03:59 EDT 2015
Fri May  8 23:03:59 EDT 2015
10. flanking sites: combining ancestral priors and observed alleles, time 0h0m36s
11. flanking sites: combining site and block info, time 0h0m36s
12. tarring intermediate site summaries, time 0h0m36s
tar: Removing leading `/' from member names
Done with 6312 sites after filtering, and 371 polymorphic flanking neutral sites. time 0h0m36s
