==================================================================
  Processing data set SPOCK1_GENE_cis_elements_distal
==================================================================
1.  filtering elements, time 0h0m0s
    sites in original bed file: 18000
               autosomal sites: 18000
               after filtering: 15155
2.  generating polymorphism summary for all sites, time 0h0m13s
3.  retrieving ancestral priors for all sites, time 0h0m14s
Thu May  7 17:25:18 EDT 2015
Thu May  7 17:25:18 EDT 2015
    prior probabilities for 'A'... .
Thu May  7 17:25:28 EDT 2015
    prior probabilities for 'C'... .
Thu May  7 17:25:39 EDT 2015
    prior probabilities for 'G'... .
Thu May  7 17:25:49 EDT 2015
    prior probabilities for 'T'... .
Thu May  7 17:25:59 EDT 2015
Thu May  7 17:25:59 EDT 2015
4.  combining polymorphism summary with ancestral priors, time 0h0m55s
5.  filtering sites with no variation or ancestral data, time 0h0m55s
    total number of sites:    15155
    sites with sequence data: 14236
6.  retrieving lambdas and thetas from appropriate genomic blocks, time 0h0m55s
    found 78 total blocks with lambda values.
    found 78 blocks with at least 100 sites with information on lamda.
    found 78 total blocks with theta values.
    found 78 blocks with at least 100 sites with information on theta.
    obtaining intersection bed file
    filtering sites that do not appear in blocks with sufficient information
    number of sites decreased from 14236 to 14236
    combining block information for theta and lambda with site information
7.  computing set of filtered neutral sites in blocks, time 0h0m57s
8.  flanking sites: retrieving polymorphic sites, time 0h1m5s
9. flanking sites: retrieving ancestral priors, time 0h1m7s
Thu May  7 17:26:11 EDT 2015
Thu May  7 17:26:11 EDT 2015
    prior probabilities for 'A'... .
Thu May  7 17:26:11 EDT 2015
    prior probabilities for 'C'... .
Thu May  7 17:26:11 EDT 2015
    prior probabilities for 'G'... .
Thu May  7 17:26:11 EDT 2015
    prior probabilities for 'T'... .
Thu May  7 17:26:11 EDT 2015
Thu May  7 17:26:11 EDT 2015
10. flanking sites: combining ancestral priors and observed alleles, time 0h1m7s
11. flanking sites: combining site and block info, time 0h1m8s
12. tarring intermediate site summaries, time 0h1m8s
tar: Removing leading `/' from member names
Done with 14236 sites after filtering, and 968 polymorphic flanking neutral sites. time 0h1m8s
