==================================================================
  Processing data set SLC1A2_GENE_cis_elements_distal
==================================================================
1.  filtering elements, time 0h0m0s
    sites in original bed file: 22200
               autosomal sites: 22200
               after filtering: 19893
2.  generating polymorphism summary for all sites, time 0h0m2s
3.  retrieving ancestral priors for all sites, time 0h0m2s
Thu May  7 17:23:50 EDT 2015
Thu May  7 17:23:50 EDT 2015
    prior probabilities for 'A'... .
Thu May  7 17:23:58 EDT 2015
    prior probabilities for 'C'... .
Thu May  7 17:24:04 EDT 2015
    prior probabilities for 'G'... .
Thu May  7 17:24:10 EDT 2015
    prior probabilities for 'T'... .
Thu May  7 17:24:15 EDT 2015
Thu May  7 17:24:16 EDT 2015
4.  combining polymorphism summary with ancestral priors, time 0h0m28s
5.  filtering sites with no variation or ancestral data, time 0h0m28s
    total number of sites:    19893
    sites with sequence data: 19021
6.  retrieving lambdas and thetas from appropriate genomic blocks, time 0h0m28s
    found 85 total blocks with lambda values.
    found 85 blocks with at least 100 sites with information on lamda.
    found 85 total blocks with theta values.
    found 85 blocks with at least 100 sites with information on theta.
    obtaining intersection bed file
    filtering sites that do not appear in blocks with sufficient information
    number of sites decreased from 19021 to 19021
    combining block information for theta and lambda with site information
7.  computing set of filtered neutral sites in blocks, time 0h0m30s
8.  flanking sites: retrieving polymorphic sites, time 0h0m31s
9. flanking sites: retrieving ancestral priors, time 0h0m34s
Thu May  7 17:24:22 EDT 2015
Thu May  7 17:24:22 EDT 2015
    prior probabilities for 'A'... .
Thu May  7 17:24:22 EDT 2015
    prior probabilities for 'C'... .
Thu May  7 17:24:22 EDT 2015
    prior probabilities for 'G'... .
Thu May  7 17:24:22 EDT 2015
    prior probabilities for 'T'... .
Thu May  7 17:24:22 EDT 2015
Thu May  7 17:24:22 EDT 2015
10. flanking sites: combining ancestral priors and observed alleles, time 0h0m34s
11. flanking sites: combining site and block info, time 0h0m34s
12. tarring intermediate site summaries, time 0h0m35s
tar: Removing leading `/' from member names
Done with 19021 sites after filtering, and 1283 polymorphic flanking neutral sites. time 0h0m35s
