==================================================================
  Processing data set NECAB1_GENE_cis_elements_distal
==================================================================
1.  filtering elements, time 0h0m0s
    sites in original bed file: 6600
               autosomal sites: 6600
               after filtering: 4387
2.  generating polymorphism summary for all sites, time 0h0m16s
3.  retrieving ancestral priors for all sites, time 0h0m16s
Thu May  7 17:11:48 EDT 2015
Thu May  7 17:11:48 EDT 2015
    prior probabilities for 'A'... .
Thu May  7 17:11:56 EDT 2015
    prior probabilities for 'C'... .
Thu May  7 17:12:05 EDT 2015
    prior probabilities for 'G'... .
Thu May  7 17:12:13 EDT 2015
    prior probabilities for 'T'... .
Thu May  7 17:12:21 EDT 2015
Thu May  7 17:12:21 EDT 2015
4.  combining polymorphism summary with ancestral priors, time 0h0m49s
5.  filtering sites with no variation or ancestral data, time 0h0m49s
    total number of sites:    4387
    sites with sequence data: 4004
6.  retrieving lambdas and thetas from appropriate genomic blocks, time 0h0m49s
    found 30 total blocks with lambda values.
    found 30 blocks with at least 100 sites with information on lamda.
    found 30 total blocks with theta values.
    found 30 blocks with at least 100 sites with information on theta.
    obtaining intersection bed file
    filtering sites that do not appear in blocks with sufficient information
    number of sites decreased from 4004 to 4004
    combining block information for theta and lambda with site information
7.  computing set of filtered neutral sites in blocks, time 0h0m50s
8.  flanking sites: retrieving polymorphic sites, time 0h1m1s
9. flanking sites: retrieving ancestral priors, time 0h1m1s
Thu May  7 17:12:33 EDT 2015
Thu May  7 17:12:33 EDT 2015
    prior probabilities for 'A'... .
Thu May  7 17:12:33 EDT 2015
    prior probabilities for 'C'... .
Thu May  7 17:12:33 EDT 2015
    prior probabilities for 'G'... .
Thu May  7 17:12:33 EDT 2015
    prior probabilities for 'T'... .
Thu May  7 17:12:33 EDT 2015
Thu May  7 17:12:33 EDT 2015
10. flanking sites: combining ancestral priors and observed alleles, time 0h1m1s
11. flanking sites: combining site and block info, time 0h1m1s
12. tarring intermediate site summaries, time 0h1m1s
tar: Removing leading `/' from member names
Done with 4004 sites after filtering, and 323 polymorphic flanking neutral sites. time 0h1m1s
