==================================================================
  Processing data set CAMK1G_downregulated_GENE_cis_elements_distal
==================================================================
1.  filtering elements, time 0h0m0s
    sites in original bed file: 9900
               autosomal sites: 9900
               after filtering: 9037
2.  generating polymorphism summary for all sites, time 0h0m1s
3.  retrieving ancestral priors for all sites, time 0h0m2s
Fri May  8 23:08:08 EDT 2015
Fri May  8 23:08:08 EDT 2015
    prior probabilities for 'A'... .
Fri May  8 23:08:16 EDT 2015
    prior probabilities for 'C'... .
Fri May  8 23:08:24 EDT 2015
    prior probabilities for 'G'... .
Fri May  8 23:08:31 EDT 2015
    prior probabilities for 'T'... .
Fri May  8 23:08:37 EDT 2015
Fri May  8 23:08:37 EDT 2015
4.  combining polymorphism summary with ancestral priors, time 0h0m31s
5.  filtering sites with no variation or ancestral data, time 0h0m31s
    total number of sites:    9037
    sites with sequence data: 8094
6.  retrieving lambdas and thetas from appropriate genomic blocks, time 0h0m31s
    found 35 total blocks with lambda values.
    found 35 blocks with at least 100 sites with information on lamda.
    found 35 total blocks with theta values.
    found 35 blocks with at least 100 sites with information on theta.
    obtaining intersection bed file
    filtering sites that do not appear in blocks with sufficient information
    number of sites decreased from 8094 to 8094
    combining block information for theta and lambda with site information
7.  computing set of filtered neutral sites in blocks, time 0h0m33s
8.  flanking sites: retrieving polymorphic sites, time 0h0m33s
9. flanking sites: retrieving ancestral priors, time 0h0m34s
Fri May  8 23:08:40 EDT 2015
Fri May  8 23:08:40 EDT 2015
    prior probabilities for 'A'... .
Fri May  8 23:08:40 EDT 2015
    prior probabilities for 'C'... .
Fri May  8 23:08:40 EDT 2015
    prior probabilities for 'G'... .
Fri May  8 23:08:40 EDT 2015
    prior probabilities for 'T'... .
Fri May  8 23:08:40 EDT 2015
Fri May  8 23:08:40 EDT 2015
10. flanking sites: combining ancestral priors and observed alleles, time 0h0m34s
11. flanking sites: combining site and block info, time 0h0m34s
12. tarring intermediate site summaries, time 0h0m34s
tar: Removing leading `/' from member names
Done with 8094 sites after filtering, and 352 polymorphic flanking neutral sites. time 0h0m34s
