==================================================================
  Processing data set FAM163B_downregulated_GENE_cis_elements_distal
==================================================================
1.  filtering elements, time 0h0m0s
    sites in original bed file: 13950
               autosomal sites: 13950
               after filtering: 10734
2.  generating polymorphism summary for all sites, time 0h0m13s
3.  retrieving ancestral priors for all sites, time 0h0m13s
Fri May  8 23:16:41 EDT 2015
Fri May  8 23:16:41 EDT 2015
    prior probabilities for 'A'... .
Fri May  8 23:16:44 EDT 2015
    prior probabilities for 'C'... .
Fri May  8 23:16:47 EDT 2015
    prior probabilities for 'G'... .
Fri May  8 23:16:50 EDT 2015
    prior probabilities for 'T'... .
Fri May  8 23:16:53 EDT 2015
Fri May  8 23:16:53 EDT 2015
4.  combining polymorphism summary with ancestral priors, time 0h0m25s
5.  filtering sites with no variation or ancestral data, time 0h0m25s
    total number of sites:    10734
    sites with sequence data: 8917
6.  retrieving lambdas and thetas from appropriate genomic blocks, time 0h0m25s
    found 48 total blocks with lambda values.
    found 48 blocks with at least 100 sites with information on lamda.
    found 48 total blocks with theta values.
    found 48 blocks with at least 100 sites with information on theta.
    obtaining intersection bed file
    filtering sites that do not appear in blocks with sufficient information
    number of sites decreased from 8917 to 8917
    combining block information for theta and lambda with site information
7.  computing set of filtered neutral sites in blocks, time 0h0m26s
8.  flanking sites: retrieving polymorphic sites, time 0h0m34s
9. flanking sites: retrieving ancestral priors, time 0h0m35s
Fri May  8 23:17:03 EDT 2015
Fri May  8 23:17:03 EDT 2015
    prior probabilities for 'A'... .
Fri May  8 23:17:03 EDT 2015
    prior probabilities for 'C'... .
Fri May  8 23:17:03 EDT 2015
    prior probabilities for 'G'... .
Fri May  8 23:17:03 EDT 2015
    prior probabilities for 'T'... .
Fri May  8 23:17:03 EDT 2015
Fri May  8 23:17:03 EDT 2015
10. flanking sites: combining ancestral priors and observed alleles, time 0h0m35s
11. flanking sites: combining site and block info, time 0h0m35s
12. tarring intermediate site summaries, time 0h0m35s
tar: Removing leading `/' from member names
Done with 8917 sites after filtering, and 625 polymorphic flanking neutral sites. time 0h0m36s
