thres-15-beta	Commandline: ./INSIGHT-EM/bin/INSIGHT-EM-v1.2-beta -v -i 100000 -b emOutput/KCNQ3_upregulated_GENE_cis_elements_proximal.emInput.flankPoly.forBetas.ins.f15
thres-15-beta	----------------------------------------------------------------------------------------------
thres-15-beta	       INSIGHT-EM v1.2-beta, May 2014 
thres-15-beta	----------------------------------------------------------------------------------------------
thres-15-beta	==> Estimating the ratio beta1/(beta1+beta3) using neutral sites with low MAF.
thres-15-beta	----------------------------------------------------------------------------------------------
thres-15-beta	==> Processing site data file 'emOutput/KCNQ3_upregulated_GENE_cis_elements_proximal.emInput.flankPoly.forBetas.ins.f15' and lambda parameters
thres-15-beta	==> Performing EM on ratio beta1/(beta1+beta3) [ initial value = 0.5 ]
thres-15-beta	    - EM stops after 100000 iterations or when log-likelihood increase is below 1e-06
thres-15-beta	    - '.' = 100 iterations
thres-15-beta	----------------------------------------------------------------------------------------------
thres-15-beta	Progress: 
thres-15-beta	Done. Running time  0m00s.
thres-15-beta	
thres-15-beta	----------------------------------------------------------
thres-15-beta	           beta1 
thres-15-beta	Estimates: 0.834449 
thres-15-beta	----------------------------------------------------------------------------------------------
thres-15-beta	             iter     lnLd       diff       status
thres-15-beta	EM status:       4   -8.17433 4.56727e-08  converged
thres-15-beta	----------------------------------------------------------------------------------------------
thres-15-beta	Beta Line: beta 0.751004 0.1 0.148996
thres-15-main	Commandline: ./INSIGHT-EM/bin/INSIGHT-EM-v1.2-beta -v -i 1000000 -p emOutput/KCNQ3_upregulated_GENE_cis_elements_proximal.post.sites emOutput/KCNQ3_upregulated_GENE_cis_elements_proximal.emInput.ins.f15
thres-15-main	----------------------------------------------------------------------------------------------
thres-15-main	       INSIGHT-EM v1.2-beta, May 2014 
thres-15-main	----------------------------------------------------------------------------------------------
thres-15-main	==> Processing site data file 'emOutput/KCNQ3_upregulated_GENE_cis_elements_proximal.emInput.ins.f15' and extracting neutral model parameters
thres-15-main	==> Data file consists of 142 sites in 2 genomic blocks.
thres-15-main	==> Performing EM on selection parameters
thres-15-main	    - EM stops after 1000000 iterations or when log-likelihood increase is below 1e-06
thres-15-main	    - '.' = 100 iterations
thres-15-main	    - estimating the following parameters: rho (init = 0.600000) eta (init = 1.000000) gamma (init = 0.500000).
thres-15-main	    - using complete version of the model integrating over assignments to the ancestral states Zi.
thres-15-main	----------------------------------------------------------------------------------------------
thres-15-main	Progress: .......
thres-15-main	Done. Running time  0m00s.
thres-15-main	----------------------------------------------------------------------------------------------
thres-15-main	==> Posterior counts output to file emOutput/KCNQ3_upregulated_GENE_cis_elements_proximal.post.sites.
thres-15-main	----------------------------------------------------------------------------------------------
thres-15-main	             rho      eta    gamma       Dp       Pw    alpha      tau
thres-15-main	Estimates: 0.340504 0.000000 0.000000 0.000000 0.000000 0.000000 0.000000
thres-15-main	StndrdErr: 0.019588 20.634733 18.028347 34.449327    -nan 10.653925 -1.000000
thres-15-main	Posterior: 0.340465 -------- -------- 0.000000 0.000000 0.000000 0.000000
thres-15-main	----------------------------------------------------------------------------------------------
thres-15-main	             iter     lnLd       diff       status
thres-15-main	EM status:     755   -11.0737 9.96693e-07  converged
thres-15-main	----------------------------------------------------------------------------------------------
thres-15-rho0	Commandline: ./INSIGHT-EM/bin/INSIGHT-EM-v1.2-beta -v -i 1000000 -fr -r 0.0 emOutput/KCNQ3_upregulated_GENE_cis_elements_proximal.emInput.ins.f15
thres-15-rho0	----------------------------------------------------------------------------------------------
thres-15-rho0	       INSIGHT-EM v1.2-beta, May 2014 
thres-15-rho0	----------------------------------------------------------------------------------------------
thres-15-rho0	==> Processing site data file 'emOutput/KCNQ3_upregulated_GENE_cis_elements_proximal.emInput.ins.f15' and extracting neutral model parameters
thres-15-rho0	==> Data file consists of 142 sites in 2 genomic blocks.
thres-15-rho0	==> Performing EM on selection parameters
thres-15-rho0	    - EM stops after 1000000 iterations or when log-likelihood increase is below 1e-06
thres-15-rho0	    - '.' = 100 iterations
thres-15-rho0	    - fixing the following parameters: rho = 0.000000.
thres-15-rho0	    - estimating the following parameters: eta (init = 1.000000) gamma (init = 0.500000).
thres-15-rho0	    - using complete version of the model integrating over assignments to the ancestral states Zi.
thres-15-rho0	----------------------------------------------------------------------------------------------
thres-15-rho0	Progress: 
thres-15-rho0	Done. Running time  0m00s.
thres-15-rho0	----------------------------------------------------------------------------------------------
thres-15-rho0	             rho      eta    gamma       Dp       Pw    alpha      tau
thres-15-rho0	Estimates: 0.000000 0.000000 0.000000 0.000000 0.000000 0.000000 0.000000
thres-15-rho0	StndrdErr: 0.000000    -nan    -nan    -nan    -nan -1.000000 -1.000000
thres-15-rho0	----------------------------------------------------------------------------------------------
thres-15-rho0	             iter     lnLd       diff       status
thres-15-rho0	EM status:       2   -11.1661       0  converged
thres-15-rho0	----------------------------------------------------------------------------------------------
thres-15-eta0	Commandline: ./INSIGHT-EM/bin/INSIGHT-EM-v1.2-beta -v -i 1000000 -fe -e 0.0 emOutput/KCNQ3_upregulated_GENE_cis_elements_proximal.emInput.ins.f15
thres-15-eta0	----------------------------------------------------------------------------------------------
thres-15-eta0	       INSIGHT-EM v1.2-beta, May 2014 
thres-15-eta0	----------------------------------------------------------------------------------------------
thres-15-eta0	==> Processing site data file 'emOutput/KCNQ3_upregulated_GENE_cis_elements_proximal.emInput.ins.f15' and extracting neutral model parameters
thres-15-eta0	==> Data file consists of 142 sites in 2 genomic blocks.
thres-15-eta0	==> Performing EM on selection parameters
thres-15-eta0	    - EM stops after 1000000 iterations or when log-likelihood increase is below 1e-06
thres-15-eta0	    - '.' = 100 iterations
thres-15-eta0	    - fixing the following parameters: eta = 0.000000.
thres-15-eta0	    - estimating the following parameters: rho (init = 0.600000) gamma (init = 0.500000).
thres-15-eta0	    - using complete version of the model integrating over assignments to the ancestral states Zi.
thres-15-eta0	----------------------------------------------------------------------------------------------
thres-15-eta0	Progress: .......
thres-15-eta0	Done. Running time  0m00s.
thres-15-eta0	----------------------------------------------------------------------------------------------
thres-15-eta0	             rho      eta    gamma       Dp       Pw    alpha      tau
thres-15-eta0	Estimates: 0.340492 0.000000 0.000000 0.000000 0.000000 0.000000 0.000000
thres-15-eta0	*** Error:  when computing FIM-based confidence intervals:
thres-15-eta0	     - entry [1,1] of variance-covariance matrix is negative.
thres-15-eta0	  -0.000830 0.000000 1.260090
thres-15-eta0	  0.000000 0.000000 0.000000
thres-15-eta0	  1.260090 0.000000 -3.668602
thres-15-eta0	StndrdErr: -1.000000 -1.000000 -1.000000 -1.000000 -1.000000 0.000000 0.000000
thres-15-eta0	----------------------------------------------------------------------------------------------
thres-15-eta0	             iter     lnLd       diff       status
thres-15-eta0	EM status:     756   -11.0737 9.94451e-07  converged
thres-15-eta0	----------------------------------------------------------------------------------------------
thres-15-gam0	Commandline: ./INSIGHT-EM/bin/INSIGHT-EM-v1.2-beta -v -i 1000000 -fg -g 0.0 emOutput/KCNQ3_upregulated_GENE_cis_elements_proximal.emInput.ins.f15
thres-15-gam0	----------------------------------------------------------------------------------------------
thres-15-gam0	       INSIGHT-EM v1.2-beta, May 2014 
thres-15-gam0	----------------------------------------------------------------------------------------------
thres-15-gam0	==> Processing site data file 'emOutput/KCNQ3_upregulated_GENE_cis_elements_proximal.emInput.ins.f15' and extracting neutral model parameters
thres-15-gam0	==> Data file consists of 142 sites in 2 genomic blocks.
thres-15-gam0	==> Performing EM on selection parameters
thres-15-gam0	    - EM stops after 1000000 iterations or when log-likelihood increase is below 1e-06
thres-15-gam0	    - '.' = 100 iterations
thres-15-gam0	    - fixing the following parameters: gamma = 0.000000.
thres-15-gam0	    - estimating the following parameters: rho (init = 0.600000) eta (init = 1.000000).
thres-15-gam0	    - using complete version of the model integrating over assignments to the ancestral states Zi.
thres-15-gam0	----------------------------------------------------------------------------------------------
thres-15-gam0	Progress: .......
thres-15-gam0	Done. Running time  0m00s.
thres-15-gam0	----------------------------------------------------------------------------------------------
thres-15-gam0	             rho      eta    gamma       Dp       Pw    alpha      tau
thres-15-gam0	Estimates: 0.340520 0.000000 0.000000 0.000000 0.000000 0.000000 0.000000
thres-15-gam0	*** Error:  when computing FIM-based confidence intervals:
thres-15-gam0	     - entry [1,1] of variance-covariance matrix is negative.
thres-15-gam0	  -0.000832 1.442268 0.000000
thres-15-gam0	  1.442268 -4.806441 0.000000
thres-15-gam0	  0.000000 0.000000 0.000000
thres-15-gam0	StndrdErr: -1.000000 -1.000000 -1.000000 -1.000000 -1.000000 0.000000 0.000000
thres-15-gam0	----------------------------------------------------------------------------------------------
thres-15-gam0	             iter     lnLd       diff       status
thres-15-gam0	EM status:     755   -11.0737 9.99619e-07  converged
thres-15-gam0	----------------------------------------------------------------------------------------------
