==================================================================
  Processing data set SLCO5A1_GENE_cis_elements_proximal
==================================================================
1.  filtering elements, time 0h0m0s
    sites in original bed file: 290
               autosomal sites: 290
               after filtering: 241
2.  generating polymorphism summary for all sites, time 0h0m12s
3.  retrieving ancestral priors for all sites, time 0h0m12s
Fri May  8 12:50:39 EDT 2015
Fri May  8 12:50:39 EDT 2015
    prior probabilities for 'A'... .
Fri May  8 12:50:39 EDT 2015
    prior probabilities for 'C'... .
Fri May  8 12:50:39 EDT 2015
    prior probabilities for 'G'... .
Fri May  8 12:50:39 EDT 2015
    prior probabilities for 'T'... .
Fri May  8 12:50:39 EDT 2015
Fri May  8 12:50:39 EDT 2015
4.  combining polymorphism summary with ancestral priors, time 0h0m12s
5.  filtering sites with no variation or ancestral data, time 0h0m12s
    total number of sites:    241
    sites with sequence data: 0
6.  retrieving lambdas and thetas from appropriate genomic blocks, time 0h0m12s
    found 0 total blocks with lambda values.
    found 0 blocks with at least 100 sites with information on lamda.
    no sites after filtering for data in flanking neutral sites.
    tarring intermediate site summaries, time 0h0m13s
tar: Removing leading `/' from member names
Done with 0 sites after filtering. time 0h0m13s
