==================================================================
  Processing data set KCNJ6_GENE_cis_elements_distal
==================================================================
1.  filtering elements, time 0h0m0s
    sites in original bed file: 3900
               autosomal sites: 3900
               after filtering: 3587
2.  generating polymorphism summary for all sites, time 0h0m20s
3.  retrieving ancestral priors for all sites, time 0h0m20s
Thu May  7 17:04:13 EDT 2015
Thu May  7 17:04:13 EDT 2015
    prior probabilities for 'A'... .
Thu May  7 17:04:15 EDT 2015
    prior probabilities for 'C'... .
Thu May  7 17:04:17 EDT 2015
    prior probabilities for 'G'... .
Thu May  7 17:04:23 EDT 2015
    prior probabilities for 'T'... .
Thu May  7 17:04:25 EDT 2015
Thu May  7 17:04:25 EDT 2015
4.  combining polymorphism summary with ancestral priors, time 0h0m32s
5.  filtering sites with no variation or ancestral data, time 0h0m33s
    total number of sites:    3587
    sites with sequence data: 3381
6.  retrieving lambdas and thetas from appropriate genomic blocks, time 0h0m33s
    found 22 total blocks with lambda values.
    found 22 blocks with at least 100 sites with information on lamda.
    found 22 total blocks with theta values.
    found 22 blocks with at least 100 sites with information on theta.
    obtaining intersection bed file
    filtering sites that do not appear in blocks with sufficient information
    number of sites decreased from 3381 to 3381
    combining block information for theta and lambda with site information
7.  computing set of filtered neutral sites in blocks, time 0h0m35s
8.  flanking sites: retrieving polymorphic sites, time 0h0m49s
9. flanking sites: retrieving ancestral priors, time 0h0m50s
Thu May  7 17:04:43 EDT 2015
Thu May  7 17:04:43 EDT 2015
    prior probabilities for 'A'... .
Thu May  7 17:04:43 EDT 2015
    prior probabilities for 'C'... .
Thu May  7 17:04:44 EDT 2015
    prior probabilities for 'G'... .
Thu May  7 17:04:44 EDT 2015
    prior probabilities for 'T'... .
Thu May  7 17:04:44 EDT 2015
Thu May  7 17:04:44 EDT 2015
10. flanking sites: combining ancestral priors and observed alleles, time 0h0m51s
11. flanking sites: combining site and block info, time 0h0m51s
12. tarring intermediate site summaries, time 0h0m51s
tar: Removing leading `/' from member names
Done with 3381 sites after filtering, and 281 polymorphic flanking neutral sites. time 0h0m51s
