==================================================================
  Processing data set KIAA1644_GENE_cis_elements_distal
==================================================================
1.  filtering elements, time 0h0m0s
    sites in original bed file: 150
               autosomal sites: 150
               after filtering: 144
2.  generating polymorphism summary for all sites, time 0h0m15s
3.  retrieving ancestral priors for all sites, time 0h0m15s
Thu May  7 17:07:19 EDT 2015
Thu May  7 17:07:19 EDT 2015
    prior probabilities for 'A'... .
Thu May  7 17:07:19 EDT 2015
    prior probabilities for 'C'... .
Thu May  7 17:07:19 EDT 2015
    prior probabilities for 'G'... .
Thu May  7 17:07:19 EDT 2015
    prior probabilities for 'T'... .
Thu May  7 17:07:19 EDT 2015
Thu May  7 17:07:19 EDT 2015
4.  combining polymorphism summary with ancestral priors, time 0h0m15s
5.  filtering sites with no variation or ancestral data, time 0h0m15s
    total number of sites:    144
    sites with sequence data: 84
6.  retrieving lambdas and thetas from appropriate genomic blocks, time 0h0m15s
    found 1 total blocks with lambda values.
    found 1 blocks with at least 100 sites with information on lamda.
    found 1 total blocks with theta values.
    found 1 blocks with at least 100 sites with information on theta.
    obtaining intersection bed file
    filtering sites that do not appear in blocks with sufficient information
    number of sites decreased from 84 to 84
    combining block information for theta and lambda with site information
7.  computing set of filtered neutral sites in blocks, time 0h0m17s
8.  flanking sites: retrieving polymorphic sites, time 0h0m27s
9. flanking sites: retrieving ancestral priors, time 0h0m27s
Thu May  7 17:07:31 EDT 2015
Thu May  7 17:07:31 EDT 2015
    prior probabilities for 'A'... .
Thu May  7 17:07:31 EDT 2015
    prior probabilities for 'C'... .
Thu May  7 17:07:31 EDT 2015
    prior probabilities for 'G'... .
Thu May  7 17:07:31 EDT 2015
    prior probabilities for 'T'... .
Thu May  7 17:07:31 EDT 2015
Thu May  7 17:07:31 EDT 2015
10. flanking sites: combining ancestral priors and observed alleles, time 0h0m27s
11. flanking sites: combining site and block info, time 0h0m27s
12. tarring intermediate site summaries, time 0h0m27s
tar: Removing leading `/' from member names
Done with 84 sites after filtering, and 18 polymorphic flanking neutral sites. time 0h0m27s
