==================================================================
  Processing data set PPAPDC3_GENE_cis_elements_distal
==================================================================
1.  filtering elements, time 0h0m0s
    sites in original bed file: 1950
               autosomal sites: 1950
               after filtering: 1814
2.  generating polymorphism summary for all sites, time 0h0m13s
3.  retrieving ancestral priors for all sites, time 0h0m13s
Fri May  8 17:11:33 EDT 2015
Fri May  8 17:11:33 EDT 2015
    prior probabilities for 'A'... .
Fri May  8 17:11:33 EDT 2015
    prior probabilities for 'C'... .
Fri May  8 17:11:34 EDT 2015
    prior probabilities for 'G'... .
Fri May  8 17:11:34 EDT 2015
    prior probabilities for 'T'... .
Fri May  8 17:11:34 EDT 2015
Fri May  8 17:11:34 EDT 2015
4.  combining polymorphism summary with ancestral priors, time 0h0m14s
5.  filtering sites with no variation or ancestral data, time 0h0m14s
    total number of sites:    1814
    sites with sequence data: 1586
6.  retrieving lambdas and thetas from appropriate genomic blocks, time 0h0m14s
    found 12 total blocks with lambda values.
    found 12 blocks with at least 100 sites with information on lamda.
    found 12 total blocks with theta values.
    found 12 blocks with at least 100 sites with information on theta.
    obtaining intersection bed file
    filtering sites that do not appear in blocks with sufficient information
    number of sites decreased from 1586 to 1586
    combining block information for theta and lambda with site information
7.  computing set of filtered neutral sites in blocks, time 0h0m15s
8.  flanking sites: retrieving polymorphic sites, time 0h0m24s
9. flanking sites: retrieving ancestral priors, time 0h0m24s
Fri May  8 17:11:44 EDT 2015
Fri May  8 17:11:44 EDT 2015
    prior probabilities for 'A'... .
Fri May  8 17:11:44 EDT 2015
    prior probabilities for 'C'... .
Fri May  8 17:11:44 EDT 2015
    prior probabilities for 'G'... .
Fri May  8 17:11:44 EDT 2015
    prior probabilities for 'T'... .
Fri May  8 17:11:44 EDT 2015
Fri May  8 17:11:44 EDT 2015
10. flanking sites: combining ancestral priors and observed alleles, time 0h0m24s
11. flanking sites: combining site and block info, time 0h0m24s
12. tarring intermediate site summaries, time 0h0m24s
tar: Removing leading `/' from member names
Done with 1586 sites after filtering, and 84 polymorphic flanking neutral sites. time 0h0m24s
