==================================================================
  Processing data set CAMK2N2_upregulated_GENE_cis_elements_distal
==================================================================
1.  filtering elements, time 0h0m0s
    sites in original bed file: 3150
               autosomal sites: 3150
               after filtering: 2866
2.  generating polymorphism summary for all sites, time 0h0m10s
3.  retrieving ancestral priors for all sites, time 0h0m10s
Sat May  9 10:29:15 EDT 2015
Sat May  9 10:29:15 EDT 2015
    prior probabilities for 'A'... .
Sat May  9 10:29:15 EDT 2015
    prior probabilities for 'C'... .
Sat May  9 10:29:16 EDT 2015
    prior probabilities for 'G'... .
Sat May  9 10:29:16 EDT 2015
    prior probabilities for 'T'... .
Sat May  9 10:29:16 EDT 2015
Sat May  9 10:29:17 EDT 2015
4.  combining polymorphism summary with ancestral priors, time 0h0m12s
5.  filtering sites with no variation or ancestral data, time 0h0m12s
    total number of sites:    2866
    sites with sequence data: 1905
6.  retrieving lambdas and thetas from appropriate genomic blocks, time 0h0m12s
    found 15 total blocks with lambda values.
    found 15 blocks with at least 100 sites with information on lamda.
    found 15 total blocks with theta values.
    found 15 blocks with at least 100 sites with information on theta.
    obtaining intersection bed file
    filtering sites that do not appear in blocks with sufficient information
    number of sites decreased from 1905 to 1905
    combining block information for theta and lambda with site information
7.  computing set of filtered neutral sites in blocks, time 0h0m13s
8.  flanking sites: retrieving polymorphic sites, time 0h0m18s
9. flanking sites: retrieving ancestral priors, time 0h0m18s
Sat May  9 10:29:23 EDT 2015
Sat May  9 10:29:23 EDT 2015
    prior probabilities for 'A'... .
Sat May  9 10:29:23 EDT 2015
    prior probabilities for 'C'... .
Sat May  9 10:29:23 EDT 2015
    prior probabilities for 'G'... .
Sat May  9 10:29:23 EDT 2015
    prior probabilities for 'T'... .
Sat May  9 10:29:23 EDT 2015
Sat May  9 10:29:23 EDT 2015
10. flanking sites: combining ancestral priors and observed alleles, time 0h0m18s
11. flanking sites: combining site and block info, time 0h0m19s
12. tarring intermediate site summaries, time 0h0m19s
tar: Removing leading `/' from member names
Done with 1905 sites after filtering, and 102 polymorphic flanking neutral sites. time 0h0m19s
