==================================================================
  Processing data set LDB3_GENE_cis_elements_distal
==================================================================
1.  filtering elements, time 0h0m0s
    sites in original bed file: 9600
               autosomal sites: 9600
               after filtering: 6843
2.  generating polymorphism summary for all sites, time 0h0m1s
3.  retrieving ancestral priors for all sites, time 0h0m1s
Fri May  8 16:55:42 EDT 2015
Fri May  8 16:55:42 EDT 2015
    prior probabilities for 'A'... .
Fri May  8 16:55:46 EDT 2015
    prior probabilities for 'C'... .
Fri May  8 16:55:49 EDT 2015
    prior probabilities for 'G'... .
Fri May  8 16:55:53 EDT 2015
    prior probabilities for 'T'... .
Fri May  8 16:55:56 EDT 2015
Fri May  8 16:55:56 EDT 2015
4.  combining polymorphism summary with ancestral priors, time 0h0m15s
5.  filtering sites with no variation or ancestral data, time 0h0m15s
    total number of sites:    6843
    sites with sequence data: 6345
6.  retrieving lambdas and thetas from appropriate genomic blocks, time 0h0m15s
    found 31 total blocks with lambda values.
    found 31 blocks with at least 100 sites with information on lamda.
    found 31 total blocks with theta values.
    found 31 blocks with at least 100 sites with information on theta.
    obtaining intersection bed file
    filtering sites that do not appear in blocks with sufficient information
    number of sites decreased from 6345 to 6345
    combining block information for theta and lambda with site information
7.  computing set of filtered neutral sites in blocks, time 0h0m16s
8.  flanking sites: retrieving polymorphic sites, time 0h0m17s
9. flanking sites: retrieving ancestral priors, time 0h0m18s
Fri May  8 16:55:59 EDT 2015
Fri May  8 16:55:59 EDT 2015
    prior probabilities for 'A'... .
Fri May  8 16:55:59 EDT 2015
    prior probabilities for 'C'... .
Fri May  8 16:55:59 EDT 2015
    prior probabilities for 'G'... .
Fri May  8 16:55:59 EDT 2015
    prior probabilities for 'T'... .
Fri May  8 16:55:59 EDT 2015
Fri May  8 16:55:59 EDT 2015
10. flanking sites: combining ancestral priors and observed alleles, time 0h0m18s
11. flanking sites: combining site and block info, time 0h0m18s
12. tarring intermediate site summaries, time 0h0m18s
tar: Removing leading `/' from member names
Done with 6345 sites after filtering, and 336 polymorphic flanking neutral sites. time 0h0m18s
