==================================================================
  Processing data set RTN4RL2_upregulated_GENE_cis_elements_distal
==================================================================
1.  filtering elements, time 0h0m0s
    sites in original bed file: 14850
               autosomal sites: 14850
               after filtering: 12365
2.  generating polymorphism summary for all sites, time 0h0m2s
3.  retrieving ancestral priors for all sites, time 0h0m2s
Sat May  9 11:04:50 EDT 2015
Sat May  9 11:04:50 EDT 2015
    prior probabilities for 'A'... .
Sat May  9 11:04:55 EDT 2015
    prior probabilities for 'C'... .
Sat May  9 11:05:00 EDT 2015
    prior probabilities for 'G'... .
Sat May  9 11:05:06 EDT 2015
    prior probabilities for 'T'... .
Sat May  9 11:05:12 EDT 2015
Sat May  9 11:05:12 EDT 2015
4.  combining polymorphism summary with ancestral priors, time 0h0m25s
5.  filtering sites with no variation or ancestral data, time 0h0m25s
    total number of sites:    12365
    sites with sequence data: 10692
6.  retrieving lambdas and thetas from appropriate genomic blocks, time 0h0m25s
    found 46 total blocks with lambda values.
    found 46 blocks with at least 100 sites with information on lamda.
    found 46 total blocks with theta values.
    found 46 blocks with at least 100 sites with information on theta.
    obtaining intersection bed file
    filtering sites that do not appear in blocks with sufficient information
    number of sites decreased from 10692 to 10692
    combining block information for theta and lambda with site information
7.  computing set of filtered neutral sites in blocks, time 0h0m27s
8.  flanking sites: retrieving polymorphic sites, time 0h0m28s
9. flanking sites: retrieving ancestral priors, time 0h0m28s
Sat May  9 11:05:15 EDT 2015
Sat May  9 11:05:15 EDT 2015
    prior probabilities for 'A'... .
Sat May  9 11:05:15 EDT 2015
    prior probabilities for 'C'... .
Sat May  9 11:05:15 EDT 2015
    prior probabilities for 'G'... .
Sat May  9 11:05:15 EDT 2015
    prior probabilities for 'T'... .
Sat May  9 11:05:15 EDT 2015
Sat May  9 11:05:15 EDT 2015
10. flanking sites: combining ancestral priors and observed alleles, time 0h0m28s
11. flanking sites: combining site and block info, time 0h0m29s
12. tarring intermediate site summaries, time 0h0m29s
tar: Removing leading `/' from member names
Done with 10692 sites after filtering, and 221 polymorphic flanking neutral sites. time 0h0m29s
