==================================================================
  Processing data set TMOD4_GENE_cis_elements_distal
==================================================================
1.  filtering elements, time 0h0m0s
    sites in original bed file: 2100
               autosomal sites: 2100
               after filtering: 1687
2.  generating polymorphism summary for all sites, time 0h0m1s
3.  retrieving ancestral priors for all sites, time 0h0m1s
Fri May  8 17:21:46 EDT 2015
Fri May  8 17:21:46 EDT 2015
    prior probabilities for 'A'... .
Fri May  8 17:21:46 EDT 2015
    prior probabilities for 'C'... .
Fri May  8 17:21:46 EDT 2015
    prior probabilities for 'G'... .
Fri May  8 17:21:46 EDT 2015
    prior probabilities for 'T'... .
Fri May  8 17:21:46 EDT 2015
Fri May  8 17:21:47 EDT 2015
4.  combining polymorphism summary with ancestral priors, time 0h0m2s
5.  filtering sites with no variation or ancestral data, time 0h0m2s
    total number of sites:    1687
    sites with sequence data: 1642
6.  retrieving lambdas and thetas from appropriate genomic blocks, time 0h0m2s
    found 12 total blocks with lambda values.
    found 12 blocks with at least 100 sites with information on lamda.
    found 12 total blocks with theta values.
    found 12 blocks with at least 100 sites with information on theta.
    obtaining intersection bed file
    filtering sites that do not appear in blocks with sufficient information
    number of sites decreased from 1642 to 1642
    combining block information for theta and lambda with site information
7.  computing set of filtered neutral sites in blocks, time 0h0m3s
8.  flanking sites: retrieving polymorphic sites, time 0h0m3s
9. flanking sites: retrieving ancestral priors, time 0h0m3s
Fri May  8 17:21:48 EDT 2015
Fri May  8 17:21:48 EDT 2015
    prior probabilities for 'A'... .
Fri May  8 17:21:48 EDT 2015
    prior probabilities for 'C'... .
Fri May  8 17:21:48 EDT 2015
    prior probabilities for 'G'... .
Fri May  8 17:21:48 EDT 2015
    prior probabilities for 'T'... .
Fri May  8 17:21:48 EDT 2015
Fri May  8 17:21:48 EDT 2015
10. flanking sites: combining ancestral priors and observed alleles, time 0h0m3s
11. flanking sites: combining site and block info, time 0h0m3s
12. tarring intermediate site summaries, time 0h0m3s
tar: Removing leading `/' from member names
Done with 1642 sites after filtering, and 37 polymorphic flanking neutral sites. time 0h0m4s
