==================================================================
  Processing data set PTCHD2_downregulated_GENE_cis_elements_distal
==================================================================
1.  filtering elements, time 0h0m0s
    sites in original bed file: 6300
               autosomal sites: 6300
               after filtering: 4686
2.  generating polymorphism summary for all sites, time 0h0m1s
3.  retrieving ancestral priors for all sites, time 0h0m1s
Fri May  8 23:41:49 EDT 2015
Fri May  8 23:41:49 EDT 2015
    prior probabilities for 'A'... .
Fri May  8 23:41:58 EDT 2015
    prior probabilities for 'C'... .
Fri May  8 23:42:04 EDT 2015
    prior probabilities for 'G'... .
Fri May  8 23:42:14 EDT 2015
    prior probabilities for 'T'... .
Fri May  8 23:42:21 EDT 2015
Fri May  8 23:42:21 EDT 2015
4.  combining polymorphism summary with ancestral priors, time 0h0m33s
5.  filtering sites with no variation or ancestral data, time 0h0m34s
    total number of sites:    4686
    sites with sequence data: 3943
6.  retrieving lambdas and thetas from appropriate genomic blocks, time 0h0m34s
    found 31 total blocks with lambda values.
    found 31 blocks with at least 100 sites with information on lamda.
    found 31 total blocks with theta values.
    found 31 blocks with at least 100 sites with information on theta.
    obtaining intersection bed file
    filtering sites that do not appear in blocks with sufficient information
    number of sites decreased from 3943 to 3943
    combining block information for theta and lambda with site information
7.  computing set of filtered neutral sites in blocks, time 0h0m35s
8.  flanking sites: retrieving polymorphic sites, time 0h0m35s
9. flanking sites: retrieving ancestral priors, time 0h0m37s
Fri May  8 23:42:25 EDT 2015
Fri May  8 23:42:25 EDT 2015
    prior probabilities for 'A'... .
Fri May  8 23:42:25 EDT 2015
    prior probabilities for 'C'... .
Fri May  8 23:42:25 EDT 2015
    prior probabilities for 'G'... .
Fri May  8 23:42:25 EDT 2015
    prior probabilities for 'T'... .
Fri May  8 23:42:25 EDT 2015
Fri May  8 23:42:25 EDT 2015
10. flanking sites: combining ancestral priors and observed alleles, time 0h0m37s
11. flanking sites: combining site and block info, time 0h0m37s
12. tarring intermediate site summaries, time 0h0m37s
tar: Removing leading `/' from member names
Done with 3943 sites after filtering, and 280 polymorphic flanking neutral sites. time 0h0m37s
