==================================================================
  Processing data set KSR2_downregulated_GENE_cis_elements_distal
==================================================================
1.  filtering elements, time 0h0m0s
    sites in original bed file: 3600
               autosomal sites: 3600
               after filtering: 2801
2.  generating polymorphism summary for all sites, time 0h0m3s
3.  retrieving ancestral priors for all sites, time 0h0m4s
Fri May  8 23:30:13 EDT 2015
Fri May  8 23:30:13 EDT 2015
    prior probabilities for 'A'... .
Fri May  8 23:30:13 EDT 2015
    prior probabilities for 'C'... .
Fri May  8 23:30:13 EDT 2015
    prior probabilities for 'G'... .
Fri May  8 23:30:14 EDT 2015
    prior probabilities for 'T'... .
Fri May  8 23:30:14 EDT 2015
Fri May  8 23:30:14 EDT 2015
4.  combining polymorphism summary with ancestral priors, time 0h0m5s
5.  filtering sites with no variation or ancestral data, time 0h0m5s
    total number of sites:    2801
    sites with sequence data: 2559
6.  retrieving lambdas and thetas from appropriate genomic blocks, time 0h0m5s
    found 13 total blocks with lambda values.
    found 13 blocks with at least 100 sites with information on lamda.
    found 13 total blocks with theta values.
    found 13 blocks with at least 100 sites with information on theta.
    obtaining intersection bed file
    filtering sites that do not appear in blocks with sufficient information
    number of sites decreased from 2559 to 2559
    combining block information for theta and lambda with site information
7.  computing set of filtered neutral sites in blocks, time 0h0m7s
8.  flanking sites: retrieving polymorphic sites, time 0h0m8s
9. flanking sites: retrieving ancestral priors, time 0h0m10s
Fri May  8 23:30:19 EDT 2015
Fri May  8 23:30:19 EDT 2015
    prior probabilities for 'A'... .
Fri May  8 23:30:19 EDT 2015
    prior probabilities for 'C'... .
Fri May  8 23:30:19 EDT 2015
    prior probabilities for 'G'... .
Fri May  8 23:30:19 EDT 2015
    prior probabilities for 'T'... .
Fri May  8 23:30:19 EDT 2015
Fri May  8 23:30:19 EDT 2015
10. flanking sites: combining ancestral priors and observed alleles, time 0h0m10s
11. flanking sites: combining site and block info, time 0h0m11s
12. tarring intermediate site summaries, time 0h0m11s
tar: Removing leading `/' from member names
Done with 2559 sites after filtering, and 63 polymorphic flanking neutral sites. time 0h0m11s
