==================================================================
  Processing data set ACHE_GENE_cis_elements_distal
==================================================================
1.  filtering elements, time 0h0m0s
    sites in original bed file: 18290
               autosomal sites: 18290
               after filtering: 14110
2.  generating polymorphism summary for all sites, time 0h0m11s
3.  retrieving ancestral priors for all sites, time 0h0m11s
Fri May  8 16:25:42 EDT 2015
Fri May  8 16:25:42 EDT 2015
    prior probabilities for 'A'... .
Fri May  8 16:26:01 EDT 2015
    prior probabilities for 'C'... .
Fri May  8 16:26:09 EDT 2015
    prior probabilities for 'G'... .
Fri May  8 16:26:14 EDT 2015
    prior probabilities for 'T'... .
Fri May  8 16:26:19 EDT 2015
Fri May  8 16:26:19 EDT 2015
4.  combining polymorphism summary with ancestral priors, time 0h0m48s
5.  filtering sites with no variation or ancestral data, time 0h0m48s
    total number of sites:    14110
    sites with sequence data: 7165
6.  retrieving lambdas and thetas from appropriate genomic blocks, time 0h0m48s
    found 47 total blocks with lambda values.
    found 47 blocks with at least 100 sites with information on lamda.
    found 47 total blocks with theta values.
    found 47 blocks with at least 100 sites with information on theta.
    obtaining intersection bed file
    filtering sites that do not appear in blocks with sufficient information
    number of sites decreased from 7165 to 7165
    combining block information for theta and lambda with site information
7.  computing set of filtered neutral sites in blocks, time 0h0m49s
8.  flanking sites: retrieving polymorphic sites, time 0h0m56s
9. flanking sites: retrieving ancestral priors, time 0h0m56s
Fri May  8 16:26:27 EDT 2015
Fri May  8 16:26:27 EDT 2015
    prior probabilities for 'A'... .
Fri May  8 16:26:27 EDT 2015
    prior probabilities for 'C'... .
Fri May  8 16:26:27 EDT 2015
    prior probabilities for 'G'... .
Fri May  8 16:26:27 EDT 2015
    prior probabilities for 'T'... .
Fri May  8 16:26:27 EDT 2015
Fri May  8 16:26:27 EDT 2015
10. flanking sites: combining ancestral priors and observed alleles, time 0h0m56s
11. flanking sites: combining site and block info, time 0h0m56s
12. tarring intermediate site summaries, time 0h0m56s
tar: Removing leading `/' from member names
Done with 7165 sites after filtering, and 91 polymorphic flanking neutral sites. time 0h0m56s
