==================================================================
  Processing data set ARC_upregulated_GENE_cis_elements_distal
==================================================================
1.  filtering elements, time 0h0m0s
    sites in original bed file: 5400
               autosomal sites: 5400
               after filtering: 4467
2.  generating polymorphism summary for all sites, time 0h0m12s
3.  retrieving ancestral priors for all sites, time 0h0m12s
Sat May  9 10:26:57 EDT 2015
Sat May  9 10:26:57 EDT 2015
    prior probabilities for 'A'... .
Sat May  9 10:27:06 EDT 2015
    prior probabilities for 'C'... .
Sat May  9 10:27:12 EDT 2015
    prior probabilities for 'G'... .
Sat May  9 10:27:20 EDT 2015
    prior probabilities for 'T'... .
Sat May  9 10:27:30 EDT 2015
Sat May  9 10:27:30 EDT 2015
4.  combining polymorphism summary with ancestral priors, time 0h0m45s
5.  filtering sites with no variation or ancestral data, time 0h0m45s
    total number of sites:    4467
    sites with sequence data: 3270
6.  retrieving lambdas and thetas from appropriate genomic blocks, time 0h0m45s
    found 22 total blocks with lambda values.
    found 22 blocks with at least 100 sites with information on lamda.
    found 22 total blocks with theta values.
    found 22 blocks with at least 100 sites with information on theta.
    obtaining intersection bed file
    filtering sites that do not appear in blocks with sufficient information
    number of sites decreased from 3270 to 3270
    combining block information for theta and lambda with site information
7.  computing set of filtered neutral sites in blocks, time 0h0m46s
8.  flanking sites: retrieving polymorphic sites, time 0h0m54s
9. flanking sites: retrieving ancestral priors, time 0h0m54s
Sat May  9 10:27:39 EDT 2015
Sat May  9 10:27:39 EDT 2015
    prior probabilities for 'A'... .
Sat May  9 10:27:39 EDT 2015
    prior probabilities for 'C'... .
Sat May  9 10:27:39 EDT 2015
    prior probabilities for 'G'... .
Sat May  9 10:27:39 EDT 2015
    prior probabilities for 'T'... .
Sat May  9 10:27:39 EDT 2015
Sat May  9 10:27:39 EDT 2015
10. flanking sites: combining ancestral priors and observed alleles, time 0h0m54s
11. flanking sites: combining site and block info, time 0h0m54s
12. tarring intermediate site summaries, time 0h0m54s
tar: Removing leading `/' from member names
Done with 3270 sites after filtering, and 223 polymorphic flanking neutral sites. time 0h0m54s
