==================================================================
  Processing data set XKR7_upregulated_GENE_cis_elements_distal
==================================================================
1.  filtering elements, time 0h0m0s
    sites in original bed file: 2400
               autosomal sites: 2400
               after filtering: 1908
2.  generating polymorphism summary for all sites, time 0h0m7s
3.  retrieving ancestral priors for all sites, time 0h0m8s
Sat May  9 11:10:37 EDT 2015
Sat May  9 11:10:37 EDT 2015
    prior probabilities for 'A'... .
Sat May  9 11:10:37 EDT 2015
    prior probabilities for 'C'... .
Sat May  9 11:10:37 EDT 2015
    prior probabilities for 'G'... .
Sat May  9 11:10:37 EDT 2015
    prior probabilities for 'T'... .
Sat May  9 11:10:38 EDT 2015
Sat May  9 11:10:38 EDT 2015
4.  combining polymorphism summary with ancestral priors, time 0h0m9s
5.  filtering sites with no variation or ancestral data, time 0h0m9s
    total number of sites:    1908
    sites with sequence data: 1819
6.  retrieving lambdas and thetas from appropriate genomic blocks, time 0h0m9s
    found 14 total blocks with lambda values.
    found 14 blocks with at least 100 sites with information on lamda.
    found 14 total blocks with theta values.
    found 14 blocks with at least 100 sites with information on theta.
    obtaining intersection bed file
    filtering sites that do not appear in blocks with sufficient information
    number of sites decreased from 1819 to 1819
    combining block information for theta and lambda with site information
7.  computing set of filtered neutral sites in blocks, time 0h0m10s
8.  flanking sites: retrieving polymorphic sites, time 0h0m14s
9. flanking sites: retrieving ancestral priors, time 0h0m14s
Sat May  9 11:10:43 EDT 2015
Sat May  9 11:10:43 EDT 2015
    prior probabilities for 'A'... .
Sat May  9 11:10:43 EDT 2015
    prior probabilities for 'C'... .
Sat May  9 11:10:43 EDT 2015
    prior probabilities for 'G'... .
Sat May  9 11:10:43 EDT 2015
    prior probabilities for 'T'... .
Sat May  9 11:10:43 EDT 2015
Sat May  9 11:10:43 EDT 2015
10. flanking sites: combining ancestral priors and observed alleles, time 0h0m14s
11. flanking sites: combining site and block info, time 0h0m14s
12. tarring intermediate site summaries, time 0h0m14s
tar: Removing leading `/' from member names
Done with 1819 sites after filtering, and 69 polymorphic flanking neutral sites. time 0h0m14s
