==================================================================
  Processing data set KCTD8_upregulated_GENE_cis_elements_distal
==================================================================
1.  filtering elements, time 0h0m0s
    sites in original bed file: 300
               autosomal sites: 300
               after filtering: 246
2.  generating polymorphism summary for all sites, time 0h0m9s
3.  retrieving ancestral priors for all sites, time 0h0m9s
Sat May  9 10:45:15 EDT 2015
Sat May  9 10:45:15 EDT 2015
    prior probabilities for 'A'... .
Sat May  9 10:45:15 EDT 2015
    prior probabilities for 'C'... .
Sat May  9 10:45:15 EDT 2015
    prior probabilities for 'G'... .
Sat May  9 10:45:16 EDT 2015
    prior probabilities for 'T'... .
Sat May  9 10:45:16 EDT 2015
Sat May  9 10:45:16 EDT 2015
4.  combining polymorphism summary with ancestral priors, time 0h0m10s
5.  filtering sites with no variation or ancestral data, time 0h0m10s
    total number of sites:    246
    sites with sequence data: 146
6.  retrieving lambdas and thetas from appropriate genomic blocks, time 0h0m10s
    found 1 total blocks with lambda values.
    found 1 blocks with at least 100 sites with information on lamda.
    found 1 total blocks with theta values.
    found 1 blocks with at least 100 sites with information on theta.
    obtaining intersection bed file
    filtering sites that do not appear in blocks with sufficient information
    number of sites decreased from 146 to 146
    combining block information for theta and lambda with site information
7.  computing set of filtered neutral sites in blocks, time 0h0m11s
8.  flanking sites: retrieving polymorphic sites, time 0h0m16s
9. flanking sites: retrieving ancestral priors, time 0h0m16s
Sat May  9 10:45:22 EDT 2015
Sat May  9 10:45:22 EDT 2015
    prior probabilities for 'A'... .
Sat May  9 10:45:22 EDT 2015
    prior probabilities for 'C'... .
Sat May  9 10:45:22 EDT 2015
    prior probabilities for 'G'... .
Sat May  9 10:45:22 EDT 2015
    prior probabilities for 'T'... .
Sat May  9 10:45:22 EDT 2015
Sat May  9 10:45:22 EDT 2015
10. flanking sites: combining ancestral priors and observed alleles, time 0h0m16s
11. flanking sites: combining site and block info, time 0h0m16s
12. tarring intermediate site summaries, time 0h0m16s
tar: Removing leading `/' from member names
Done with 146 sites after filtering, and 10 polymorphic flanking neutral sites. time 0h0m16s
