==================================================================
  Processing data set XKR4_upregulated_GENE_cis_elements_proximal
==================================================================
1.  filtering elements, time 0h0m0s
    sites in original bed file: 150
               autosomal sites: 150
               after filtering: 122
2.  generating polymorphism summary for all sites, time 0h0m11s
3.  retrieving ancestral priors for all sites, time 0h0m12s
Sat May  9 05:00:55 EDT 2015
Sat May  9 05:00:55 EDT 2015
    prior probabilities for 'A'... .
Sat May  9 05:00:55 EDT 2015
    prior probabilities for 'C'... .
Sat May  9 05:00:55 EDT 2015
    prior probabilities for 'G'... .
Sat May  9 05:00:55 EDT 2015
    prior probabilities for 'T'... .
Sat May  9 05:00:55 EDT 2015
Sat May  9 05:00:55 EDT 2015
4.  combining polymorphism summary with ancestral priors, time 0h0m12s
5.  filtering sites with no variation or ancestral data, time 0h0m12s
    total number of sites:    122
    sites with sequence data: 0
6.  retrieving lambdas and thetas from appropriate genomic blocks, time 0h0m12s
    found 0 total blocks with lambda values.
    found 0 blocks with at least 100 sites with information on lamda.
    no sites after filtering for data in flanking neutral sites.
    tarring intermediate site summaries, time 0h0m12s
tar: Removing leading `/' from member names
Done with 0 sites after filtering. time 0h0m12s
