==================================================================
  Processing data set SPRN_GENE_cis_elements_distal
==================================================================
1.  filtering elements, time 0h0m0s
    sites in original bed file: 14250
               autosomal sites: 14250
               after filtering: 11591
2.  generating polymorphism summary for all sites, time 0h0m2s
3.  retrieving ancestral priors for all sites, time 0h0m2s
Thu May  7 17:27:15 EDT 2015
Thu May  7 17:27:15 EDT 2015
    prior probabilities for 'A'... .
Thu May  7 17:27:22 EDT 2015
    prior probabilities for 'C'... .
Thu May  7 17:27:31 EDT 2015
    prior probabilities for 'G'... .
Thu May  7 17:27:37 EDT 2015
    prior probabilities for 'T'... .
Thu May  7 17:27:45 EDT 2015
Thu May  7 17:27:45 EDT 2015
4.  combining polymorphism summary with ancestral priors, time 0h0m32s
5.  filtering sites with no variation or ancestral data, time 0h0m32s
    total number of sites:    11591
    sites with sequence data: 7104
6.  retrieving lambdas and thetas from appropriate genomic blocks, time 0h0m32s
    found 33 total blocks with lambda values.
    found 33 blocks with at least 100 sites with information on lamda.
    found 33 total blocks with theta values.
    found 33 blocks with at least 100 sites with information on theta.
    obtaining intersection bed file
    filtering sites that do not appear in blocks with sufficient information
    number of sites decreased from 7104 to 7104
    combining block information for theta and lambda with site information
7.  computing set of filtered neutral sites in blocks, time 0h0m34s
8.  flanking sites: retrieving polymorphic sites, time 0h0m35s
9. flanking sites: retrieving ancestral priors, time 0h0m35s
Thu May  7 17:27:48 EDT 2015
Thu May  7 17:27:48 EDT 2015
    prior probabilities for 'A'... .
Thu May  7 17:27:48 EDT 2015
    prior probabilities for 'C'... .
Thu May  7 17:27:48 EDT 2015
    prior probabilities for 'G'... .
Thu May  7 17:27:48 EDT 2015
    prior probabilities for 'T'... .
Thu May  7 17:27:48 EDT 2015
Thu May  7 17:27:48 EDT 2015
10. flanking sites: combining ancestral priors and observed alleles, time 0h0m35s
11. flanking sites: combining site and block info, time 0h0m36s
12. tarring intermediate site summaries, time 0h0m36s
tar: Removing leading `/' from member names
Done with 7104 sites after filtering, and 210 polymorphic flanking neutral sites. time 0h0m36s
