==================================================================
  Processing data set FAM19A1_upregulated_GENE_cis_elements_distal
==================================================================
1.  filtering elements, time 0h0m0s
    sites in original bed file: 6900
               autosomal sites: 6900
               after filtering: 5283
2.  generating polymorphism summary for all sites, time 0h0m8s
3.  retrieving ancestral priors for all sites, time 0h0m8s
Sat May  9 10:34:52 EDT 2015
Sat May  9 10:34:52 EDT 2015
    prior probabilities for 'A'... .
Sat May  9 10:35:01 EDT 2015
    prior probabilities for 'C'... .
Sat May  9 10:35:10 EDT 2015
    prior probabilities for 'G'... .
Sat May  9 10:35:20 EDT 2015
    prior probabilities for 'T'... .
Sat May  9 10:35:31 EDT 2015
Sat May  9 10:35:31 EDT 2015
4.  combining polymorphism summary with ancestral priors, time 0h0m47s
5.  filtering sites with no variation or ancestral data, time 0h0m47s
    total number of sites:    5283
    sites with sequence data: 4921
6.  retrieving lambdas and thetas from appropriate genomic blocks, time 0h0m47s
    found 35 total blocks with lambda values.
    found 35 blocks with at least 100 sites with information on lamda.
    found 35 total blocks with theta values.
    found 35 blocks with at least 100 sites with information on theta.
    obtaining intersection bed file
    filtering sites that do not appear in blocks with sufficient information
    number of sites decreased from 4921 to 4921
    combining block information for theta and lambda with site information
7.  computing set of filtered neutral sites in blocks, time 0h0m48s
8.  flanking sites: retrieving polymorphic sites, time 0h0m53s
9. flanking sites: retrieving ancestral priors, time 0h0m53s
Sat May  9 10:35:37 EDT 2015
Sat May  9 10:35:37 EDT 2015
    prior probabilities for 'A'... .
Sat May  9 10:35:37 EDT 2015
    prior probabilities for 'C'... .
Sat May  9 10:35:38 EDT 2015
    prior probabilities for 'G'... .
Sat May  9 10:35:38 EDT 2015
    prior probabilities for 'T'... .
Sat May  9 10:35:38 EDT 2015
Sat May  9 10:35:38 EDT 2015
10. flanking sites: combining ancestral priors and observed alleles, time 0h0m54s
11. flanking sites: combining site and block info, time 0h0m54s
12. tarring intermediate site summaries, time 0h0m54s
tar: Removing leading `/' from member names
Done with 4921 sites after filtering, and 538 polymorphic flanking neutral sites. time 0h0m54s
