==================================================================
  Processing data set LHFPL3_upregulated_GENE_cis_elements_distal
==================================================================
1.  filtering elements, time 0h0m0s
    sites in original bed file: 2850
               autosomal sites: 2850
               after filtering: 2646
2.  generating polymorphism summary for all sites, time 0h0m11s
3.  retrieving ancestral priors for all sites, time 0h0m11s
Sat May  9 10:47:42 EDT 2015
Sat May  9 10:47:42 EDT 2015
    prior probabilities for 'A'... .
Sat May  9 10:47:43 EDT 2015
    prior probabilities for 'C'... .
Sat May  9 10:47:43 EDT 2015
    prior probabilities for 'G'... .
Sat May  9 10:47:43 EDT 2015
    prior probabilities for 'T'... .
Sat May  9 10:47:43 EDT 2015
Sat May  9 10:47:43 EDT 2015
4.  combining polymorphism summary with ancestral priors, time 0h0m12s
5.  filtering sites with no variation or ancestral data, time 0h0m12s
    total number of sites:    2646
    sites with sequence data: 2558
6.  retrieving lambdas and thetas from appropriate genomic blocks, time 0h0m12s
    found 19 total blocks with lambda values.
    found 19 blocks with at least 100 sites with information on lamda.
    found 19 total blocks with theta values.
    found 19 blocks with at least 100 sites with information on theta.
    obtaining intersection bed file
    filtering sites that do not appear in blocks with sufficient information
    number of sites decreased from 2558 to 2558
    combining block information for theta and lambda with site information
7.  computing set of filtered neutral sites in blocks, time 0h0m14s
8.  flanking sites: retrieving polymorphic sites, time 0h0m21s
9. flanking sites: retrieving ancestral priors, time 0h0m21s
Sat May  9 10:47:52 EDT 2015
Sat May  9 10:47:52 EDT 2015
    prior probabilities for 'A'... .
Sat May  9 10:47:52 EDT 2015
    prior probabilities for 'C'... .
Sat May  9 10:47:52 EDT 2015
    prior probabilities for 'G'... .
Sat May  9 10:47:52 EDT 2015
    prior probabilities for 'T'... .
Sat May  9 10:47:52 EDT 2015
Sat May  9 10:47:52 EDT 2015
10. flanking sites: combining ancestral priors and observed alleles, time 0h0m21s
11. flanking sites: combining site and block info, time 0h0m21s
12. tarring intermediate site summaries, time 0h0m21s
tar: Removing leading `/' from member names
Done with 2558 sites after filtering, and 289 polymorphic flanking neutral sites. time 0h0m21s
