==================================================================
  Processing data set AJAP1_upregulated_GENE_cis_elements_distal
==================================================================
1.  filtering elements, time 0h0m0s
    sites in original bed file: 20090
               autosomal sites: 20090
               after filtering: 16277
2.  generating polymorphism summary for all sites, time 0h0m0s
3.  retrieving ancestral priors for all sites, time 0h0m0s
Sat May  9 10:22:15 EDT 2015
Sat May  9 10:22:15 EDT 2015
    prior probabilities for 'A'... .
Sat May  9 10:22:27 EDT 2015
    prior probabilities for 'C'... .
Sat May  9 10:22:44 EDT 2015
    prior probabilities for 'G'... .
Sat May  9 10:22:58 EDT 2015
    prior probabilities for 'T'... .
Sat May  9 10:23:12 EDT 2015
Sat May  9 10:23:12 EDT 2015
4.  combining polymorphism summary with ancestral priors, time 0h0m57s
5.  filtering sites with no variation or ancestral data, time 0h0m57s
    total number of sites:    16277
    sites with sequence data: 13504
6.  retrieving lambdas and thetas from appropriate genomic blocks, time 0h0m57s
    found 77 total blocks with lambda values.
    found 77 blocks with at least 100 sites with information on lamda.
    found 77 total blocks with theta values.
    found 77 blocks with at least 100 sites with information on theta.
    obtaining intersection bed file
    filtering sites that do not appear in blocks with sufficient information
    number of sites decreased from 13504 to 13504
    combining block information for theta and lambda with site information
7.  computing set of filtered neutral sites in blocks, time 0h0m59s
8.  flanking sites: retrieving polymorphic sites, time 0h0m59s
9. flanking sites: retrieving ancestral priors, time 0h1m0s
Sat May  9 10:23:15 EDT 2015
Sat May  9 10:23:15 EDT 2015
    prior probabilities for 'A'... .
Sat May  9 10:23:15 EDT 2015
    prior probabilities for 'C'... .
Sat May  9 10:23:15 EDT 2015
    prior probabilities for 'G'... .
Sat May  9 10:23:16 EDT 2015
    prior probabilities for 'T'... .
Sat May  9 10:23:16 EDT 2015
Sat May  9 10:23:16 EDT 2015
10. flanking sites: combining ancestral priors and observed alleles, time 0h1m1s
11. flanking sites: combining site and block info, time 0h1m1s
12. tarring intermediate site summaries, time 0h1m1s
tar: Removing leading `/' from member names
Done with 13504 sites after filtering, and 1458 polymorphic flanking neutral sites. time 0h1m1s
