==================================================================
  Processing data set RNF182_downregulated_GENE_cis_elements_distal
==================================================================
1.  filtering elements, time 0h0m0s
    sites in original bed file: 6900
               autosomal sites: 6900
               after filtering: 5381
2.  generating polymorphism summary for all sites, time 0h0m10s
3.  retrieving ancestral priors for all sites, time 0h0m11s
Fri May  8 23:47:43 EDT 2015
Fri May  8 23:47:43 EDT 2015
    prior probabilities for 'A'... .
Fri May  8 23:47:47 EDT 2015
    prior probabilities for 'C'... .
Fri May  8 23:47:51 EDT 2015
    prior probabilities for 'G'... .
Fri May  8 23:47:55 EDT 2015
    prior probabilities for 'T'... .
Fri May  8 23:48:00 EDT 2015
Fri May  8 23:48:00 EDT 2015
4.  combining polymorphism summary with ancestral priors, time 0h0m28s
5.  filtering sites with no variation or ancestral data, time 0h0m28s
    total number of sites:    5381
    sites with sequence data: 5051
6.  retrieving lambdas and thetas from appropriate genomic blocks, time 0h0m28s
    found 28 total blocks with lambda values.
    found 28 blocks with at least 100 sites with information on lamda.
    found 28 total blocks with theta values.
    found 28 blocks with at least 100 sites with information on theta.
    obtaining intersection bed file
    filtering sites that do not appear in blocks with sufficient information
    number of sites decreased from 5051 to 5051
    combining block information for theta and lambda with site information
7.  computing set of filtered neutral sites in blocks, time 0h0m30s
8.  flanking sites: retrieving polymorphic sites, time 0h0m36s
9. flanking sites: retrieving ancestral priors, time 0h0m36s
Fri May  8 23:48:08 EDT 2015
Fri May  8 23:48:08 EDT 2015
    prior probabilities for 'A'... .
Fri May  8 23:48:08 EDT 2015
    prior probabilities for 'C'... .
Fri May  8 23:48:08 EDT 2015
    prior probabilities for 'G'... .
Fri May  8 23:48:08 EDT 2015
    prior probabilities for 'T'... .
Fri May  8 23:48:08 EDT 2015
Fri May  8 23:48:08 EDT 2015
10. flanking sites: combining ancestral priors and observed alleles, time 0h0m36s
11. flanking sites: combining site and block info, time 0h0m36s
12. tarring intermediate site summaries, time 0h0m36s
tar: Removing leading `/' from member names
Done with 5051 sites after filtering, and 276 polymorphic flanking neutral sites. time 0h0m36s
