==================================================================
  Processing data set C1orf95_GENE_cis_elements_distal
==================================================================
1.  filtering elements, time 0h0m0s
    sites in original bed file: 2850
               autosomal sites: 2850
               after filtering: 2345
2.  generating polymorphism summary for all sites, time 0h0m1s
3.  retrieving ancestral priors for all sites, time 0h0m1s
Thu May  7 16:46:46 EDT 2015
Thu May  7 16:46:46 EDT 2015
    prior probabilities for 'A'... .
Thu May  7 16:46:47 EDT 2015
    prior probabilities for 'C'... .
Thu May  7 16:46:47 EDT 2015
    prior probabilities for 'G'... .
Thu May  7 16:46:47 EDT 2015
    prior probabilities for 'T'... .
Thu May  7 16:46:47 EDT 2015
Thu May  7 16:46:47 EDT 2015
4.  combining polymorphism summary with ancestral priors, time 0h0m2s
5.  filtering sites with no variation or ancestral data, time 0h0m3s
    total number of sites:    2345
    sites with sequence data: 1697
6.  retrieving lambdas and thetas from appropriate genomic blocks, time 0h0m3s
    found 14 total blocks with lambda values.
    found 14 blocks with at least 100 sites with information on lamda.
    found 14 total blocks with theta values.
    found 14 blocks with at least 100 sites with information on theta.
    obtaining intersection bed file
    filtering sites that do not appear in blocks with sufficient information
    number of sites decreased from 1697 to 1697
    combining block information for theta and lambda with site information
7.  computing set of filtered neutral sites in blocks, time 0h0m4s
8.  flanking sites: retrieving polymorphic sites, time 0h0m5s
9. flanking sites: retrieving ancestral priors, time 0h0m5s
Thu May  7 16:46:50 EDT 2015
Thu May  7 16:46:50 EDT 2015
    prior probabilities for 'A'... .
Thu May  7 16:46:50 EDT 2015
    prior probabilities for 'C'... .
Thu May  7 16:46:50 EDT 2015
    prior probabilities for 'G'... .
Thu May  7 16:46:50 EDT 2015
    prior probabilities for 'T'... .
Thu May  7 16:46:50 EDT 2015
Thu May  7 16:46:50 EDT 2015
10. flanking sites: combining ancestral priors and observed alleles, time 0h0m5s
11. flanking sites: combining site and block info, time 0h0m5s
12. tarring intermediate site summaries, time 0h0m5s
tar: Removing leading `/' from member names
Done with 1697 sites after filtering, and 66 polymorphic flanking neutral sites. time 0h0m5s
