==================================================================
  Processing data set GADL1_GENE_cis_elements_distal
==================================================================
1.  filtering elements, time 0h0m0s
    sites in original bed file: 24150
               autosomal sites: 24150
               after filtering: 20380
2.  generating polymorphism summary for all sites, time 0h0m8s
3.  retrieving ancestral priors for all sites, time 0h0m9s
Fri May  8 16:44:12 EDT 2015
Fri May  8 16:44:12 EDT 2015
    prior probabilities for 'A'... .
Fri May  8 16:44:17 EDT 2015
    prior probabilities for 'C'... .
Fri May  8 16:44:22 EDT 2015
    prior probabilities for 'G'... .
Fri May  8 16:44:27 EDT 2015
    prior probabilities for 'T'... .
Fri May  8 16:44:33 EDT 2015
Fri May  8 16:44:33 EDT 2015
4.  combining polymorphism summary with ancestral priors, time 0h0m30s
5.  filtering sites with no variation or ancestral data, time 0h0m30s
    total number of sites:    20380
    sites with sequence data: 18232
6.  retrieving lambdas and thetas from appropriate genomic blocks, time 0h0m30s
    found 69 total blocks with lambda values.
    found 69 blocks with at least 100 sites with information on lamda.
    found 69 total blocks with theta values.
    found 69 blocks with at least 100 sites with information on theta.
    obtaining intersection bed file
    filtering sites that do not appear in blocks with sufficient information
    number of sites decreased from 18232 to 18232
    combining block information for theta and lambda with site information
7.  computing set of filtered neutral sites in blocks, time 0h0m32s
8.  flanking sites: retrieving polymorphic sites, time 0h0m37s
9. flanking sites: retrieving ancestral priors, time 0h0m39s
Fri May  8 16:44:42 EDT 2015
Fri May  8 16:44:42 EDT 2015
    prior probabilities for 'A'... .
Fri May  8 16:44:42 EDT 2015
    prior probabilities for 'C'... .
Fri May  8 16:44:42 EDT 2015
    prior probabilities for 'G'... .
Fri May  8 16:44:42 EDT 2015
    prior probabilities for 'T'... .
Fri May  8 16:44:42 EDT 2015
Fri May  8 16:44:42 EDT 2015
10. flanking sites: combining ancestral priors and observed alleles, time 0h0m39s
11. flanking sites: combining site and block info, time 0h0m39s
12. tarring intermediate site summaries, time 0h0m39s
tar: Removing leading `/' from member names
Done with 18232 sites after filtering, and 1240 polymorphic flanking neutral sites. time 0h0m40s
