==================================================================
  Processing data set C1orf61_GENE_cis_elements_distal
==================================================================
1.  filtering elements, time 0h0m0s
    sites in original bed file: 31290
               autosomal sites: 31290
               after filtering: 27900
2.  generating polymorphism summary for all sites, time 0h0m1s
3.  retrieving ancestral priors for all sites, time 0h0m1s
Thu May  7 16:44:38 EDT 2015
Thu May  7 16:44:38 EDT 2015
    prior probabilities for 'A'... .
Thu May  7 16:44:54 EDT 2015
    prior probabilities for 'C'... .
Thu May  7 16:45:10 EDT 2015
    prior probabilities for 'G'... .
Thu May  7 16:45:22 EDT 2015
    prior probabilities for 'T'... .
Thu May  7 16:45:35 EDT 2015
Thu May  7 16:45:35 EDT 2015
4.  combining polymorphism summary with ancestral priors, time 0h0m58s
5.  filtering sites with no variation or ancestral data, time 0h0m58s
    total number of sites:    27900
    sites with sequence data: 20337
6.  retrieving lambdas and thetas from appropriate genomic blocks, time 0h0m58s
    found 83 total blocks with lambda values.
    found 83 blocks with at least 100 sites with information on lamda.
    found 83 total blocks with theta values.
    found 82 blocks with at least 100 sites with information on theta.
    obtaining intersection bed file
    filtering sites that do not appear in blocks with sufficient information
    number of sites decreased from 20337 to 19929
    combining block information for theta and lambda with site information
7.  computing set of filtered neutral sites in blocks, time 0h1m1s
8.  flanking sites: retrieving polymorphic sites, time 0h1m1s
9. flanking sites: retrieving ancestral priors, time 0h1m2s
Thu May  7 16:45:39 EDT 2015
Thu May  7 16:45:39 EDT 2015
    prior probabilities for 'A'... .
Thu May  7 16:45:39 EDT 2015
    prior probabilities for 'C'... .
Thu May  7 16:45:39 EDT 2015
    prior probabilities for 'G'... .
Thu May  7 16:45:39 EDT 2015
    prior probabilities for 'T'... .
Thu May  7 16:45:39 EDT 2015
Thu May  7 16:45:39 EDT 2015
10. flanking sites: combining ancestral priors and observed alleles, time 0h1m2s
11. flanking sites: combining site and block info, time 0h1m2s
12. tarring intermediate site summaries, time 0h1m2s
tar: Removing leading `/' from member names
Done with 19929 sites after filtering, and 273 polymorphic flanking neutral sites. time 0h1m2s
