==================================================================
  Processing data set WASF3_downregulated_GENE_cis_elements_distal
==================================================================
1.  filtering elements, time 0h0m0s
    sites in original bed file: 6000
               autosomal sites: 6000
               after filtering: 4735
2.  generating polymorphism summary for all sites, time 0h0m3s
3.  retrieving ancestral priors for all sites, time 0h0m4s
Fri May  8 23:57:56 EDT 2015
Fri May  8 23:57:56 EDT 2015
    prior probabilities for 'A'... .
Fri May  8 23:57:58 EDT 2015
    prior probabilities for 'C'... .
Fri May  8 23:58:01 EDT 2015
    prior probabilities for 'G'... .
Fri May  8 23:58:03 EDT 2015
    prior probabilities for 'T'... .
Fri May  8 23:58:06 EDT 2015
Fri May  8 23:58:06 EDT 2015
4.  combining polymorphism summary with ancestral priors, time 0h0m14s
5.  filtering sites with no variation or ancestral data, time 0h0m14s
    total number of sites:    4735
    sites with sequence data: 4058
6.  retrieving lambdas and thetas from appropriate genomic blocks, time 0h0m14s
    found 29 total blocks with lambda values.
    found 29 blocks with at least 100 sites with information on lamda.
    found 29 total blocks with theta values.
    found 29 blocks with at least 100 sites with information on theta.
    obtaining intersection bed file
    filtering sites that do not appear in blocks with sufficient information
    number of sites decreased from 4058 to 4058
    combining block information for theta and lambda with site information
7.  computing set of filtered neutral sites in blocks, time 0h0m15s
8.  flanking sites: retrieving polymorphic sites, time 0h0m17s
9. flanking sites: retrieving ancestral priors, time 0h0m18s
Fri May  8 23:58:10 EDT 2015
Fri May  8 23:58:10 EDT 2015
    prior probabilities for 'A'... .
Fri May  8 23:58:10 EDT 2015
    prior probabilities for 'C'... .
Fri May  8 23:58:10 EDT 2015
    prior probabilities for 'G'... .
Fri May  8 23:58:10 EDT 2015
    prior probabilities for 'T'... .
Fri May  8 23:58:10 EDT 2015
Fri May  8 23:58:10 EDT 2015
10. flanking sites: combining ancestral priors and observed alleles, time 0h0m18s
11. flanking sites: combining site and block info, time 0h0m18s
12. tarring intermediate site summaries, time 0h0m18s
tar: Removing leading `/' from member names
Done with 4058 sites after filtering, and 529 polymorphic flanking neutral sites. time 0h0m18s
