==================================================================
  Processing data set KCNQ3_upregulated_GENE_cis_elements_distal
==================================================================
1.  filtering elements, time 0h0m0s
    sites in original bed file: 1350
               autosomal sites: 1350
               after filtering: 1253
2.  generating polymorphism summary for all sites, time 0h0m12s
3.  retrieving ancestral priors for all sites, time 0h0m12s
Sat May  9 10:44:10 EDT 2015
Sat May  9 10:44:10 EDT 2015
    prior probabilities for 'A'... .
Sat May  9 10:44:10 EDT 2015
    prior probabilities for 'C'... .
Sat May  9 10:44:10 EDT 2015
    prior probabilities for 'G'... .
Sat May  9 10:44:10 EDT 2015
    prior probabilities for 'T'... .
Sat May  9 10:44:10 EDT 2015
Sat May  9 10:44:10 EDT 2015
4.  combining polymorphism summary with ancestral priors, time 0h0m13s
5.  filtering sites with no variation or ancestral data, time 0h0m13s
    total number of sites:    1253
    sites with sequence data: 858
6.  retrieving lambdas and thetas from appropriate genomic blocks, time 0h0m13s
    found 7 total blocks with lambda values.
    found 7 blocks with at least 100 sites with information on lamda.
    found 7 total blocks with theta values.
    found 7 blocks with at least 100 sites with information on theta.
    obtaining intersection bed file
    filtering sites that do not appear in blocks with sufficient information
    number of sites decreased from 858 to 858
    combining block information for theta and lambda with site information
7.  computing set of filtered neutral sites in blocks, time 0h0m15s
8.  flanking sites: retrieving polymorphic sites, time 0h0m23s
9. flanking sites: retrieving ancestral priors, time 0h0m23s
Sat May  9 10:44:20 EDT 2015
Sat May  9 10:44:20 EDT 2015
    prior probabilities for 'A'... .
Sat May  9 10:44:20 EDT 2015
    prior probabilities for 'C'... .
Sat May  9 10:44:20 EDT 2015
    prior probabilities for 'G'... .
Sat May  9 10:44:20 EDT 2015
    prior probabilities for 'T'... .
Sat May  9 10:44:20 EDT 2015
Sat May  9 10:44:20 EDT 2015
10. flanking sites: combining ancestral priors and observed alleles, time 0h0m23s
11. flanking sites: combining site and block info, time 0h0m23s
12. tarring intermediate site summaries, time 0h0m23s
tar: Removing leading `/' from member names
Done with 858 sites after filtering, and 76 polymorphic flanking neutral sites. time 0h0m23s
