==================================================================
  Processing data set SYPL2_GENE_cis_elements_distal
==================================================================
1.  filtering elements, time 0h0m0s
    sites in original bed file: 8400
               autosomal sites: 8400
               after filtering: 6478
2.  generating polymorphism summary for all sites, time 0h0m1s
3.  retrieving ancestral priors for all sites, time 0h0m1s
Fri May  8 17:19:24 EDT 2015
Fri May  8 17:19:24 EDT 2015
    prior probabilities for 'A'... .
Fri May  8 17:19:33 EDT 2015
    prior probabilities for 'C'... .
Fri May  8 17:19:40 EDT 2015
    prior probabilities for 'G'... .
Fri May  8 17:19:49 EDT 2015
    prior probabilities for 'T'... .
Fri May  8 17:19:56 EDT 2015
Fri May  8 17:19:56 EDT 2015
4.  combining polymorphism summary with ancestral priors, time 0h0m33s
5.  filtering sites with no variation or ancestral data, time 0h0m33s
    total number of sites:    6478
    sites with sequence data: 5940
6.  retrieving lambdas and thetas from appropriate genomic blocks, time 0h0m33s
    found 36 total blocks with lambda values.
    found 36 blocks with at least 100 sites with information on lamda.
    found 36 total blocks with theta values.
    found 36 blocks with at least 100 sites with information on theta.
    obtaining intersection bed file
    filtering sites that do not appear in blocks with sufficient information
    number of sites decreased from 5940 to 5940
    combining block information for theta and lambda with site information
7.  computing set of filtered neutral sites in blocks, time 0h0m35s
8.  flanking sites: retrieving polymorphic sites, time 0h0m35s
9. flanking sites: retrieving ancestral priors, time 0h0m36s
Fri May  8 17:19:59 EDT 2015
Fri May  8 17:19:59 EDT 2015
    prior probabilities for 'A'... .
Fri May  8 17:19:59 EDT 2015
    prior probabilities for 'C'... .
Fri May  8 17:19:59 EDT 2015
    prior probabilities for 'G'... .
Fri May  8 17:19:59 EDT 2015
    prior probabilities for 'T'... .
Fri May  8 17:19:59 EDT 2015
Fri May  8 17:19:59 EDT 2015
10. flanking sites: combining ancestral priors and observed alleles, time 0h0m36s
11. flanking sites: combining site and block info, time 0h0m36s
12. tarring intermediate site summaries, time 0h0m36s
tar: Removing leading `/' from member names
Done with 5940 sites after filtering, and 237 polymorphic flanking neutral sites. time 0h0m36s
