==================================================================
  Processing data set KCNA1_upregulated_GENE_cis_elements_distal
==================================================================
1.  filtering elements, time 0h0m0s
    sites in original bed file: 4050
               autosomal sites: 4050
               after filtering: 3715
2.  generating polymorphism summary for all sites, time 0h0m2s
3.  retrieving ancestral priors for all sites, time 0h0m2s
Sat May  9 10:40:44 EDT 2015
Sat May  9 10:40:44 EDT 2015
    prior probabilities for 'A'... .
Sat May  9 10:40:50 EDT 2015
    prior probabilities for 'C'... .
Sat May  9 10:40:55 EDT 2015
    prior probabilities for 'G'... .
Sat May  9 10:41:02 EDT 2015
    prior probabilities for 'T'... .
Sat May  9 10:41:07 EDT 2015
Sat May  9 10:41:07 EDT 2015
4.  combining polymorphism summary with ancestral priors, time 0h0m25s
5.  filtering sites with no variation or ancestral data, time 0h0m25s
    total number of sites:    3715
    sites with sequence data: 3002
6.  retrieving lambdas and thetas from appropriate genomic blocks, time 0h0m25s
    found 17 total blocks with lambda values.
    found 17 blocks with at least 100 sites with information on lamda.
    found 17 total blocks with theta values.
    found 17 blocks with at least 100 sites with information on theta.
    obtaining intersection bed file
    filtering sites that do not appear in blocks with sufficient information
    number of sites decreased from 3002 to 3002
    combining block information for theta and lambda with site information
7.  computing set of filtered neutral sites in blocks, time 0h0m27s
8.  flanking sites: retrieving polymorphic sites, time 0h0m29s
9. flanking sites: retrieving ancestral priors, time 0h0m29s
Sat May  9 10:41:11 EDT 2015
Sat May  9 10:41:11 EDT 2015
    prior probabilities for 'A'... .
Sat May  9 10:41:11 EDT 2015
    prior probabilities for 'C'... .
Sat May  9 10:41:11 EDT 2015
    prior probabilities for 'G'... .
Sat May  9 10:41:11 EDT 2015
    prior probabilities for 'T'... .
Sat May  9 10:41:11 EDT 2015
Sat May  9 10:41:11 EDT 2015
10. flanking sites: combining ancestral priors and observed alleles, time 0h0m29s
11. flanking sites: combining site and block info, time 0h0m29s
12. tarring intermediate site summaries, time 0h0m29s
tar: Removing leading `/' from member names
Done with 3002 sites after filtering, and 284 polymorphic flanking neutral sites. time 0h0m29s
