==================================================================
  Processing data set GPR157_GENE_cis_elements_distal
==================================================================
1.  filtering elements, time 0h0m0s
    sites in original bed file: 10320
               autosomal sites: 10320
               after filtering: 7030
2.  generating polymorphism summary for all sites, time 0h0m0s
3.  retrieving ancestral priors for all sites, time 0h0m0s
Fri May  8 16:45:11 EDT 2015
Fri May  8 16:45:11 EDT 2015
    prior probabilities for 'A'... .
Fri May  8 16:45:19 EDT 2015
    prior probabilities for 'C'... .
Fri May  8 16:45:28 EDT 2015
    prior probabilities for 'G'... .
Fri May  8 16:45:36 EDT 2015
    prior probabilities for 'T'... .
Fri May  8 16:45:45 EDT 2015
Fri May  8 16:45:45 EDT 2015
4.  combining polymorphism summary with ancestral priors, time 0h0m34s
5.  filtering sites with no variation or ancestral data, time 0h0m34s
    total number of sites:    7030
    sites with sequence data: 5032
6.  retrieving lambdas and thetas from appropriate genomic blocks, time 0h0m34s
    found 33 total blocks with lambda values.
    found 33 blocks with at least 100 sites with information on lamda.
    found 33 total blocks with theta values.
    found 33 blocks with at least 100 sites with information on theta.
    obtaining intersection bed file
    filtering sites that do not appear in blocks with sufficient information
    number of sites decreased from 5032 to 5032
    combining block information for theta and lambda with site information
7.  computing set of filtered neutral sites in blocks, time 0h0m36s
8.  flanking sites: retrieving polymorphic sites, time 0h0m36s
9. flanking sites: retrieving ancestral priors, time 0h0m36s
Fri May  8 16:45:47 EDT 2015
Fri May  8 16:45:47 EDT 2015
    prior probabilities for 'A'... .
Fri May  8 16:45:47 EDT 2015
    prior probabilities for 'C'... .
Fri May  8 16:45:47 EDT 2015
    prior probabilities for 'G'... .
Fri May  8 16:45:47 EDT 2015
    prior probabilities for 'T'... .
Fri May  8 16:45:47 EDT 2015
Fri May  8 16:45:47 EDT 2015
10. flanking sites: combining ancestral priors and observed alleles, time 0h0m36s
11. flanking sites: combining site and block info, time 0h0m36s
12. tarring intermediate site summaries, time 0h0m36s
tar: Removing leading `/' from member names
Done with 5032 sites after filtering, and 236 polymorphic flanking neutral sites. time 0h0m36s
