==================================================================
  Processing data set CPE_downregulated_GENE_cis_elements
==================================================================
1.  filtering elements, time 0h0m0s
    sites in original bed file: 750
               autosomal sites: 750
               after filtering: 678
2.  generating polymorphism summary for all sites, time 0h0m9s
3.  retrieving ancestral priors for all sites, time 0h0m9s
Fri May  8 21:53:44 EDT 2015
Fri May  8 21:53:44 EDT 2015
    prior probabilities for 'A'... .
Fri May  8 21:53:44 EDT 2015
    prior probabilities for 'C'... .
Fri May  8 21:53:44 EDT 2015
    prior probabilities for 'G'... .
Fri May  8 21:53:45 EDT 2015
    prior probabilities for 'T'... .
Fri May  8 21:53:45 EDT 2015
Fri May  8 21:53:45 EDT 2015
4.  combining polymorphism summary with ancestral priors, time 0h0m10s
5.  filtering sites with no variation or ancestral data, time 0h0m10s
    total number of sites:    678
    sites with sequence data: 540
6.  retrieving lambdas and thetas from appropriate genomic blocks, time 0h0m10s
    found 4 total blocks with lambda values.
    found 4 blocks with at least 100 sites with information on lamda.
    found 4 total blocks with theta values.
    found 4 blocks with at least 100 sites with information on theta.
    obtaining intersection bed file
    filtering sites that do not appear in blocks with sufficient information
    number of sites decreased from 540 to 540
    combining block information for theta and lambda with site information
7.  computing set of filtered neutral sites in blocks, time 0h0m11s
8.  flanking sites: retrieving polymorphic sites, time 0h0m16s
9. flanking sites: retrieving ancestral priors, time 0h0m16s
Fri May  8 21:53:51 EDT 2015
Fri May  8 21:53:51 EDT 2015
    prior probabilities for 'A'... .
Fri May  8 21:53:51 EDT 2015
    prior probabilities for 'C'... .
Fri May  8 21:53:51 EDT 2015
    prior probabilities for 'G'... .
Fri May  8 21:53:51 EDT 2015
    prior probabilities for 'T'... .
Fri May  8 21:53:51 EDT 2015
Fri May  8 21:53:51 EDT 2015
10. flanking sites: combining ancestral priors and observed alleles, time 0h0m16s
11. flanking sites: combining site and block info, time 0h0m16s
12. tarring intermediate site summaries, time 0h0m16s
tar: Removing leading `/' from member names
Done with 540 sites after filtering, and 45 polymorphic flanking neutral sites. time 0h0m16s
