==================================================================
  Processing data set NMNAT2_GENE_cis_elements_distal
==================================================================
1.  filtering elements, time 0h0m0s
    sites in original bed file: 12600
               autosomal sites: 12600
               after filtering: 11171
2.  generating polymorphism summary for all sites, time 0h0m1s
3.  retrieving ancestral priors for all sites, time 0h0m1s
Thu May  7 17:12:40 EDT 2015
Thu May  7 17:12:40 EDT 2015
    prior probabilities for 'A'... .
Thu May  7 17:12:54 EDT 2015
    prior probabilities for 'C'... .
Thu May  7 17:13:08 EDT 2015
    prior probabilities for 'G'... .
Thu May  7 17:13:23 EDT 2015
    prior probabilities for 'T'... .
Thu May  7 17:13:40 EDT 2015
Thu May  7 17:13:40 EDT 2015
4.  combining polymorphism summary with ancestral priors, time 0h1m1s
5.  filtering sites with no variation or ancestral data, time 0h1m1s
    total number of sites:    11171
    sites with sequence data: 9515
6.  retrieving lambdas and thetas from appropriate genomic blocks, time 0h1m1s
    found 53 total blocks with lambda values.
    found 53 blocks with at least 100 sites with information on lamda.
    found 53 total blocks with theta values.
    found 53 blocks with at least 100 sites with information on theta.
    obtaining intersection bed file
    filtering sites that do not appear in blocks with sufficient information
    number of sites decreased from 9515 to 9515
    combining block information for theta and lambda with site information
7.  computing set of filtered neutral sites in blocks, time 0h1m4s
8.  flanking sites: retrieving polymorphic sites, time 0h1m4s
9. flanking sites: retrieving ancestral priors, time 0h1m5s
Thu May  7 17:13:44 EDT 2015
Thu May  7 17:13:44 EDT 2015
    prior probabilities for 'A'... .
Thu May  7 17:13:44 EDT 2015
    prior probabilities for 'C'... .
Thu May  7 17:13:44 EDT 2015
    prior probabilities for 'G'... .
Thu May  7 17:13:44 EDT 2015
    prior probabilities for 'T'... .
Thu May  7 17:13:44 EDT 2015
Thu May  7 17:13:44 EDT 2015
10. flanking sites: combining ancestral priors and observed alleles, time 0h1m5s
11. flanking sites: combining site and block info, time 0h1m5s
12. tarring intermediate site summaries, time 0h1m5s
tar: Removing leading `/' from member names
Done with 9515 sites after filtering, and 480 polymorphic flanking neutral sites. time 0h1m5s
