==================================================================
  Processing data set HEPACAM_downregulated_GENE_cis_elements_distal
==================================================================
1.  filtering elements, time 0h0m0s
    sites in original bed file: 9600
               autosomal sites: 9600
               after filtering: 8535
2.  generating polymorphism summary for all sites, time 0h0m3s
3.  retrieving ancestral priors for all sites, time 0h0m3s
Fri May  8 23:25:41 EDT 2015
Fri May  8 23:25:41 EDT 2015
    prior probabilities for 'A'... .
Fri May  8 23:25:44 EDT 2015
    prior probabilities for 'C'... .
Fri May  8 23:25:48 EDT 2015
    prior probabilities for 'G'... .
Fri May  8 23:25:51 EDT 2015
    prior probabilities for 'T'... .
Fri May  8 23:25:54 EDT 2015
Fri May  8 23:25:54 EDT 2015
4.  combining polymorphism summary with ancestral priors, time 0h0m16s
5.  filtering sites with no variation or ancestral data, time 0h0m16s
    total number of sites:    8535
    sites with sequence data: 6747
6.  retrieving lambdas and thetas from appropriate genomic blocks, time 0h0m16s
    found 34 total blocks with lambda values.
    found 34 blocks with at least 100 sites with information on lamda.
    found 34 total blocks with theta values.
    found 34 blocks with at least 100 sites with information on theta.
    obtaining intersection bed file
    filtering sites that do not appear in blocks with sufficient information
    number of sites decreased from 6747 to 6747
    combining block information for theta and lambda with site information
7.  computing set of filtered neutral sites in blocks, time 0h0m18s
8.  flanking sites: retrieving polymorphic sites, time 0h0m19s
9. flanking sites: retrieving ancestral priors, time 0h0m19s
Fri May  8 23:25:57 EDT 2015
Fri May  8 23:25:57 EDT 2015
    prior probabilities for 'A'... .
Fri May  8 23:25:57 EDT 2015
    prior probabilities for 'C'... .
Fri May  8 23:25:57 EDT 2015
    prior probabilities for 'G'... .
Fri May  8 23:25:58 EDT 2015
    prior probabilities for 'T'... .
Fri May  8 23:25:58 EDT 2015
Fri May  8 23:25:58 EDT 2015
10. flanking sites: combining ancestral priors and observed alleles, time 0h0m20s
11. flanking sites: combining site and block info, time 0h0m20s
12. tarring intermediate site summaries, time 0h0m20s
tar: Removing leading `/' from member names
Done with 6747 sites after filtering, and 333 polymorphic flanking neutral sites. time 0h0m20s
