==================================================================
  Processing data set SMYD1_GENE_cis_elements_distal
==================================================================
1.  filtering elements, time 0h0m0s
    sites in original bed file: 6750
               autosomal sites: 6750
               after filtering: 5153
2.  generating polymorphism summary for all sites, time 0h0m7s
3.  retrieving ancestral priors for all sites, time 0h0m7s
Fri May  8 17:18:23 EDT 2015
Fri May  8 17:18:23 EDT 2015
    prior probabilities for 'A'... .
Fri May  8 17:18:30 EDT 2015
    prior probabilities for 'C'... .
Fri May  8 17:18:38 EDT 2015
    prior probabilities for 'G'... .
Fri May  8 17:18:45 EDT 2015
    prior probabilities for 'T'... .
Fri May  8 17:18:52 EDT 2015
Fri May  8 17:18:52 EDT 2015
4.  combining polymorphism summary with ancestral priors, time 0h0m36s
5.  filtering sites with no variation or ancestral data, time 0h0m36s
    total number of sites:    5153
    sites with sequence data: 4880
6.  retrieving lambdas and thetas from appropriate genomic blocks, time 0h0m36s
    found 32 total blocks with lambda values.
    found 32 blocks with at least 100 sites with information on lamda.
    found 32 total blocks with theta values.
    found 32 blocks with at least 100 sites with information on theta.
    obtaining intersection bed file
    filtering sites that do not appear in blocks with sufficient information
    number of sites decreased from 4880 to 4880
    combining block information for theta and lambda with site information
7.  computing set of filtered neutral sites in blocks, time 0h0m38s
8.  flanking sites: retrieving polymorphic sites, time 0h0m42s
9. flanking sites: retrieving ancestral priors, time 0h0m43s
Fri May  8 17:18:59 EDT 2015
Fri May  8 17:18:59 EDT 2015
    prior probabilities for 'A'... .
Fri May  8 17:18:59 EDT 2015
    prior probabilities for 'C'... .
Fri May  8 17:18:59 EDT 2015
    prior probabilities for 'G'... .
Fri May  8 17:18:59 EDT 2015
    prior probabilities for 'T'... .
Fri May  8 17:18:59 EDT 2015
Fri May  8 17:18:59 EDT 2015
10. flanking sites: combining ancestral priors and observed alleles, time 0h0m43s
11. flanking sites: combining site and block info, time 0h0m43s
12. tarring intermediate site summaries, time 0h0m43s
tar: Removing leading `/' from member names
Done with 4880 sites after filtering, and 335 polymorphic flanking neutral sites. time 0h0m43s
