==================================================================
  Processing data set PRR18_upregulated_GENE_cis_elements_distal
==================================================================
1.  filtering elements, time 0h0m0s
    sites in original bed file: 4650
               autosomal sites: 4650
               after filtering: 3640
2.  generating polymorphism summary for all sites, time 0h0m11s
3.  retrieving ancestral priors for all sites, time 0h0m11s
Sat May  9 11:00:23 EDT 2015
Sat May  9 11:00:23 EDT 2015
    prior probabilities for 'A'... .
Sat May  9 11:00:31 EDT 2015
    prior probabilities for 'C'... .
Sat May  9 11:00:38 EDT 2015
    prior probabilities for 'G'... .
Sat May  9 11:00:46 EDT 2015
    prior probabilities for 'T'... .
Sat May  9 11:00:54 EDT 2015
Sat May  9 11:00:54 EDT 2015
4.  combining polymorphism summary with ancestral priors, time 0h0m42s
5.  filtering sites with no variation or ancestral data, time 0h0m42s
    total number of sites:    3640
    sites with sequence data: 3063
6.  retrieving lambdas and thetas from appropriate genomic blocks, time 0h0m42s
    found 19 total blocks with lambda values.
    found 19 blocks with at least 100 sites with information on lamda.
    found 19 total blocks with theta values.
    found 19 blocks with at least 100 sites with information on theta.
    obtaining intersection bed file
    filtering sites that do not appear in blocks with sufficient information
    number of sites decreased from 3063 to 3063
    combining block information for theta and lambda with site information
7.  computing set of filtered neutral sites in blocks, time 0h0m43s
8.  flanking sites: retrieving polymorphic sites, time 0h0m50s
9. flanking sites: retrieving ancestral priors, time 0h0m50s
Sat May  9 11:01:02 EDT 2015
Sat May  9 11:01:02 EDT 2015
    prior probabilities for 'A'... .
Sat May  9 11:01:02 EDT 2015
    prior probabilities for 'C'... .
Sat May  9 11:01:02 EDT 2015
    prior probabilities for 'G'... .
Sat May  9 11:01:02 EDT 2015
    prior probabilities for 'T'... .
Sat May  9 11:01:02 EDT 2015
Sat May  9 11:01:02 EDT 2015
10. flanking sites: combining ancestral priors and observed alleles, time 0h0m50s
11. flanking sites: combining site and block info, time 0h0m50s
12. tarring intermediate site summaries, time 0h0m50s
tar: Removing leading `/' from member names
Done with 3063 sites after filtering, and 277 polymorphic flanking neutral sites. time 0h0m50s
