==================================================================
  Processing data set TUBB3_GENE_cis_elements_distal
==================================================================
1.  filtering elements, time 0h0m0s
    sites in original bed file: 16110
               autosomal sites: 16110
               after filtering: 12357
2.  generating polymorphism summary for all sites, time 0h0m8s
3.  retrieving ancestral priors for all sites, time 0h0m9s
Thu May  7 17:34:05 EDT 2015
Thu May  7 17:34:05 EDT 2015
    prior probabilities for 'A'... .
Thu May  7 17:34:07 EDT 2015
    prior probabilities for 'C'... .
Thu May  7 17:34:10 EDT 2015
    prior probabilities for 'G'... .
Thu May  7 17:34:12 EDT 2015
    prior probabilities for 'T'... .
Thu May  7 17:34:15 EDT 2015
Thu May  7 17:34:15 EDT 2015
4.  combining polymorphism summary with ancestral priors, time 0h0m19s
5.  filtering sites with no variation or ancestral data, time 0h0m19s
    total number of sites:    12357
    sites with sequence data: 7824
6.  retrieving lambdas and thetas from appropriate genomic blocks, time 0h0m19s
    found 49 total blocks with lambda values.
    found 49 blocks with at least 100 sites with information on lamda.
    found 49 total blocks with theta values.
    found 49 blocks with at least 100 sites with information on theta.
    obtaining intersection bed file
    filtering sites that do not appear in blocks with sufficient information
    number of sites decreased from 7824 to 7824
    combining block information for theta and lambda with site information
7.  computing set of filtered neutral sites in blocks, time 0h0m20s
8.  flanking sites: retrieving polymorphic sites, time 0h0m24s
9. flanking sites: retrieving ancestral priors, time 0h0m24s
Thu May  7 17:34:20 EDT 2015
Thu May  7 17:34:20 EDT 2015
    prior probabilities for 'A'... .
Thu May  7 17:34:20 EDT 2015
    prior probabilities for 'C'... .
Thu May  7 17:34:20 EDT 2015
    prior probabilities for 'G'... .
Thu May  7 17:34:20 EDT 2015
    prior probabilities for 'T'... .
Thu May  7 17:34:20 EDT 2015
Thu May  7 17:34:20 EDT 2015
10. flanking sites: combining ancestral priors and observed alleles, time 0h0m24s
11. flanking sites: combining site and block info, time 0h0m24s
12. tarring intermediate site summaries, time 0h0m24s
tar: Removing leading `/' from member names
Done with 7824 sites after filtering, and 204 polymorphic flanking neutral sites. time 0h0m24s
