==================================================================
  Processing data set ATOH7_upregulated_GENE_cis_elements_distal
==================================================================
1.  filtering elements, time 0h0m0s
    sites in original bed file: 4500
               autosomal sites: 4500
               after filtering: 2738
2.  generating polymorphism summary for all sites, time 0h0m2s
3.  retrieving ancestral priors for all sites, time 0h0m3s
Sat May  9 10:28:01 EDT 2015
Sat May  9 10:28:01 EDT 2015
    prior probabilities for 'A'... .
Sat May  9 10:28:01 EDT 2015
    prior probabilities for 'C'... .
Sat May  9 10:28:01 EDT 2015
    prior probabilities for 'G'... .
Sat May  9 10:28:01 EDT 2015
    prior probabilities for 'T'... .
Sat May  9 10:28:02 EDT 2015
Sat May  9 10:28:02 EDT 2015
4.  combining polymorphism summary with ancestral priors, time 0h0m4s
5.  filtering sites with no variation or ancestral data, time 0h0m4s
    total number of sites:    2738
    sites with sequence data: 2482
6.  retrieving lambdas and thetas from appropriate genomic blocks, time 0h0m4s
    found 16 total blocks with lambda values.
    found 16 blocks with at least 100 sites with information on lamda.
    found 16 total blocks with theta values.
    found 16 blocks with at least 100 sites with information on theta.
    obtaining intersection bed file
    filtering sites that do not appear in blocks with sufficient information
    number of sites decreased from 2482 to 2482
    combining block information for theta and lambda with site information
7.  computing set of filtered neutral sites in blocks, time 0h0m5s
8.  flanking sites: retrieving polymorphic sites, time 0h0m7s
9. flanking sites: retrieving ancestral priors, time 0h0m7s
Sat May  9 10:28:05 EDT 2015
Sat May  9 10:28:05 EDT 2015
    prior probabilities for 'A'... .
Sat May  9 10:28:05 EDT 2015
    prior probabilities for 'C'... .
Sat May  9 10:28:05 EDT 2015
    prior probabilities for 'G'... .
Sat May  9 10:28:05 EDT 2015
    prior probabilities for 'T'... .
Sat May  9 10:28:05 EDT 2015
Sat May  9 10:28:05 EDT 2015
10. flanking sites: combining ancestral priors and observed alleles, time 0h0m7s
11. flanking sites: combining site and block info, time 0h0m7s
12. tarring intermediate site summaries, time 0h0m7s
tar: Removing leading `/' from member names
Done with 2482 sites after filtering, and 72 polymorphic flanking neutral sites. time 0h0m7s
