==================================================================
  Processing data set EIF4E1B_upregulated_GENE_cis_elements_distal
==================================================================
1.  filtering elements, time 0h0m0s
    sites in original bed file: 6300
               autosomal sites: 6300
               after filtering: 5195
2.  generating polymorphism summary for all sites, time 0h0m11s
3.  retrieving ancestral priors for all sites, time 0h0m11s
Sat May  9 10:33:47 EDT 2015
Sat May  9 10:33:47 EDT 2015
    prior probabilities for 'A'... .
Sat May  9 10:33:57 EDT 2015
    prior probabilities for 'C'... .
Sat May  9 10:34:06 EDT 2015
    prior probabilities for 'G'... .
Sat May  9 10:34:13 EDT 2015
    prior probabilities for 'T'... .
Sat May  9 10:34:26 EDT 2015
Sat May  9 10:34:26 EDT 2015
4.  combining polymorphism summary with ancestral priors, time 0h0m50s
5.  filtering sites with no variation or ancestral data, time 0h0m50s
    total number of sites:    5195
    sites with sequence data: 4384
6.  retrieving lambdas and thetas from appropriate genomic blocks, time 0h0m50s
    found 32 total blocks with lambda values.
    found 32 blocks with at least 100 sites with information on lamda.
    found 32 total blocks with theta values.
    found 32 blocks with at least 100 sites with information on theta.
    obtaining intersection bed file
    filtering sites that do not appear in blocks with sufficient information
    number of sites decreased from 4384 to 4384
    combining block information for theta and lambda with site information
7.  computing set of filtered neutral sites in blocks, time 0h0m51s
8.  flanking sites: retrieving polymorphic sites, time 0h0m57s
9. flanking sites: retrieving ancestral priors, time 0h0m58s
Sat May  9 10:34:34 EDT 2015
Sat May  9 10:34:34 EDT 2015
    prior probabilities for 'A'... .
Sat May  9 10:34:34 EDT 2015
    prior probabilities for 'C'... .
Sat May  9 10:34:34 EDT 2015
    prior probabilities for 'G'... .
Sat May  9 10:34:34 EDT 2015
    prior probabilities for 'T'... .
Sat May  9 10:34:34 EDT 2015
Sat May  9 10:34:34 EDT 2015
10. flanking sites: combining ancestral priors and observed alleles, time 0h0m58s
11. flanking sites: combining site and block info, time 0h0m58s
12. tarring intermediate site summaries, time 0h0m58s
tar: Removing leading `/' from member names
Done with 4384 sites after filtering, and 268 polymorphic flanking neutral sites. time 0h0m58s
