==================================================================
  Processing data set MYH8_GENE_cis_elements_distal
==================================================================
1.  filtering elements, time 0h0m0s
    sites in original bed file: 8250
               autosomal sites: 8250
               after filtering: 7158
2.  generating polymorphism summary for all sites, time 0h0m5s
3.  retrieving ancestral priors for all sites, time 0h0m5s
Fri May  8 17:03:38 EDT 2015
Fri May  8 17:03:38 EDT 2015
    prior probabilities for 'A'... .
Fri May  8 17:03:40 EDT 2015
    prior probabilities for 'C'... .
Fri May  8 17:03:42 EDT 2015
    prior probabilities for 'G'... .
Fri May  8 17:03:43 EDT 2015
    prior probabilities for 'T'... .
Fri May  8 17:03:46 EDT 2015
Fri May  8 17:03:46 EDT 2015
4.  combining polymorphism summary with ancestral priors, time 0h0m13s
5.  filtering sites with no variation or ancestral data, time 0h0m13s
    total number of sites:    7158
    sites with sequence data: 5917
6.  retrieving lambdas and thetas from appropriate genomic blocks, time 0h0m13s
    found 26 total blocks with lambda values.
    found 26 blocks with at least 100 sites with information on lamda.
    found 26 total blocks with theta values.
    found 26 blocks with at least 100 sites with information on theta.
    obtaining intersection bed file
    filtering sites that do not appear in blocks with sufficient information
    number of sites decreased from 5917 to 5917
    combining block information for theta and lambda with site information
7.  computing set of filtered neutral sites in blocks, time 0h0m14s
8.  flanking sites: retrieving polymorphic sites, time 0h0m17s
9. flanking sites: retrieving ancestral priors, time 0h0m17s
Fri May  8 17:03:50 EDT 2015
Fri May  8 17:03:50 EDT 2015
    prior probabilities for 'A'... .
Fri May  8 17:03:50 EDT 2015
    prior probabilities for 'C'... .
Fri May  8 17:03:50 EDT 2015
    prior probabilities for 'G'... .
Fri May  8 17:03:50 EDT 2015
    prior probabilities for 'T'... .
Fri May  8 17:03:50 EDT 2015
Fri May  8 17:03:50 EDT 2015
10. flanking sites: combining ancestral priors and observed alleles, time 0h0m18s
11. flanking sites: combining site and block info, time 0h0m18s
12. tarring intermediate site summaries, time 0h0m18s
tar: Removing leading `/' from member names
Done with 5917 sites after filtering, and 164 polymorphic flanking neutral sites. time 0h0m18s
