==================================================================
  Processing data set LHFPL5_upregulated_GENE_cis_elements_distal
==================================================================
1.  filtering elements, time 0h0m0s
    sites in original bed file: 3000
               autosomal sites: 3000
               after filtering: 2686
2.  generating polymorphism summary for all sites, time 0h0m11s
3.  retrieving ancestral priors for all sites, time 0h0m11s
Sat May  9 10:48:52 EDT 2015
Sat May  9 10:48:52 EDT 2015
    prior probabilities for 'A'... .
Sat May  9 10:48:52 EDT 2015
    prior probabilities for 'C'... .
Sat May  9 10:48:53 EDT 2015
    prior probabilities for 'G'... .
Sat May  9 10:48:53 EDT 2015
    prior probabilities for 'T'... .
Sat May  9 10:48:53 EDT 2015
Sat May  9 10:48:53 EDT 2015
4.  combining polymorphism summary with ancestral priors, time 0h0m12s
5.  filtering sites with no variation or ancestral data, time 0h0m12s
    total number of sites:    2686
    sites with sequence data: 2410
6.  retrieving lambdas and thetas from appropriate genomic blocks, time 0h0m12s
    found 17 total blocks with lambda values.
    found 17 blocks with at least 100 sites with information on lamda.
    found 17 total blocks with theta values.
    found 17 blocks with at least 100 sites with information on theta.
    obtaining intersection bed file
    filtering sites that do not appear in blocks with sufficient information
    number of sites decreased from 2410 to 2410
    combining block information for theta and lambda with site information
7.  computing set of filtered neutral sites in blocks, time 0h0m14s
8.  flanking sites: retrieving polymorphic sites, time 0h0m20s
9. flanking sites: retrieving ancestral priors, time 0h0m20s
Sat May  9 10:49:01 EDT 2015
Sat May  9 10:49:01 EDT 2015
    prior probabilities for 'A'... .
Sat May  9 10:49:01 EDT 2015
    prior probabilities for 'C'... .
Sat May  9 10:49:02 EDT 2015
    prior probabilities for 'G'... .
Sat May  9 10:49:02 EDT 2015
    prior probabilities for 'T'... .
Sat May  9 10:49:02 EDT 2015
Sat May  9 10:49:02 EDT 2015
10. flanking sites: combining ancestral priors and observed alleles, time 0h0m21s
11. flanking sites: combining site and block info, time 0h0m21s
12. tarring intermediate site summaries, time 0h0m21s
tar: Removing leading `/' from member names
Done with 2410 sites after filtering, and 100 polymorphic flanking neutral sites. time 0h0m21s
