==================================================================
  Processing data set CDK5R2_GENE_cis_elements_distal
==================================================================
1.  filtering elements, time 0h0m0s
    sites in original bed file: 3000
               autosomal sites: 3000
               after filtering: 2583
2.  generating polymorphism summary for all sites, time 0h0m7s
3.  retrieving ancestral priors for all sites, time 0h0m7s
Thu May  7 16:54:51 EDT 2015
Thu May  7 16:54:51 EDT 2015
    prior probabilities for 'A'... .
Thu May  7 16:54:52 EDT 2015
    prior probabilities for 'C'... .
Thu May  7 16:54:52 EDT 2015
    prior probabilities for 'G'... .
Thu May  7 16:54:52 EDT 2015
    prior probabilities for 'T'... .
Thu May  7 16:54:52 EDT 2015
Thu May  7 16:54:52 EDT 2015
4.  combining polymorphism summary with ancestral priors, time 0h0m8s
5.  filtering sites with no variation or ancestral data, time 0h0m9s
    total number of sites:    2583
    sites with sequence data: 1211
6.  retrieving lambdas and thetas from appropriate genomic blocks, time 0h0m9s
    found 10 total blocks with lambda values.
    found 10 blocks with at least 100 sites with information on lamda.
    found 10 total blocks with theta values.
    found 10 blocks with at least 100 sites with information on theta.
    obtaining intersection bed file
    filtering sites that do not appear in blocks with sufficient information
    number of sites decreased from 1211 to 1211
    combining block information for theta and lambda with site information
7.  computing set of filtered neutral sites in blocks, time 0h0m10s
8.  flanking sites: retrieving polymorphic sites, time 0h0m14s
9. flanking sites: retrieving ancestral priors, time 0h0m14s
Thu May  7 16:54:58 EDT 2015
Thu May  7 16:54:58 EDT 2015
    prior probabilities for 'A'... .
Thu May  7 16:54:58 EDT 2015
    prior probabilities for 'C'... .
Thu May  7 16:54:58 EDT 2015
    prior probabilities for 'G'... .
Thu May  7 16:54:58 EDT 2015
    prior probabilities for 'T'... .
Thu May  7 16:54:58 EDT 2015
Thu May  7 16:54:58 EDT 2015
10. flanking sites: combining ancestral priors and observed alleles, time 0h0m14s
11. flanking sites: combining site and block info, time 0h0m14s
12. tarring intermediate site summaries, time 0h0m14s
tar: Removing leading `/' from member names
Done with 1211 sites after filtering, and 26 polymorphic flanking neutral sites. time 0h0m14s
