==================================================================
  Processing data set LHFPL4_downregulated_GENE_cis_elements_distal
==================================================================
1.  filtering elements, time 0h0m0s
    sites in original bed file: 1500
               autosomal sites: 1500
               after filtering: 845
2.  generating polymorphism summary for all sites, time 0h0m8s
3.  retrieving ancestral priors for all sites, time 0h0m12s
Fri May  8 23:31:28 EDT 2015
Fri May  8 23:31:28 EDT 2015
    prior probabilities for 'A'... .
Fri May  8 23:31:28 EDT 2015
    prior probabilities for 'C'... .
Fri May  8 23:31:28 EDT 2015
    prior probabilities for 'G'... .
Fri May  8 23:31:28 EDT 2015
    prior probabilities for 'T'... .
Fri May  8 23:31:28 EDT 2015
Fri May  8 23:31:28 EDT 2015
4.  combining polymorphism summary with ancestral priors, time 0h0m13s
5.  filtering sites with no variation or ancestral data, time 0h0m13s
    total number of sites:    845
    sites with sequence data: 460
6.  retrieving lambdas and thetas from appropriate genomic blocks, time 0h0m13s
    found 6 total blocks with lambda values.
    found 6 blocks with at least 100 sites with information on lamda.
    found 6 total blocks with theta values.
    found 6 blocks with at least 100 sites with information on theta.
    obtaining intersection bed file
    filtering sites that do not appear in blocks with sufficient information
    number of sites decreased from 460 to 460
    combining block information for theta and lambda with site information
7.  computing set of filtered neutral sites in blocks, time 0h0m14s
8.  flanking sites: retrieving polymorphic sites, time 0h0m19s
9. flanking sites: retrieving ancestral priors, time 0h0m21s
Fri May  8 23:31:37 EDT 2015
Fri May  8 23:31:37 EDT 2015
    prior probabilities for 'A'... .
Fri May  8 23:31:37 EDT 2015
    prior probabilities for 'C'... .
Fri May  8 23:31:37 EDT 2015
    prior probabilities for 'G'... .
Fri May  8 23:31:37 EDT 2015
    prior probabilities for 'T'... .
Fri May  8 23:31:37 EDT 2015
Fri May  8 23:31:37 EDT 2015
10. flanking sites: combining ancestral priors and observed alleles, time 0h0m21s
11. flanking sites: combining site and block info, time 0h0m21s
12. tarring intermediate site summaries, time 0h0m21s
tar: Removing leading `/' from member names
Done with 460 sites after filtering, and 35 polymorphic flanking neutral sites. time 0h0m21s
