==================================================================
  Processing data set DLGAP2_upregulated_GENE_cis_elements_distal
==================================================================
1.  filtering elements, time 0h0m0s
    sites in original bed file: 12600
               autosomal sites: 12600
               after filtering: 10049
2.  generating polymorphism summary for all sites, time 0h0m12s
3.  retrieving ancestral priors for all sites, time 0h0m12s
Sat May  9 10:32:40 EDT 2015
Sat May  9 10:32:40 EDT 2015
    prior probabilities for 'A'... .
Sat May  9 10:32:47 EDT 2015
    prior probabilities for 'C'... .
Sat May  9 10:32:55 EDT 2015
    prior probabilities for 'G'... .
Sat May  9 10:33:03 EDT 2015
    prior probabilities for 'T'... .
Sat May  9 10:33:11 EDT 2015
Sat May  9 10:33:11 EDT 2015
4.  combining polymorphism summary with ancestral priors, time 0h0m43s
5.  filtering sites with no variation or ancestral data, time 0h0m43s
    total number of sites:    10049
    sites with sequence data: 9029
6.  retrieving lambdas and thetas from appropriate genomic blocks, time 0h0m43s
    found 55 total blocks with lambda values.
    found 55 blocks with at least 100 sites with information on lamda.
    found 55 total blocks with theta values.
    found 55 blocks with at least 100 sites with information on theta.
    obtaining intersection bed file
    filtering sites that do not appear in blocks with sufficient information
    number of sites decreased from 9029 to 9029
    combining block information for theta and lambda with site information
7.  computing set of filtered neutral sites in blocks, time 0h0m44s
8.  flanking sites: retrieving polymorphic sites, time 0h0m51s
9. flanking sites: retrieving ancestral priors, time 0h0m53s
Sat May  9 10:33:21 EDT 2015
Sat May  9 10:33:21 EDT 2015
    prior probabilities for 'A'... .
Sat May  9 10:33:21 EDT 2015
    prior probabilities for 'C'... .
Sat May  9 10:33:21 EDT 2015
    prior probabilities for 'G'... .
Sat May  9 10:33:21 EDT 2015
    prior probabilities for 'T'... .
Sat May  9 10:33:21 EDT 2015
Sat May  9 10:33:21 EDT 2015
10. flanking sites: combining ancestral priors and observed alleles, time 0h0m53s
11. flanking sites: combining site and block info, time 0h0m53s
12. tarring intermediate site summaries, time 0h0m53s
tar: Removing leading `/' from member names
Done with 9029 sites after filtering, and 1085 polymorphic flanking neutral sites. time 0h0m54s
