==================================================================
  Processing data set PAX7_GENE_cis_elements_distal
==================================================================
1.  filtering elements, time 0h0m0s
    sites in original bed file: 21150
               autosomal sites: 21150
               after filtering: 18591
2.  generating polymorphism summary for all sites, time 0h0m1s
3.  retrieving ancestral priors for all sites, time 0h0m1s
Fri May  8 17:08:47 EDT 2015
Fri May  8 17:08:47 EDT 2015
    prior probabilities for 'A'... .
Fri May  8 17:08:57 EDT 2015
    prior probabilities for 'C'... .
Fri May  8 17:09:05 EDT 2015
    prior probabilities for 'G'... .
Fri May  8 17:09:12 EDT 2015
    prior probabilities for 'T'... .
Fri May  8 17:09:21 EDT 2015
Fri May  8 17:09:21 EDT 2015
4.  combining polymorphism summary with ancestral priors, time 0h0m35s
5.  filtering sites with no variation or ancestral data, time 0h0m35s
    total number of sites:    18591
    sites with sequence data: 15861
6.  retrieving lambdas and thetas from appropriate genomic blocks, time 0h0m35s
    found 71 total blocks with lambda values.
    found 71 blocks with at least 100 sites with information on lamda.
    found 71 total blocks with theta values.
    found 71 blocks with at least 100 sites with information on theta.
    obtaining intersection bed file
    filtering sites that do not appear in blocks with sufficient information
    number of sites decreased from 15861 to 15861
    combining block information for theta and lambda with site information
7.  computing set of filtered neutral sites in blocks, time 0h0m37s
8.  flanking sites: retrieving polymorphic sites, time 0h0m37s
9. flanking sites: retrieving ancestral priors, time 0h0m39s
Fri May  8 17:09:25 EDT 2015
Fri May  8 17:09:25 EDT 2015
    prior probabilities for 'A'... .
Fri May  8 17:09:25 EDT 2015
    prior probabilities for 'C'... .
Fri May  8 17:09:25 EDT 2015
    prior probabilities for 'G'... .
Fri May  8 17:09:25 EDT 2015
    prior probabilities for 'T'... .
Fri May  8 17:09:25 EDT 2015
Fri May  8 17:09:25 EDT 2015
10. flanking sites: combining ancestral priors and observed alleles, time 0h0m39s
11. flanking sites: combining site and block info, time 0h0m39s
12. tarring intermediate site summaries, time 0h0m39s
tar: Removing leading `/' from member names
Done with 15861 sites after filtering, and 1056 polymorphic flanking neutral sites. time 0h0m40s
