==================================================================
  Processing data set NAP1L5_GENE_cis_elements_distal
==================================================================
1.  filtering elements, time 0h0m0s
    sites in original bed file: 1050
               autosomal sites: 1050
               after filtering: 709
2.  generating polymorphism summary for all sites, time 0h0m18s
3.  retrieving ancestral priors for all sites, time 0h0m18s
Thu May  7 17:10:41 EDT 2015
Thu May  7 17:10:41 EDT 2015
    prior probabilities for 'A'... .
Thu May  7 17:10:41 EDT 2015
    prior probabilities for 'C'... .
Thu May  7 17:10:42 EDT 2015
    prior probabilities for 'G'... .
Thu May  7 17:10:42 EDT 2015
    prior probabilities for 'T'... .
Thu May  7 17:10:42 EDT 2015
Thu May  7 17:10:42 EDT 2015
4.  combining polymorphism summary with ancestral priors, time 0h0m19s
5.  filtering sites with no variation or ancestral data, time 0h0m19s
    total number of sites:    709
    sites with sequence data: 702
6.  retrieving lambdas and thetas from appropriate genomic blocks, time 0h0m19s
    found 4 total blocks with lambda values.
    found 4 blocks with at least 100 sites with information on lamda.
    found 4 total blocks with theta values.
    found 4 blocks with at least 100 sites with information on theta.
    obtaining intersection bed file
    filtering sites that do not appear in blocks with sufficient information
    number of sites decreased from 702 to 702
    combining block information for theta and lambda with site information
7.  computing set of filtered neutral sites in blocks, time 0h0m21s
8.  flanking sites: retrieving polymorphic sites, time 0h0m33s
9. flanking sites: retrieving ancestral priors, time 0h0m33s
Thu May  7 17:10:56 EDT 2015
Thu May  7 17:10:56 EDT 2015
    prior probabilities for 'A'... .
Thu May  7 17:10:56 EDT 2015
    prior probabilities for 'C'... .
Thu May  7 17:10:56 EDT 2015
    prior probabilities for 'G'... .
Thu May  7 17:10:56 EDT 2015
    prior probabilities for 'T'... .
Thu May  7 17:10:56 EDT 2015
Thu May  7 17:10:56 EDT 2015
10. flanking sites: combining ancestral priors and observed alleles, time 0h0m33s
11. flanking sites: combining site and block info, time 0h0m33s
12. tarring intermediate site summaries, time 0h0m33s
tar: Removing leading `/' from member names
Done with 702 sites after filtering, and 32 polymorphic flanking neutral sites. time 0h0m33s
