==================================================================
  Processing data set KCNH8_downregulated_GENE_cis_elements_distal
==================================================================
1.  filtering elements, time 0h0m0s
    sites in original bed file: 1950
               autosomal sites: 1950
               after filtering: 1253
2.  generating polymorphism summary for all sites, time 0h0m8s
3.  retrieving ancestral priors for all sites, time 0h0m9s
Fri May  8 23:28:04 EDT 2015
Fri May  8 23:28:04 EDT 2015
    prior probabilities for 'A'... .
Fri May  8 23:28:04 EDT 2015
    prior probabilities for 'C'... .
Fri May  8 23:28:04 EDT 2015
    prior probabilities for 'G'... .
Fri May  8 23:28:04 EDT 2015
    prior probabilities for 'T'... .
Fri May  8 23:28:04 EDT 2015
Fri May  8 23:28:04 EDT 2015
4.  combining polymorphism summary with ancestral priors, time 0h0m9s
5.  filtering sites with no variation or ancestral data, time 0h0m9s
    total number of sites:    1253
    sites with sequence data: 1232
6.  retrieving lambdas and thetas from appropriate genomic blocks, time 0h0m9s
    found 7 total blocks with lambda values.
    found 7 blocks with at least 100 sites with information on lamda.
    found 7 total blocks with theta values.
    found 7 blocks with at least 100 sites with information on theta.
    obtaining intersection bed file
    filtering sites that do not appear in blocks with sufficient information
    number of sites decreased from 1232 to 1232
    combining block information for theta and lambda with site information
7.  computing set of filtered neutral sites in blocks, time 0h0m11s
8.  flanking sites: retrieving polymorphic sites, time 0h0m16s
9. flanking sites: retrieving ancestral priors, time 0h0m16s
Fri May  8 23:28:11 EDT 2015
Fri May  8 23:28:11 EDT 2015
    prior probabilities for 'A'... .
Fri May  8 23:28:11 EDT 2015
    prior probabilities for 'C'... .
Fri May  8 23:28:11 EDT 2015
    prior probabilities for 'G'... .
Fri May  8 23:28:11 EDT 2015
    prior probabilities for 'T'... .
Fri May  8 23:28:11 EDT 2015
Fri May  8 23:28:11 EDT 2015
10. flanking sites: combining ancestral priors and observed alleles, time 0h0m16s
11. flanking sites: combining site and block info, time 0h0m16s
12. tarring intermediate site summaries, time 0h0m16s
tar: Removing leading `/' from member names
Done with 1232 sites after filtering, and 85 polymorphic flanking neutral sites. time 0h0m16s
