==================================================================
  Processing data set PACSIN1_GENE_cis_elements_distal
==================================================================
1.  filtering elements, time 0h0m0s
    sites in original bed file: 16500
               autosomal sites: 16500
               after filtering: 13948
2.  generating polymorphism summary for all sites, time 0h0m18s
3.  retrieving ancestral priors for all sites, time 0h0m18s
Thu May  7 17:18:30 EDT 2015
Thu May  7 17:18:30 EDT 2015
    prior probabilities for 'A'... .
Thu May  7 17:18:39 EDT 2015
    prior probabilities for 'C'... .
Thu May  7 17:18:47 EDT 2015
    prior probabilities for 'G'... .
Thu May  7 17:18:57 EDT 2015
    prior probabilities for 'T'... .
Thu May  7 17:19:09 EDT 2015
Thu May  7 17:19:09 EDT 2015
4.  combining polymorphism summary with ancestral priors, time 0h0m57s
5.  filtering sites with no variation or ancestral data, time 0h0m57s
    total number of sites:    13948
    sites with sequence data: 12169
6.  retrieving lambdas and thetas from appropriate genomic blocks, time 0h0m57s
    found 62 total blocks with lambda values.
    found 62 blocks with at least 100 sites with information on lamda.
    found 62 total blocks with theta values.
    found 62 blocks with at least 100 sites with information on theta.
    obtaining intersection bed file
    filtering sites that do not appear in blocks with sufficient information
    number of sites decreased from 12169 to 12169
    combining block information for theta and lambda with site information
7.  computing set of filtered neutral sites in blocks, time 0h0m59s
8.  flanking sites: retrieving polymorphic sites, time 0h1m7s
9. flanking sites: retrieving ancestral priors, time 0h1m9s
Thu May  7 17:19:21 EDT 2015
Thu May  7 17:19:21 EDT 2015
    prior probabilities for 'A'... .
Thu May  7 17:19:21 EDT 2015
    prior probabilities for 'C'... .
Thu May  7 17:19:21 EDT 2015
    prior probabilities for 'G'... .
Thu May  7 17:19:21 EDT 2015
    prior probabilities for 'T'... .
Thu May  7 17:19:21 EDT 2015
Thu May  7 17:19:21 EDT 2015
10. flanking sites: combining ancestral priors and observed alleles, time 0h1m9s
11. flanking sites: combining site and block info, time 0h1m9s
12. tarring intermediate site summaries, time 0h1m9s
tar: Removing leading `/' from member names
Done with 12169 sites after filtering, and 654 polymorphic flanking neutral sites. time 0h1m9s
