==================================================================
  Processing data set KCNK4_downregulated_GENE_cis_elements_distal
==================================================================
1.  filtering elements, time 0h0m0s
    sites in original bed file: 28050
               autosomal sites: 28050
               after filtering: 23909
2.  generating polymorphism summary for all sites, time 0h0m2s
3.  retrieving ancestral priors for all sites, time 0h0m2s
Fri May  8 23:29:05 EDT 2015
Fri May  8 23:29:05 EDT 2015
    prior probabilities for 'A'... .
Fri May  8 23:29:08 EDT 2015
    prior probabilities for 'C'... .
Fri May  8 23:29:11 EDT 2015
    prior probabilities for 'G'... .
Fri May  8 23:29:14 EDT 2015
    prior probabilities for 'T'... .
Fri May  8 23:29:18 EDT 2015
Fri May  8 23:29:18 EDT 2015
4.  combining polymorphism summary with ancestral priors, time 0h0m16s
5.  filtering sites with no variation or ancestral data, time 0h0m16s
    total number of sites:    23909
    sites with sequence data: 16965
6.  retrieving lambdas and thetas from appropriate genomic blocks, time 0h0m16s
    found 94 total blocks with lambda values.
    found 94 blocks with at least 100 sites with information on lamda.
    found 94 total blocks with theta values.
    found 94 blocks with at least 100 sites with information on theta.
    obtaining intersection bed file
    filtering sites that do not appear in blocks with sufficient information
    number of sites decreased from 16965 to 16965
    combining block information for theta and lambda with site information
7.  computing set of filtered neutral sites in blocks, time 0h0m18s
8.  flanking sites: retrieving polymorphic sites, time 0h0m19s
9. flanking sites: retrieving ancestral priors, time 0h0m20s
Fri May  8 23:29:22 EDT 2015
Fri May  8 23:29:22 EDT 2015
    prior probabilities for 'A'... .
Fri May  8 23:29:22 EDT 2015
    prior probabilities for 'C'... .
Fri May  8 23:29:22 EDT 2015
    prior probabilities for 'G'... .
Fri May  8 23:29:22 EDT 2015
    prior probabilities for 'T'... .
Fri May  8 23:29:22 EDT 2015
Fri May  8 23:29:22 EDT 2015
10. flanking sites: combining ancestral priors and observed alleles, time 0h0m20s
11. flanking sites: combining site and block info, time 0h0m20s
12. tarring intermediate site summaries, time 0h0m20s
tar: Removing leading `/' from member names
Done with 16965 sites after filtering, and 447 polymorphic flanking neutral sites. time 0h0m21s
