==================================================================
  Processing data set LMO3_downregulated_GENE_cis_elements_distal
==================================================================
1.  filtering elements, time 0h0m0s
    sites in original bed file: 8700
               autosomal sites: 8700
               after filtering: 6985
2.  generating polymorphism summary for all sites, time 0h0m4s
3.  retrieving ancestral priors for all sites, time 0h0m4s
Fri May  8 23:32:28 EDT 2015
Fri May  8 23:32:28 EDT 2015
    prior probabilities for 'A'... .
Fri May  8 23:32:31 EDT 2015
    prior probabilities for 'C'... .
Fri May  8 23:32:35 EDT 2015
    prior probabilities for 'G'... .
Fri May  8 23:32:39 EDT 2015
    prior probabilities for 'T'... .
Fri May  8 23:32:42 EDT 2015
Fri May  8 23:32:43 EDT 2015
4.  combining polymorphism summary with ancestral priors, time 0h0m19s
5.  filtering sites with no variation or ancestral data, time 0h0m19s
    total number of sites:    6985
    sites with sequence data: 6598
6.  retrieving lambdas and thetas from appropriate genomic blocks, time 0h0m19s
    found 36 total blocks with lambda values.
    found 36 blocks with at least 100 sites with information on lamda.
    found 36 total blocks with theta values.
    found 36 blocks with at least 100 sites with information on theta.
    obtaining intersection bed file
    filtering sites that do not appear in blocks with sufficient information
    number of sites decreased from 6598 to 6598
    combining block information for theta and lambda with site information
7.  computing set of filtered neutral sites in blocks, time 0h0m21s
8.  flanking sites: retrieving polymorphic sites, time 0h0m23s
9. flanking sites: retrieving ancestral priors, time 0h0m29s
Fri May  8 23:32:53 EDT 2015
Fri May  8 23:32:53 EDT 2015
    prior probabilities for 'A'... .
Fri May  8 23:32:53 EDT 2015
    prior probabilities for 'C'... .
Fri May  8 23:32:53 EDT 2015
    prior probabilities for 'G'... .
Fri May  8 23:32:53 EDT 2015
    prior probabilities for 'T'... .
Fri May  8 23:32:53 EDT 2015
Fri May  8 23:32:53 EDT 2015
10. flanking sites: combining ancestral priors and observed alleles, time 0h0m29s
11. flanking sites: combining site and block info, time 0h0m29s
12. tarring intermediate site summaries, time 0h0m29s
tar: Removing leading `/' from member names
Done with 6598 sites after filtering, and 426 polymorphic flanking neutral sites. time 0h0m29s
