thres-15-beta	Commandline: ./INSIGHT-EM/bin/INSIGHT-EM-v1.2-beta -v -i 100000 -b emOutput/PSD2_downregulated_GENE_cis_elements_distal.emInput.flankPoly.forBetas.ins.f15
thres-15-beta	----------------------------------------------------------------------------------------------
thres-15-beta	       INSIGHT-EM v1.2-beta, May 2014 
thres-15-beta	----------------------------------------------------------------------------------------------
thres-15-beta	==> Estimating the ratio beta1/(beta1+beta3) using neutral sites with low MAF.
thres-15-beta	----------------------------------------------------------------------------------------------
thres-15-beta	==> Processing site data file 'emOutput/PSD2_downregulated_GENE_cis_elements_distal.emInput.flankPoly.forBetas.ins.f15' and lambda parameters
thres-15-beta	==> Performing EM on ratio beta1/(beta1+beta3) [ initial value = 0.5 ]
thres-15-beta	    - EM stops after 100000 iterations or when log-likelihood increase is below 1e-06
thres-15-beta	    - '.' = 100 iterations
thres-15-beta	----------------------------------------------------------------------------------------------
thres-15-beta	Progress: 
thres-15-beta	Done. Running time  0m00s.
thres-15-beta	
thres-15-beta	----------------------------------------------------------
thres-15-beta	           beta1 
thres-15-beta	Estimates: 0.952417 
thres-15-beta	----------------------------------------------------------------------------------------------
thres-15-beta	             iter     lnLd       diff       status
thres-15-beta	EM status:       4   -12.1501 8.33463e-07  converged
thres-15-beta	----------------------------------------------------------------------------------------------
thres-15-beta	Beta Line: beta 0.808902 0.150685 0.040413
thres-15-main	Commandline: ./INSIGHT-EM/bin/INSIGHT-EM-v1.2-beta -v -i 1000000 -p emOutput/PSD2_downregulated_GENE_cis_elements_distal.post.sites emOutput/PSD2_downregulated_GENE_cis_elements_distal.emInput.ins.f15
thres-15-main	----------------------------------------------------------------------------------------------
thres-15-main	       INSIGHT-EM v1.2-beta, May 2014 
thres-15-main	----------------------------------------------------------------------------------------------
thres-15-main	==> Processing site data file 'emOutput/PSD2_downregulated_GENE_cis_elements_distal.emInput.ins.f15' and extracting neutral model parameters
thres-15-main	==> Data file consists of 2728 sites in 17 genomic blocks.
thres-15-main	==> Performing EM on selection parameters
thres-15-main	    - EM stops after 1000000 iterations or when log-likelihood increase is below 1e-06
thres-15-main	    - '.' = 100 iterations
thres-15-main	    - estimating the following parameters: rho (init = 0.600000) eta (init = 1.000000) gamma (init = 0.500000).
thres-15-main	    - using complete version of the model integrating over assignments to the ancestral states Zi.
thres-15-main	----------------------------------------------------------------------------------------------
thres-15-main	Progress: .......... ....
thres-15-main	Done. Running time  0m00s.
thres-15-main	----------------------------------------------------------------------------------------------
thres-15-main	==> Posterior counts output to file emOutput/PSD2_downregulated_GENE_cis_elements_distal.post.sites.
thres-15-main	----------------------------------------------------------------------------------------------
thres-15-main	             rho      eta    gamma       Dp       Pw    alpha      tau
thres-15-main	Estimates: 0.423911 0.000000 0.000000 0.000000 0.000000 0.000000 0.000000
thres-15-main	StndrdErr: 0.213458 0.784041 0.684991 1.036183 0.866718 0.576931 0.504045
thres-15-main	Posterior: 0.423901 -------- -------- 0.000000 0.000000 0.000000 0.000000
thres-15-main	----------------------------------------------------------------------------------------------
thres-15-main	             iter     lnLd       diff       status
thres-15-main	EM status:    1439    -106.52 9.96265e-07  converged
thres-15-main	----------------------------------------------------------------------------------------------
thres-15-rho0	Commandline: ./INSIGHT-EM/bin/INSIGHT-EM-v1.2-beta -v -i 1000000 -fr -r 0.0 emOutput/PSD2_downregulated_GENE_cis_elements_distal.emInput.ins.f15
thres-15-rho0	----------------------------------------------------------------------------------------------
thres-15-rho0	       INSIGHT-EM v1.2-beta, May 2014 
thres-15-rho0	----------------------------------------------------------------------------------------------
thres-15-rho0	==> Processing site data file 'emOutput/PSD2_downregulated_GENE_cis_elements_distal.emInput.ins.f15' and extracting neutral model parameters
thres-15-rho0	==> Data file consists of 2728 sites in 17 genomic blocks.
thres-15-rho0	==> Performing EM on selection parameters
thres-15-rho0	    - EM stops after 1000000 iterations or when log-likelihood increase is below 1e-06
thres-15-rho0	    - '.' = 100 iterations
thres-15-rho0	    - fixing the following parameters: rho = 0.000000.
thres-15-rho0	    - estimating the following parameters: eta (init = 1.000000) gamma (init = 0.500000).
thres-15-rho0	    - using complete version of the model integrating over assignments to the ancestral states Zi.
thres-15-rho0	----------------------------------------------------------------------------------------------
thres-15-rho0	Progress: 
thres-15-rho0	Done. Running time  0m00s.
thres-15-rho0	----------------------------------------------------------------------------------------------
thres-15-rho0	             rho      eta    gamma       Dp       Pw    alpha      tau
thres-15-rho0	Estimates: 0.000000 0.000000 0.000000 0.000000 0.000000 0.000000 0.000000
thres-15-rho0	StndrdErr: 0.000000    -nan    -nan    -nan    -nan -1.000000 -1.000000
thres-15-rho0	----------------------------------------------------------------------------------------------
thres-15-rho0	             iter     lnLd       diff       status
thres-15-rho0	EM status:       2   -108.217       0  converged
thres-15-rho0	----------------------------------------------------------------------------------------------
thres-15-eta0	Commandline: ./INSIGHT-EM/bin/INSIGHT-EM-v1.2-beta -v -i 1000000 -fe -e 0.0 emOutput/PSD2_downregulated_GENE_cis_elements_distal.emInput.ins.f15
thres-15-eta0	----------------------------------------------------------------------------------------------
thres-15-eta0	       INSIGHT-EM v1.2-beta, May 2014 
thres-15-eta0	----------------------------------------------------------------------------------------------
thres-15-eta0	==> Processing site data file 'emOutput/PSD2_downregulated_GENE_cis_elements_distal.emInput.ins.f15' and extracting neutral model parameters
thres-15-eta0	==> Data file consists of 2728 sites in 17 genomic blocks.
thres-15-eta0	==> Performing EM on selection parameters
thres-15-eta0	    - EM stops after 1000000 iterations or when log-likelihood increase is below 1e-06
thres-15-eta0	    - '.' = 100 iterations
thres-15-eta0	    - fixing the following parameters: eta = 0.000000.
thres-15-eta0	    - estimating the following parameters: rho (init = 0.600000) gamma (init = 0.500000).
thres-15-eta0	    - using complete version of the model integrating over assignments to the ancestral states Zi.
thres-15-eta0	----------------------------------------------------------------------------------------------
thres-15-eta0	Progress: .......... ....
thres-15-eta0	Done. Running time  0m00s.
thres-15-eta0	----------------------------------------------------------------------------------------------
thres-15-eta0	             rho      eta    gamma       Dp       Pw    alpha      tau
thres-15-eta0	Estimates: 0.423910 0.000000 0.000000 0.000000 0.000000 0.000000 0.000000
thres-15-eta0	StndrdErr: 0.202680 0.000000 0.680022    -nan 0.860429 -1.000000 0.500387
thres-15-eta0	----------------------------------------------------------------------------------------------
thres-15-eta0	             iter     lnLd       diff       status
thres-15-eta0	EM status:    1434    -106.52 9.95625e-07  converged
thres-15-eta0	----------------------------------------------------------------------------------------------
thres-15-gam0	Commandline: ./INSIGHT-EM/bin/INSIGHT-EM-v1.2-beta -v -i 1000000 -fg -g 0.0 emOutput/PSD2_downregulated_GENE_cis_elements_distal.emInput.ins.f15
thres-15-gam0	----------------------------------------------------------------------------------------------
thres-15-gam0	       INSIGHT-EM v1.2-beta, May 2014 
thres-15-gam0	----------------------------------------------------------------------------------------------
thres-15-gam0	==> Processing site data file 'emOutput/PSD2_downregulated_GENE_cis_elements_distal.emInput.ins.f15' and extracting neutral model parameters
thres-15-gam0	==> Data file consists of 2728 sites in 17 genomic blocks.
thres-15-gam0	==> Performing EM on selection parameters
thres-15-gam0	    - EM stops after 1000000 iterations or when log-likelihood increase is below 1e-06
thres-15-gam0	    - '.' = 100 iterations
thres-15-gam0	    - fixing the following parameters: gamma = 0.000000.
thres-15-gam0	    - estimating the following parameters: rho (init = 0.600000) eta (init = 1.000000).
thres-15-gam0	    - using complete version of the model integrating over assignments to the ancestral states Zi.
thres-15-gam0	----------------------------------------------------------------------------------------------
thres-15-gam0	Progress: .......... ....
thres-15-gam0	Done. Running time  0m00s.
thres-15-gam0	----------------------------------------------------------------------------------------------
thres-15-gam0	             rho      eta    gamma       Dp       Pw    alpha      tau
thres-15-gam0	Estimates: 0.423912 0.000000 0.000000 0.000000 0.000000 0.000000 0.000000
thres-15-gam0	StndrdErr: 0.197088 0.778349 0.000000 1.028663    -nan 0.572744 -1.000000
thres-15-gam0	----------------------------------------------------------------------------------------------
thres-15-gam0	             iter     lnLd       diff       status
thres-15-gam0	EM status:    1425    -106.52 9.96776e-07  converged
thres-15-gam0	----------------------------------------------------------------------------------------------
