==================================================================
  Processing data set CNGB1_upregulated_GENE_cis_elements_distal
==================================================================
1.  filtering elements, time 0h0m0s
    sites in original bed file: 7950
               autosomal sites: 7950
               after filtering: 6344
2.  generating polymorphism summary for all sites, time 0h0m5s
3.  retrieving ancestral priors for all sites, time 0h0m5s
Sat May  9 10:31:25 EDT 2015
Sat May  9 10:31:25 EDT 2015
    prior probabilities for 'A'... .
Sat May  9 10:31:29 EDT 2015
    prior probabilities for 'C'... .
Sat May  9 10:31:35 EDT 2015
    prior probabilities for 'G'... .
Sat May  9 10:31:38 EDT 2015
    prior probabilities for 'T'... .
Sat May  9 10:31:42 EDT 2015
Sat May  9 10:31:42 EDT 2015
4.  combining polymorphism summary with ancestral priors, time 0h0m22s
5.  filtering sites with no variation or ancestral data, time 0h0m22s
    total number of sites:    6344
    sites with sequence data: 5523
6.  retrieving lambdas and thetas from appropriate genomic blocks, time 0h0m22s
    found 34 total blocks with lambda values.
    found 34 blocks with at least 100 sites with information on lamda.
    found 34 total blocks with theta values.
    found 34 blocks with at least 100 sites with information on theta.
    obtaining intersection bed file
    filtering sites that do not appear in blocks with sufficient information
    number of sites decreased from 5523 to 5523
    combining block information for theta and lambda with site information
7.  computing set of filtered neutral sites in blocks, time 0h0m23s
8.  flanking sites: retrieving polymorphic sites, time 0h0m26s
9. flanking sites: retrieving ancestral priors, time 0h0m26s
Sat May  9 10:31:46 EDT 2015
Sat May  9 10:31:46 EDT 2015
    prior probabilities for 'A'... .
Sat May  9 10:31:46 EDT 2015
    prior probabilities for 'C'... .
Sat May  9 10:31:46 EDT 2015
    prior probabilities for 'G'... .
Sat May  9 10:31:46 EDT 2015
    prior probabilities for 'T'... .
Sat May  9 10:31:46 EDT 2015
Sat May  9 10:31:46 EDT 2015
10. flanking sites: combining ancestral priors and observed alleles, time 0h0m26s
11. flanking sites: combining site and block info, time 0h0m26s
12. tarring intermediate site summaries, time 0h0m26s
tar: Removing leading `/' from member names
Done with 5523 sites after filtering, and 219 polymorphic flanking neutral sites. time 0h0m26s
