==================================================================
  Processing data set RFX4_downregulated_GENE_cis_elements_distal
==================================================================
1.  filtering elements, time 0h0m0s
    sites in original bed file: 9750
               autosomal sites: 9750
               after filtering: 8021
2.  generating polymorphism summary for all sites, time 0h0m3s
3.  retrieving ancestral priors for all sites, time 0h0m3s
Fri May  8 23:46:27 EDT 2015
Fri May  8 23:46:27 EDT 2015
    prior probabilities for 'A'... .
Fri May  8 23:46:30 EDT 2015
    prior probabilities for 'C'... .
Fri May  8 23:46:33 EDT 2015
    prior probabilities for 'G'... .
Fri May  8 23:46:36 EDT 2015
    prior probabilities for 'T'... .
Fri May  8 23:46:40 EDT 2015
Fri May  8 23:46:40 EDT 2015
4.  combining polymorphism summary with ancestral priors, time 0h0m17s
5.  filtering sites with no variation or ancestral data, time 0h0m17s
    total number of sites:    8021
    sites with sequence data: 7032
6.  retrieving lambdas and thetas from appropriate genomic blocks, time 0h0m17s
    found 42 total blocks with lambda values.
    found 42 blocks with at least 100 sites with information on lamda.
    found 42 total blocks with theta values.
    found 42 blocks with at least 100 sites with information on theta.
    obtaining intersection bed file
    filtering sites that do not appear in blocks with sufficient information
    number of sites decreased from 7032 to 7032
    combining block information for theta and lambda with site information
7.  computing set of filtered neutral sites in blocks, time 0h0m19s
8.  flanking sites: retrieving polymorphic sites, time 0h0m21s
9. flanking sites: retrieving ancestral priors, time 0h0m21s
Fri May  8 23:46:44 EDT 2015
Fri May  8 23:46:44 EDT 2015
    prior probabilities for 'A'... .
Fri May  8 23:46:44 EDT 2015
    prior probabilities for 'C'... .
Fri May  8 23:46:44 EDT 2015
    prior probabilities for 'G'... .
Fri May  8 23:46:44 EDT 2015
    prior probabilities for 'T'... .
Fri May  8 23:46:44 EDT 2015
Fri May  8 23:46:44 EDT 2015
10. flanking sites: combining ancestral priors and observed alleles, time 0h0m21s
11. flanking sites: combining site and block info, time 0h0m21s
12. tarring intermediate site summaries, time 0h0m21s
tar: Removing leading `/' from member names
Done with 7032 sites after filtering, and 333 polymorphic flanking neutral sites. time 0h0m22s
