==================================================================
  Processing data set JAKMIP3_upregulated_GENE_cis_elements_distal
==================================================================
1.  filtering elements, time 0h0m0s
    sites in original bed file: 23530
               autosomal sites: 23530
               after filtering: 20197
2.  generating polymorphism summary for all sites, time 0h0m2s
3.  retrieving ancestral priors for all sites, time 0h0m2s
Sat May  9 10:39:29 EDT 2015
Sat May  9 10:39:29 EDT 2015
    prior probabilities for 'A'... .
Sat May  9 10:39:35 EDT 2015
    prior probabilities for 'C'... .
Sat May  9 10:39:41 EDT 2015
    prior probabilities for 'G'... .
Sat May  9 10:39:49 EDT 2015
    prior probabilities for 'T'... .
Sat May  9 10:39:55 EDT 2015
Sat May  9 10:39:55 EDT 2015
4.  combining polymorphism summary with ancestral priors, time 0h0m28s
5.  filtering sites with no variation or ancestral data, time 0h0m28s
    total number of sites:    20197
    sites with sequence data: 14602
6.  retrieving lambdas and thetas from appropriate genomic blocks, time 0h0m28s
    found 75 total blocks with lambda values.
    found 75 blocks with at least 100 sites with information on lamda.
    found 75 total blocks with theta values.
    found 75 blocks with at least 100 sites with information on theta.
    obtaining intersection bed file
    filtering sites that do not appear in blocks with sufficient information
    number of sites decreased from 14602 to 14602
    combining block information for theta and lambda with site information
7.  computing set of filtered neutral sites in blocks, time 0h0m30s
8.  flanking sites: retrieving polymorphic sites, time 0h0m32s
9. flanking sites: retrieving ancestral priors, time 0h0m33s
Sat May  9 10:40:00 EDT 2015
Sat May  9 10:40:00 EDT 2015
    prior probabilities for 'A'... .
Sat May  9 10:40:00 EDT 2015
    prior probabilities for 'C'... .
Sat May  9 10:40:01 EDT 2015
    prior probabilities for 'G'... .
Sat May  9 10:40:01 EDT 2015
    prior probabilities for 'T'... .
Sat May  9 10:40:01 EDT 2015
Sat May  9 10:40:01 EDT 2015
10. flanking sites: combining ancestral priors and observed alleles, time 0h0m34s
11. flanking sites: combining site and block info, time 0h0m34s
12. tarring intermediate site summaries, time 0h0m34s
tar: Removing leading `/' from member names
Done with 14602 sites after filtering, and 1155 polymorphic flanking neutral sites. time 0h0m34s
