==================================================================
  Processing data set OSTN_upregulated_GENE_cis_elements_distal
==================================================================
1.  filtering elements, time 0h0m0s
    sites in original bed file: 2100
               autosomal sites: 2100
               after filtering: 1543
2.  generating polymorphism summary for all sites, time 0h0m9s
3.  retrieving ancestral priors for all sites, time 0h0m9s
Sat May  9 10:55:41 EDT 2015
Sat May  9 10:55:41 EDT 2015
    prior probabilities for 'A'... .
Sat May  9 10:55:41 EDT 2015
    prior probabilities for 'C'... .
Sat May  9 10:55:41 EDT 2015
    prior probabilities for 'G'... .
Sat May  9 10:55:42 EDT 2015
    prior probabilities for 'T'... .
Sat May  9 10:55:42 EDT 2015
Sat May  9 10:55:42 EDT 2015
4.  combining polymorphism summary with ancestral priors, time 0h0m10s
5.  filtering sites with no variation or ancestral data, time 0h0m10s
    total number of sites:    1543
    sites with sequence data: 1351
6.  retrieving lambdas and thetas from appropriate genomic blocks, time 0h0m10s
    found 11 total blocks with lambda values.
    found 11 blocks with at least 100 sites with information on lamda.
    found 11 total blocks with theta values.
    found 11 blocks with at least 100 sites with information on theta.
    obtaining intersection bed file
    filtering sites that do not appear in blocks with sufficient information
    number of sites decreased from 1351 to 1351
    combining block information for theta and lambda with site information
7.  computing set of filtered neutral sites in blocks, time 0h0m11s
8.  flanking sites: retrieving polymorphic sites, time 0h0m16s
9. flanking sites: retrieving ancestral priors, time 0h0m17s
Sat May  9 10:55:49 EDT 2015
Sat May  9 10:55:49 EDT 2015
    prior probabilities for 'A'... .
Sat May  9 10:55:49 EDT 2015
    prior probabilities for 'C'... .
Sat May  9 10:55:49 EDT 2015
    prior probabilities for 'G'... .
Sat May  9 10:55:49 EDT 2015
    prior probabilities for 'T'... .
Sat May  9 10:55:49 EDT 2015
Sat May  9 10:55:49 EDT 2015
10. flanking sites: combining ancestral priors and observed alleles, time 0h0m17s
11. flanking sites: combining site and block info, time 0h0m17s
12. tarring intermediate site summaries, time 0h0m17s
tar: Removing leading `/' from member names
Done with 1351 sites after filtering, and 165 polymorphic flanking neutral sites. time 0h0m17s
