==================================================================
  Processing data set NPY_downregulated_GENE_cis_elements_distal
==================================================================
1.  filtering elements, time 0h0m0s
    sites in original bed file: 4650
               autosomal sites: 4650
               after filtering: 3657
2.  generating polymorphism summary for all sites, time 0h0m11s
3.  retrieving ancestral priors for all sites, time 0h0m12s
Fri May  8 23:36:11 EDT 2015
Fri May  8 23:36:11 EDT 2015
    prior probabilities for 'A'... .
Fri May  8 23:36:14 EDT 2015
    prior probabilities for 'C'... .
Fri May  8 23:36:18 EDT 2015
    prior probabilities for 'G'... .
Fri May  8 23:36:22 EDT 2015
    prior probabilities for 'T'... .
Fri May  8 23:36:25 EDT 2015
Fri May  8 23:36:25 EDT 2015
4.  combining polymorphism summary with ancestral priors, time 0h0m26s
5.  filtering sites with no variation or ancestral data, time 0h0m26s
    total number of sites:    3657
    sites with sequence data: 3421
6.  retrieving lambdas and thetas from appropriate genomic blocks, time 0h0m26s
    found 21 total blocks with lambda values.
    found 21 blocks with at least 100 sites with information on lamda.
    found 21 total blocks with theta values.
    found 21 blocks with at least 100 sites with information on theta.
    obtaining intersection bed file
    filtering sites that do not appear in blocks with sufficient information
    number of sites decreased from 3421 to 3421
    combining block information for theta and lambda with site information
7.  computing set of filtered neutral sites in blocks, time 0h0m28s
8.  flanking sites: retrieving polymorphic sites, time 0h0m34s
9. flanking sites: retrieving ancestral priors, time 0h0m35s
Fri May  8 23:36:34 EDT 2015
Fri May  8 23:36:34 EDT 2015
    prior probabilities for 'A'... .
Fri May  8 23:36:34 EDT 2015
    prior probabilities for 'C'... .
Fri May  8 23:36:34 EDT 2015
    prior probabilities for 'G'... .
Fri May  8 23:36:34 EDT 2015
    prior probabilities for 'T'... .
Fri May  8 23:36:34 EDT 2015
Fri May  8 23:36:34 EDT 2015
10. flanking sites: combining ancestral priors and observed alleles, time 0h0m35s
11. flanking sites: combining site and block info, time 0h0m35s
12. tarring intermediate site summaries, time 0h0m35s
tar: Removing leading `/' from member names
Done with 3421 sites after filtering, and 307 polymorphic flanking neutral sites. time 0h0m35s
