==================================================================
  Processing data set MAFA_GENE_cis_elements_distal
==================================================================
1.  filtering elements, time 0h0m0s
    sites in original bed file: 16950
               autosomal sites: 16950
               after filtering: 13958
2.  generating polymorphism summary for all sites, time 0h0m13s
3.  retrieving ancestral priors for all sites, time 0h0m13s
Fri May  8 17:00:35 EDT 2015
Fri May  8 17:00:35 EDT 2015
    prior probabilities for 'A'... .
Fri May  8 17:00:39 EDT 2015
    prior probabilities for 'C'... .
Fri May  8 17:00:42 EDT 2015
    prior probabilities for 'G'... .
Fri May  8 17:00:45 EDT 2015
    prior probabilities for 'T'... .
Fri May  8 17:00:49 EDT 2015
Fri May  8 17:00:49 EDT 2015
4.  combining polymorphism summary with ancestral priors, time 0h0m27s
5.  filtering sites with no variation or ancestral data, time 0h0m27s
    total number of sites:    13958
    sites with sequence data: 8949
6.  retrieving lambdas and thetas from appropriate genomic blocks, time 0h0m27s
    found 56 total blocks with lambda values.
    found 56 blocks with at least 100 sites with information on lamda.
    found 56 total blocks with theta values.
    found 56 blocks with at least 100 sites with information on theta.
    obtaining intersection bed file
    filtering sites that do not appear in blocks with sufficient information
    number of sites decreased from 8949 to 8949
    combining block information for theta and lambda with site information
7.  computing set of filtered neutral sites in blocks, time 0h0m29s
8.  flanking sites: retrieving polymorphic sites, time 0h0m36s
9. flanking sites: retrieving ancestral priors, time 0h0m37s
Fri May  8 17:00:59 EDT 2015
Fri May  8 17:00:59 EDT 2015
    prior probabilities for 'A'... .
Fri May  8 17:00:59 EDT 2015
    prior probabilities for 'C'... .
Fri May  8 17:00:59 EDT 2015
    prior probabilities for 'G'... .
Fri May  8 17:00:59 EDT 2015
    prior probabilities for 'T'... .
Fri May  8 17:00:59 EDT 2015
Fri May  8 17:00:59 EDT 2015
10. flanking sites: combining ancestral priors and observed alleles, time 0h0m37s
11. flanking sites: combining site and block info, time 0h0m37s
12. tarring intermediate site summaries, time 0h0m37s
tar: Removing leading `/' from member names
Done with 8949 sites after filtering, and 446 polymorphic flanking neutral sites. time 0h0m37s
